2026-06-29 02:55:54,732 [INFO] Loaded 7746 rows from source/USA_Tickers_ALL.csv
2026-06-29 02:55:54,732 [INFO] Columns found: ['Symbol', 'Description', 'Price', 'Price - Currency', 'Price change %, 1 day', 'Volume, 1 day', 'Relative volume, 1 day', 'Sector', 'Industry', 'High, 52 weeks', 'High, 52 weeks - Currency', 'Low, 52 weeks', 'Low, 52 weeks - Currency', 'Exchange', 'Free float %', 'Performance %, Year to date']
2026-06-29 02:55:55,124 [INFO] ============================================================
2026-06-29 02:55:55,125 [INFO] TICKER PRICE MASTER BUILD SUMMARY
2026-06-29 02:55:55,125 [INFO] ============================================================
2026-06-29 02:55:55,125 [INFO] Master rows written: 7745
2026-06-29 02:55:55,125 [INFO] Type count: {'Stock': 7745}
2026-06-29 02:55:55,125 [INFO] Duplicate skipped count: 0
2026-06-29 02:55:55,125 [INFO] Blank sector count: 2
2026-06-29 02:55:55,125 [INFO] Blank industry count: 2
2026-06-29 02:55:55,125 [INFO] Sample duplicates: []
2026-06-29 02:55:55,125 [INFO] Sample blank sector: ['PNSB', 'MTEST']
2026-06-29 02:55:55,125 [INFO] Sample blank industry: ['PNSB', 'MTEST']
2026-06-29 02:55:55,125 [INFO] Output: data/ticker_price_master.json
2026-06-29 02:55:55,125 [INFO] ============================================================
2026-06-29 04:51:22,322 [INFO] Loaded 7746 rows from source/USA_Tickers_ALL.csv
2026-06-29 04:51:22,322 [INFO] Columns found: ['Symbol', 'Description', 'Price', 'Price - Currency', 'Price change %, 1 day', 'Volume, 1 day', 'Relative volume, 1 day', 'Sector', 'Industry', 'High, 52 weeks', 'High, 52 weeks - Currency', 'Low, 52 weeks', 'Low, 52 weeks - Currency', 'Exchange', 'Free float %', 'Performance %, Year to date']
2026-06-29 04:51:22,573 [INFO] ============================================================
2026-06-29 04:51:22,573 [INFO] TICKER PRICE MASTER BUILD SUMMARY
2026-06-29 04:51:22,573 [INFO] ============================================================
2026-06-29 04:51:22,573 [INFO] Master rows written: 7745
2026-06-29 04:51:22,573 [INFO] Type count: {'Stock': 7745}
2026-06-29 04:51:22,573 [INFO] Duplicate skipped count: 0
2026-06-29 04:51:22,573 [INFO] Blank sector count: 2
2026-06-29 04:51:22,573 [INFO] Blank industry count: 2
2026-06-29 04:51:22,573 [INFO] Sample duplicates: []
2026-06-29 04:51:22,573 [INFO] Sample blank sector: ['PNSB', 'MTEST']
2026-06-29 04:51:22,573 [INFO] Sample blank industry: ['PNSB', 'MTEST']
2026-06-29 04:51:22,573 [INFO] Output: data/ticker_price_master.json
2026-06-29 04:51:22,573 [INFO] ============================================================
2026-06-29 06:21:25,083 [INFO] Loaded 7746 rows from source/USA_Tickers_ALL.csv
2026-06-29 06:21:25,083 [INFO] Columns found: ['Symbol', 'Description', 'Price', 'Price - Currency', 'Price change %, 1 day', 'Volume, 1 day', 'Relative volume, 1 day', 'Sector', 'Industry', 'High, 52 weeks', 'High, 52 weeks - Currency', 'Low, 52 weeks', 'Low, 52 weeks - Currency', 'Exchange', 'Free float %', 'Performance %, Year to date']
2026-06-29 06:21:25,481 [INFO] ============================================================
2026-06-29 06:21:25,481 [INFO] TICKER PRICE MASTER BUILD SUMMARY
2026-06-29 06:21:25,481 [INFO] ============================================================
2026-06-29 06:21:25,481 [INFO] Master rows written: 7745
2026-06-29 06:21:25,481 [INFO] Type count: {'Stock': 7745}
2026-06-29 06:21:25,481 [INFO] Duplicate skipped count: 0
2026-06-29 06:21:25,481 [INFO] Blank sector count: 2
2026-06-29 06:21:25,481 [INFO] Blank industry count: 2
2026-06-29 06:21:25,482 [INFO] Sample duplicates: []
2026-06-29 06:21:25,482 [INFO] Sample blank sector: ['PNSB', 'MTEST']
2026-06-29 06:21:25,482 [INFO] Sample blank industry: ['PNSB', 'MTEST']
2026-06-29 06:21:25,482 [INFO] Output: data/ticker_price_master.json
2026-06-29 06:21:25,482 [INFO] ============================================================
2026-06-29 06:49:27,473 [INFO] Loaded 7746 rows from source/USA_Tickers_ALL.csv
2026-06-29 06:49:27,473 [INFO] Columns found: ['Symbol', 'Description', 'Price', 'Price - Currency', 'Price change %, 1 day', 'Volume, 1 day', 'Relative volume, 1 day', 'Sector', 'Industry', 'High, 52 weeks', 'High, 52 weeks - Currency', 'Low, 52 weeks', 'Low, 52 weeks - Currency', 'Exchange', 'Free float %', 'Performance %, Year to date']
2026-06-29 06:49:27,832 [INFO] ============================================================
2026-06-29 06:49:27,832 [INFO] TICKER PRICE MASTER BUILD SUMMARY
2026-06-29 06:49:27,832 [INFO] ============================================================
2026-06-29 06:49:27,832 [INFO] Master rows written: 7745
2026-06-29 06:49:27,832 [INFO] Type count: {'Stock': 7745}
2026-06-29 06:49:27,832 [INFO] Duplicate skipped count: 0
2026-06-29 06:49:27,832 [INFO] Blank sector count: 2
2026-06-29 06:49:27,832 [INFO] Blank industry count: 2
2026-06-29 06:49:27,833 [INFO] Sample duplicates: []
2026-06-29 06:49:27,833 [INFO] Sample blank sector: ['PNSB', 'MTEST']
2026-06-29 06:49:27,833 [INFO] Sample blank industry: ['PNSB', 'MTEST']
2026-06-29 06:49:27,833 [INFO] Output: data/ticker_price_master.json
2026-06-29 06:49:27,833 [INFO] ============================================================
2026-06-29 18:17:27,794 [INFO] Loaded 7746 rows from source/USA_Tickers_ALL.csv
2026-06-29 18:17:27,794 [INFO] Columns found: ['Symbol', 'Description', 'Price', 'Price - Currency', 'Price change %, 1 day', 'Volume, 1 day', 'Relative volume, 1 day', 'Sector', 'Industry', 'High, 52 weeks', 'High, 52 weeks - Currency', 'Low, 52 weeks', 'Low, 52 weeks - Currency', 'Exchange', 'Free float %', 'Performance %, Year to date']
2026-06-29 18:17:28,050 [INFO] ============================================================
2026-06-29 18:17:28,050 [INFO] TICKER PRICE MASTER BUILD SUMMARY
2026-06-29 18:17:28,050 [INFO] ============================================================
2026-06-29 18:17:28,050 [INFO] Master rows written: 7745
2026-06-29 18:17:28,050 [INFO] Type count: {'Stock': 7745}
2026-06-29 18:17:28,050 [INFO] Duplicate skipped count: 0
2026-06-29 18:17:28,050 [INFO] Blank sector count: 2
2026-06-29 18:17:28,050 [INFO] Blank industry count: 2
2026-06-29 18:17:28,050 [INFO] Sample duplicates: []
2026-06-29 18:17:28,050 [INFO] Sample blank sector: ['PNSB', 'MTEST']
2026-06-29 18:17:28,050 [INFO] Sample blank industry: ['PNSB', 'MTEST']
2026-06-29 18:17:28,050 [INFO] Output: data/ticker_price_master.json
2026-06-29 18:17:28,050 [INFO] ============================================================
2026-06-29 22:10:04,847 [INFO] Loaded 7746 rows from source/USA_Tickers_ALL.csv
2026-06-29 22:10:04,847 [INFO] Columns found: ['Symbol', 'Description', 'Price', 'Price - Currency', 'Price change %, 1 day', 'Volume, 1 day', 'Relative volume, 1 day', 'Sector', 'Industry', 'High, 52 weeks', 'High, 52 weeks - Currency', 'Low, 52 weeks', 'Low, 52 weeks - Currency', 'Exchange', 'Free float %', 'Performance %, Year to date']
2026-06-29 22:10:05,221 [INFO] ============================================================
2026-06-29 22:10:05,221 [INFO] TICKER PRICE MASTER BUILD SUMMARY
2026-06-29 22:10:05,221 [INFO] ============================================================
2026-06-29 22:10:05,221 [INFO] Master rows written: 7745
2026-06-29 22:10:05,222 [INFO] Type count: {'Stock': 7745}
2026-06-29 22:10:05,222 [INFO] Duplicate skipped count: 0
2026-06-29 22:10:05,222 [INFO] Blank sector count: 2
2026-06-29 22:10:05,222 [INFO] Blank industry count: 2
2026-06-29 22:10:05,222 [INFO] Sample duplicates: []
2026-06-29 22:10:05,222 [INFO] Sample blank sector: ['PNSB', 'MTEST']
2026-06-29 22:10:05,222 [INFO] Sample blank industry: ['PNSB', 'MTEST']
2026-06-29 22:10:05,222 [INFO] Output: data/ticker_price_master.json
2026-06-29 22:10:05,222 [INFO] ============================================================
2026-06-30 22:15:26,381 [INFO] Loaded 7746 rows from source/USA_Tickers_ALL.csv
2026-06-30 22:15:26,381 [INFO] Columns found: ['Symbol', 'Description', 'Price', 'Price - Currency', 'Price change %, 1 day', 'Volume, 1 day', 'Relative volume, 1 day', 'Sector', 'Industry', 'High, 52 weeks', 'High, 52 weeks - Currency', 'Low, 52 weeks', 'Low, 52 weeks - Currency', 'Exchange', 'Free float %', 'Performance %, Year to date']
2026-06-30 22:15:26,803 [INFO] ============================================================
2026-06-30 22:15:26,803 [INFO] TICKER PRICE MASTER BUILD SUMMARY
2026-06-30 22:15:26,803 [INFO] ============================================================
2026-06-30 22:15:26,803 [INFO] Master rows written: 7745
2026-06-30 22:15:26,803 [INFO] Type count: {'Stock': 7745}
2026-06-30 22:15:26,803 [INFO] Duplicate skipped count: 0
2026-06-30 22:15:26,803 [INFO] Blank sector count: 2
2026-06-30 22:15:26,803 [INFO] Blank industry count: 2
2026-06-30 22:15:26,803 [INFO] Sample duplicates: []
2026-06-30 22:15:26,803 [INFO] Sample blank sector: ['PNSB', 'MTEST']
2026-06-30 22:15:26,803 [INFO] Sample blank industry: ['PNSB', 'MTEST']
2026-06-30 22:15:26,804 [INFO] Output: data/ticker_price_master.json
2026-06-30 22:15:26,804 [INFO] ============================================================
2026-07-01 22:25:08,027 [INFO] Loaded 7746 rows from source/USA_Tickers_ALL.csv
2026-07-01 22:25:08,027 [INFO] Columns found: ['Symbol', 'Description', 'Price', 'Price - Currency', 'Price change %, 1 day', 'Volume, 1 day', 'Relative volume, 1 day', 'Sector', 'Industry', 'High, 52 weeks', 'High, 52 weeks - Currency', 'Low, 52 weeks', 'Low, 52 weeks - Currency', 'Exchange', 'Free float %', 'Performance %, Year to date']
2026-07-01 22:25:08,412 [INFO] ============================================================
2026-07-01 22:25:08,412 [INFO] TICKER PRICE MASTER BUILD SUMMARY
2026-07-01 22:25:08,413 [INFO] ============================================================
2026-07-01 22:25:08,413 [INFO] Master rows written: 7745
2026-07-01 22:25:08,413 [INFO] Type count: {'Stock': 7745}
2026-07-01 22:25:08,413 [INFO] Duplicate skipped count: 0
2026-07-01 22:25:08,413 [INFO] Blank sector count: 2
2026-07-01 22:25:08,413 [INFO] Blank industry count: 2
2026-07-01 22:25:08,413 [INFO] Sample duplicates: []
2026-07-01 22:25:08,413 [INFO] Sample blank sector: ['PNSB', 'MTEST']
2026-07-01 22:25:08,413 [INFO] Sample blank industry: ['PNSB', 'MTEST']
2026-07-01 22:25:08,413 [INFO] Output: data/ticker_price_master.json
2026-07-01 22:25:08,413 [INFO] ============================================================
2026-07-02 22:00:34,847 [INFO] Loaded 7746 rows from source/USA_Tickers_ALL.csv
2026-07-02 22:00:34,847 [INFO] Columns found: ['Symbol', 'Description', 'Price', 'Price - Currency', 'Price change %, 1 day', 'Volume, 1 day', 'Relative volume, 1 day', 'Sector', 'Industry', 'High, 52 weeks', 'High, 52 weeks - Currency', 'Low, 52 weeks', 'Low, 52 weeks - Currency', 'Exchange', 'Free float %', 'Performance %, Year to date']
2026-07-02 22:00:35,225 [INFO] ============================================================
2026-07-02 22:00:35,225 [INFO] TICKER PRICE MASTER BUILD SUMMARY
2026-07-02 22:00:35,225 [INFO] ============================================================
2026-07-02 22:00:35,225 [INFO] Master rows written: 7745
2026-07-02 22:00:35,225 [INFO] Type count: {'Stock': 7745}
2026-07-02 22:00:35,225 [INFO] Duplicate skipped count: 0
2026-07-02 22:00:35,225 [INFO] Blank sector count: 2
2026-07-02 22:00:35,226 [INFO] Blank industry count: 2
2026-07-02 22:00:35,226 [INFO] Sample duplicates: []
2026-07-02 22:00:35,226 [INFO] Sample blank sector: ['PNSB', 'MTEST']
2026-07-02 22:00:35,226 [INFO] Sample blank industry: ['PNSB', 'MTEST']
2026-07-02 22:00:35,226 [INFO] Output: data/ticker_price_master.json
2026-07-02 22:00:35,226 [INFO] ============================================================
2026-07-06 22:14:20,989 [INFO] Loaded 7746 rows from source/USA_Tickers_ALL.csv
2026-07-06 22:14:20,989 [INFO] Columns found: ['Symbol', 'Description', 'Price', 'Price - Currency', 'Price change %, 1 day', 'Volume, 1 day', 'Relative volume, 1 day', 'Sector', 'Industry', 'High, 52 weeks', 'High, 52 weeks - Currency', 'Low, 52 weeks', 'Low, 52 weeks - Currency', 'Exchange', 'Free float %', 'Performance %, Year to date']
2026-07-06 22:14:21,355 [INFO] ============================================================
2026-07-06 22:14:21,355 [INFO] TICKER PRICE MASTER BUILD SUMMARY
2026-07-06 22:14:21,355 [INFO] ============================================================
2026-07-06 22:14:21,355 [INFO] Master rows written: 7745
2026-07-06 22:14:21,355 [INFO] Type count: {'Stock': 7745}
2026-07-06 22:14:21,355 [INFO] Duplicate skipped count: 0
2026-07-06 22:14:21,356 [INFO] Blank sector count: 2
2026-07-06 22:14:21,356 [INFO] Blank industry count: 2
2026-07-06 22:14:21,356 [INFO] Sample duplicates: []
2026-07-06 22:14:21,356 [INFO] Sample blank sector: ['PNSB', 'MTEST']
2026-07-06 22:14:21,356 [INFO] Sample blank industry: ['PNSB', 'MTEST']
2026-07-06 22:14:21,356 [INFO] Output: data/ticker_price_master.json
2026-07-06 22:14:21,356 [INFO] ============================================================
2026-07-07 22:10:08,033 [INFO] Loaded 7746 rows from source/USA_Tickers_ALL.csv
2026-07-07 22:10:08,033 [INFO] Columns found: ['Symbol', 'Description', 'Price', 'Price - Currency', 'Price change %, 1 day', 'Volume, 1 day', 'Relative volume, 1 day', 'Sector', 'Industry', 'High, 52 weeks', 'High, 52 weeks - Currency', 'Low, 52 weeks', 'Low, 52 weeks - Currency', 'Exchange', 'Free float %', 'Performance %, Year to date']
2026-07-07 22:10:08,412 [INFO] ============================================================
2026-07-07 22:10:08,412 [INFO] TICKER PRICE MASTER BUILD SUMMARY
2026-07-07 22:10:08,412 [INFO] ============================================================
2026-07-07 22:10:08,412 [INFO] Master rows written: 7745
2026-07-07 22:10:08,412 [INFO] Type count: {'Stock': 7745}
2026-07-07 22:10:08,413 [INFO] Duplicate skipped count: 0
2026-07-07 22:10:08,413 [INFO] Blank sector count: 2
2026-07-07 22:10:08,413 [INFO] Blank industry count: 2
2026-07-07 22:10:08,413 [INFO] Sample duplicates: []
2026-07-07 22:10:08,413 [INFO] Sample blank sector: ['PNSB', 'MTEST']
2026-07-07 22:10:08,413 [INFO] Sample blank industry: ['PNSB', 'MTEST']
2026-07-07 22:10:08,413 [INFO] Output: data/ticker_price_master.json
2026-07-07 22:10:08,413 [INFO] ============================================================
2026-07-08 21:57:49,782 [INFO] Loaded 7746 rows from source/USA_Tickers_ALL.csv
2026-07-08 21:57:49,782 [INFO] Columns found: ['Symbol', 'Description', 'Price', 'Price - Currency', 'Price change %, 1 day', 'Volume, 1 day', 'Relative volume, 1 day', 'Sector', 'Industry', 'High, 52 weeks', 'High, 52 weeks - Currency', 'Low, 52 weeks', 'Low, 52 weeks - Currency', 'Exchange', 'Free float %', 'Performance %, Year to date']
2026-07-08 21:57:50,149 [INFO] ============================================================
2026-07-08 21:57:50,149 [INFO] TICKER PRICE MASTER BUILD SUMMARY
2026-07-08 21:57:50,149 [INFO] ============================================================
2026-07-08 21:57:50,149 [INFO] Master rows written: 7745
2026-07-08 21:57:50,149 [INFO] Type count: {'Stock': 7745}
2026-07-08 21:57:50,149 [INFO] Duplicate skipped count: 0
2026-07-08 21:57:50,149 [INFO] Blank sector count: 2
2026-07-08 21:57:50,149 [INFO] Blank industry count: 2
2026-07-08 21:57:50,149 [INFO] Sample duplicates: []
2026-07-08 21:57:50,149 [INFO] Sample blank sector: ['PNSB', 'MTEST']
2026-07-08 21:57:50,150 [INFO] Sample blank industry: ['PNSB', 'MTEST']
2026-07-08 21:57:50,150 [INFO] Output: data/ticker_price_master.json
2026-07-08 21:57:50,150 [INFO] ============================================================
2026-07-09 22:19:37,650 [INFO] Loaded 7675 rows from source/USA_Tickers_ALL.csv
2026-07-09 22:19:37,650 [INFO] Columns found: ['Symbol', 'Description', 'Price', 'Price - Currency', 'Price change %, 1 day', 'Volume, 1 day', 'Relative volume, 1 day', 'Sector', 'Industry', 'High, 52 weeks', 'High, 52 weeks - Currency', 'Low, 52 weeks', 'Low, 52 weeks - Currency', 'Exchange', 'Free float %', 'Performance %, Year to date']
2026-07-09 22:19:38,021 [INFO] ============================================================
2026-07-09 22:19:38,021 [INFO] TICKER PRICE MASTER BUILD SUMMARY
2026-07-09 22:19:38,021 [INFO] ============================================================
2026-07-09 22:19:38,021 [INFO] Master rows written: 7674
2026-07-09 22:19:38,022 [INFO] Type count: {'Stock': 7674}
2026-07-09 22:19:38,022 [INFO] Duplicate skipped count: 0
2026-07-09 22:19:38,022 [INFO] Blank sector count: 6
2026-07-09 22:19:38,022 [INFO] Blank industry count: 6
2026-07-09 22:19:38,022 [INFO] Sample duplicates: []
2026-07-09 22:19:38,022 [INFO] Sample blank sector: ['MTEST', 'PNSB', 'MFNTS', 'MWKTS', 'MWMWS', 'AHVAS']
2026-07-09 22:19:38,022 [INFO] Sample blank industry: ['MTEST', 'PNSB', 'MFNTS', 'MWKTS', 'MWMWS', 'AHVAS']
2026-07-09 22:19:38,022 [INFO] Output: data/ticker_price_master.json
2026-07-09 22:19:38,022 [INFO] ============================================================
2026-07-10 21:55:31,680 [INFO] Loaded 7675 rows from source/USA_Tickers_ALL.csv
2026-07-10 21:55:31,680 [INFO] Columns found: ['Symbol', 'Description', 'Price', 'Price - Currency', 'Price change %, 1 day', 'Volume, 1 day', 'Relative volume, 1 day', 'Sector', 'Industry', 'High, 52 weeks', 'High, 52 weeks - Currency', 'Low, 52 weeks', 'Low, 52 weeks - Currency', 'Exchange', 'Free float %', 'Performance %, Year to date']
2026-07-10 21:55:32,048 [INFO] ============================================================
2026-07-10 21:55:32,048 [INFO] TICKER PRICE MASTER BUILD SUMMARY
2026-07-10 21:55:32,048 [INFO] ============================================================
2026-07-10 21:55:32,048 [INFO] Master rows written: 7674
2026-07-10 21:55:32,048 [INFO] Type count: {'Stock': 7674}
2026-07-10 21:55:32,048 [INFO] Duplicate skipped count: 0
2026-07-10 21:55:32,048 [INFO] Blank sector count: 6
2026-07-10 21:55:32,049 [INFO] Blank industry count: 6
2026-07-10 21:55:32,049 [INFO] Sample duplicates: []
2026-07-10 21:55:32,049 [INFO] Sample blank sector: ['MTEST', 'PNSB', 'MFNTS', 'MWKTS', 'MWMWS', 'AHVAS']
2026-07-10 21:55:32,049 [INFO] Sample blank industry: ['MTEST', 'PNSB', 'MFNTS', 'MWKTS', 'MWMWS', 'AHVAS']
2026-07-10 21:55:32,049 [INFO] Output: data/ticker_price_master.json
2026-07-10 21:55:32,049 [INFO] ============================================================
2026-07-13 21:44:41,263 [INFO] Loaded 7675 rows from source/USA_Tickers_ALL.csv
2026-07-13 21:44:41,263 [INFO] Columns found: ['Symbol', 'Description', 'Price', 'Price - Currency', 'Price change %, 1 day', 'Volume, 1 day', 'Relative volume, 1 day', 'Sector', 'Industry', 'High, 52 weeks', 'High, 52 weeks - Currency', 'Low, 52 weeks', 'Low, 52 weeks - Currency', 'Exchange', 'Free float %', 'Performance %, Year to date']
2026-07-13 21:44:41,625 [INFO] ============================================================
2026-07-13 21:44:41,625 [INFO] TICKER PRICE MASTER BUILD SUMMARY
2026-07-13 21:44:41,625 [INFO] ============================================================
2026-07-13 21:44:41,625 [INFO] Master rows written: 7674
2026-07-13 21:44:41,625 [INFO] Type count: {'Stock': 7674}
2026-07-13 21:44:41,625 [INFO] Duplicate skipped count: 0
2026-07-13 21:44:41,625 [INFO] Blank sector count: 6
2026-07-13 21:44:41,626 [INFO] Blank industry count: 6
2026-07-13 21:44:41,626 [INFO] Sample duplicates: []
2026-07-13 21:44:41,626 [INFO] Sample blank sector: ['MTEST', 'PNSB', 'MFNTS', 'MWKTS', 'MWMWS', 'AHVAS']
2026-07-13 21:44:41,626 [INFO] Sample blank industry: ['MTEST', 'PNSB', 'MFNTS', 'MWKTS', 'MWMWS', 'AHVAS']
2026-07-13 21:44:41,626 [INFO] Output: data/ticker_price_master.json
2026-07-13 21:44:41,626 [INFO] ============================================================
2026-07-14 21:49:53,312 [INFO] Loaded 7675 rows from source/USA_Tickers_ALL.csv
2026-07-14 21:49:53,312 [INFO] Columns found: ['Symbol', 'Description', 'Price', 'Price - Currency', 'Price change %, 1 day', 'Volume, 1 day', 'Relative volume, 1 day', 'Sector', 'Industry', 'High, 52 weeks', 'High, 52 weeks - Currency', 'Low, 52 weeks', 'Low, 52 weeks - Currency', 'Exchange', 'Free float %', 'Performance %, Year to date']
2026-07-14 21:49:53,591 [INFO] ============================================================
2026-07-14 21:49:53,591 [INFO] TICKER PRICE MASTER BUILD SUMMARY
2026-07-14 21:49:53,591 [INFO] ============================================================
2026-07-14 21:49:53,591 [INFO] Master rows written: 7674
2026-07-14 21:49:53,591 [INFO] Type count: {'Stock': 7674}
2026-07-14 21:49:53,591 [INFO] Duplicate skipped count: 0
2026-07-14 21:49:53,591 [INFO] Blank sector count: 6
2026-07-14 21:49:53,591 [INFO] Blank industry count: 6
2026-07-14 21:49:53,591 [INFO] Sample duplicates: []
2026-07-14 21:49:53,591 [INFO] Sample blank sector: ['MTEST', 'PNSB', 'MFNTS', 'MWKTS', 'MWMWS', 'AHVAS']
2026-07-14 21:49:53,591 [INFO] Sample blank industry: ['MTEST', 'PNSB', 'MFNTS', 'MWKTS', 'MWMWS', 'AHVAS']
2026-07-14 21:49:53,591 [INFO] Output: data/ticker_price_master.json
2026-07-14 21:49:53,591 [INFO] ============================================================
2026-07-15 21:56:16,578 [INFO] Loaded 7675 rows from source/USA_Tickers_ALL.csv
2026-07-15 21:56:16,578 [INFO] Columns found: ['Symbol', 'Description', 'Price', 'Price - Currency', 'Price change %, 1 day', 'Volume, 1 day', 'Relative volume, 1 day', 'Sector', 'Industry', 'High, 52 weeks', 'High, 52 weeks - Currency', 'Low, 52 weeks', 'Low, 52 weeks - Currency', 'Exchange', 'Free float %', 'Performance %, Year to date']
2026-07-15 21:56:16,723 [INFO] ============================================================
2026-07-15 21:56:16,723 [INFO] TICKER PRICE MASTER BUILD SUMMARY
2026-07-15 21:56:16,723 [INFO] ============================================================
2026-07-15 21:56:16,723 [INFO] Master rows written: 7674
2026-07-15 21:56:16,723 [INFO] Type count: {'Stock': 7674}
2026-07-15 21:56:16,723 [INFO] Duplicate skipped count: 0
2026-07-15 21:56:16,723 [INFO] Blank sector count: 6
2026-07-15 21:56:16,723 [INFO] Blank industry count: 6
2026-07-15 21:56:16,723 [INFO] Sample duplicates: []
2026-07-15 21:56:16,723 [INFO] Sample blank sector: ['MTEST', 'PNSB', 'MFNTS', 'MWKTS', 'MWMWS', 'AHVAS']
2026-07-15 21:56:16,723 [INFO] Sample blank industry: ['MTEST', 'PNSB', 'MFNTS', 'MWKTS', 'MWMWS', 'AHVAS']
2026-07-15 21:56:16,723 [INFO] Output: data/ticker_price_master.json
2026-07-15 21:56:16,723 [INFO] ============================================================
2026-07-16 21:56:05,114 [INFO] Loaded 7675 rows from source/USA_Tickers_ALL.csv
2026-07-16 21:56:05,114 [INFO] Columns found: ['Symbol', 'Description', 'Price', 'Price - Currency', 'Price change %, 1 day', 'Volume, 1 day', 'Relative volume, 1 day', 'Sector', 'Industry', 'High, 52 weeks', 'High, 52 weeks - Currency', 'Low, 52 weeks', 'Low, 52 weeks - Currency', 'Exchange', 'Free float %', 'Performance %, Year to date']
2026-07-16 21:56:05,305 [INFO] ============================================================
2026-07-16 21:56:05,305 [INFO] TICKER PRICE MASTER BUILD SUMMARY
2026-07-16 21:56:05,305 [INFO] ============================================================
2026-07-16 21:56:05,305 [INFO] Master rows written: 7674
2026-07-16 21:56:05,305 [INFO] Type count: {'Stock': 7674}
2026-07-16 21:56:05,305 [INFO] Duplicate skipped count: 0
2026-07-16 21:56:05,305 [INFO] Blank sector count: 6
2026-07-16 21:56:05,305 [INFO] Blank industry count: 6
2026-07-16 21:56:05,305 [INFO] Sample duplicates: []
2026-07-16 21:56:05,305 [INFO] Sample blank sector: ['MTEST', 'PNSB', 'MFNTS', 'MWKTS', 'MWMWS', 'AHVAS']
2026-07-16 21:56:05,305 [INFO] Sample blank industry: ['MTEST', 'PNSB', 'MFNTS', 'MWKTS', 'MWMWS', 'AHVAS']
2026-07-16 21:56:05,305 [INFO] Output: data/ticker_price_master.json
2026-07-16 21:56:05,306 [INFO] ============================================================
