
2026-06-13 04:14:00,114 - Starting RS calculation process
2026-06-13 04:14:00,115 - Missing RS debug log: logs/debug_rs/Missing_RS.log
2026-06-13 04:14:00,126 - Found 9919 symbols in tmp/arctic_db
2026-06-13 04:14:00,159 - Metadata file structure: list
2026-06-13 04:14:00,209 - Starting RS calculation for 9919 tickers
2026-06-13 04:16:32,390 - Latest market date (NYSE): 2026-06-12
2026-06-13 04:16:32,538 - NYSE trading days used: 20260608T, 20260609T, 20260610T, 20260611T, 20260612T
2026-06-13 04:16:32,539 - RSRATING.csv (NYSE) generated → RS_Data/RSRATING.csv
2026-06-13 04:16:32,539 - RS calculation completed. 9918 tickers processed, 9918 with valid RS.
2026-06-13 04:42:13,636 - Starting RS calculation process
2026-06-13 04:42:13,636 - Missing RS debug log: logs/debug_rs/Missing_RS.log
2026-06-13 04:42:13,647 - Found 9919 symbols in tmp/arctic_db
2026-06-13 04:42:13,682 - Metadata file structure: list
2026-06-13 04:42:13,731 - Starting RS calculation for 9919 tickers
2026-06-13 04:44:49,750 - Latest market date (NYSE): 2026-06-12
2026-06-13 04:44:49,900 - NYSE trading days used: 20260608T, 20260609T, 20260610T, 20260611T, 20260612T
2026-06-13 04:44:49,901 - RSRATING.csv (NYSE) generated → RS_Data/RSRATING.csv
2026-06-13 04:44:49,901 - RS calculation completed. 9918 tickers processed, 9918 with valid RS.
2026-06-13 12:50:28,331 - Starting RS calculation process
2026-06-13 12:50:28,332 - Missing RS debug log: logs/debug_rs/Missing_RS.log
2026-06-13 12:50:28,343 - Found 9946 symbols in tmp/arctic_db
2026-06-13 12:50:28,378 - Metadata file structure: list
2026-06-13 12:50:28,435 - Starting RS calculation for 9946 tickers
2026-06-13 12:53:07,820 - Latest market date (NYSE): 2026-06-12
2026-06-13 12:53:07,968 - NYSE trading days used: 20260608T, 20260609T, 20260610T, 20260611T, 20260612T
2026-06-13 12:53:07,969 - RSRATING.csv (NYSE) generated → RS_Data/RSRATING.csv
2026-06-13 12:53:07,969 - RS calculation completed. 9945 tickers processed, 9944 with valid RS.
2026-06-13 14:48:24,398 - Starting RS calculation process
2026-06-13 14:48:24,398 - Missing RS debug log: logs/debug_rs/Missing_RS.log
2026-06-13 14:48:24,409 - Found 9946 symbols in tmp/arctic_db
2026-06-13 14:48:24,445 - Metadata file structure: list
2026-06-13 14:48:24,507 - Starting RS calculation for 9946 tickers
2026-06-13 14:50:49,854 - Latest market date (NYSE): 2026-06-12
2026-06-13 14:50:49,994 - NYSE trading days used: 20260608T, 20260609T, 20260610T, 20260611T, 20260612T
2026-06-13 14:50:49,994 - RSRATING.csv (NYSE) generated → RS_Data/RSRATING.csv
2026-06-13 14:50:49,994 - RS calculation completed. 9945 tickers processed, 9944 with valid RS.
2026-06-13 17:20:05,005 - Starting RS calculation process
2026-06-13 17:20:05,006 - Missing RS debug log: logs/debug_rs/Missing_RS.log
2026-06-13 17:20:05,016 - Found 9946 symbols in tmp/arctic_db
2026-06-13 17:20:05,050 - Metadata file structure: list
2026-06-13 17:20:05,104 - Starting RS calculation for 9946 tickers
2026-06-13 17:22:38,610 - Latest market date (NYSE): 2026-06-12
2026-06-13 17:22:38,756 - NYSE trading days used: 20260608T, 20260609T, 20260610T, 20260611T, 20260612T
2026-06-13 17:22:38,757 - RSRATING.csv (NYSE) generated → RS_Data/RSRATING.csv
2026-06-13 17:22:38,757 - RS calculation completed. 9945 tickers processed, 9944 with valid RS.
2026-06-13 22:02:33,175 - Starting RS calculation process
2026-06-13 22:02:33,176 - Missing RS debug log: logs/debug_rs/Missing_RS.log
2026-06-13 22:02:33,186 - Found 9946 symbols in tmp/arctic_db
2026-06-13 22:02:33,221 - Metadata file structure: list
2026-06-13 22:02:33,276 - Starting RS calculation for 9946 tickers
2026-06-13 22:05:16,080 - Latest market date (NYSE): 2026-06-12
2026-06-13 22:05:16,228 - NYSE trading days used: 20260608T, 20260609T, 20260610T, 20260611T, 20260612T
2026-06-13 22:05:16,229 - RSRATING.csv (NYSE) generated → RS_Data/RSRATING.csv
2026-06-13 22:05:16,229 - RS calculation completed. 9945 tickers processed, 9944 with valid RS.
2026-06-13 23:54:44,200 - Starting RS calculation process
2026-06-13 23:54:44,201 - Missing RS debug log: logs/debug_rs/Missing_RS.log
2026-06-13 23:54:44,212 - Found 9946 symbols in tmp/arctic_db
2026-06-13 23:54:44,246 - Metadata file structure: list
2026-06-13 23:54:44,304 - Starting RS calculation for 9946 tickers
2026-06-13 23:57:02,785 - Latest market date (NYSE): 2026-06-12
2026-06-13 23:57:02,922 - NYSE trading days used: 20260608T, 20260609T, 20260610T, 20260611T, 20260612T
2026-06-13 23:57:02,923 - RSRATING.csv (NYSE) generated → RS_Data/RSRATING.csv
2026-06-13 23:57:02,923 - RS calculation completed. 9945 tickers processed, 9944 with valid RS.
2026-06-14 15:09:53,811 - Starting RS calculation process
2026-06-14 15:09:53,812 - Missing RS debug log: logs/debug_rs/Missing_RS.log
2026-06-14 15:09:53,823 - Found 9946 symbols in tmp/arctic_db
2026-06-14 15:09:53,858 - Metadata file structure: list
2026-06-14 15:09:53,921 - Starting RS calculation for 9946 tickers
2026-06-14 15:12:28,141 - Latest market date (NYSE): 2026-06-12
2026-06-14 15:12:28,282 - NYSE trading days used: 20260608T, 20260609T, 20260610T, 20260611T, 20260612T
2026-06-14 15:12:28,282 - RSRATING.csv (NYSE) generated → RS_Data/RSRATING.csv
2026-06-14 15:12:28,283 - RS calculation completed. 9945 tickers processed, 9944 with valid RS.
2026-06-15 22:59:31,065 - Starting RS calculation process
2026-06-15 22:59:31,066 - Missing RS debug log: logs/debug_rs/Missing_RS.log
2026-06-15 22:59:31,075 - Found 10146 symbols in tmp/arctic_db
2026-06-15 22:59:31,104 - Metadata file structure: list
2026-06-15 22:59:31,167 - Starting RS calculation for 10146 tickers
2026-06-15 23:01:40,137 - Latest market date (NYSE): 2026-06-15
2026-06-15 23:01:40,243 - NYSE trading days used: 20260609T, 20260610T, 20260611T, 20260612T, 20260615T
2026-06-15 23:01:40,244 - RSRATING.csv (NYSE) generated → RS_Data/RSRATING.csv
2026-06-15 23:01:40,244 - RS calculation completed. 10145 tickers processed, 10145 with valid RS.
2026-06-16 22:53:58,252 - Starting RS calculation process
2026-06-16 22:53:58,253 - Missing RS debug log: logs/debug_rs/Missing_RS.log
2026-06-16 22:53:58,262 - Found 10165 symbols in tmp/arctic_db
2026-06-16 22:53:58,289 - Metadata file structure: list
2026-06-16 22:53:58,334 - Starting RS calculation for 10165 tickers
2026-06-16 22:55:49,779 - Latest market date (NYSE): 2026-06-16
2026-06-16 22:55:49,885 - NYSE trading days used: 20260610T, 20260611T, 20260612T, 20260615T, 20260616T
2026-06-16 22:55:49,885 - RSRATING.csv (NYSE) generated → RS_Data/RSRATING.csv
2026-06-16 22:55:49,885 - RS calculation completed. 10164 tickers processed, 10164 with valid RS.
2026-06-17 22:45:22,559 - Starting RS calculation process
2026-06-17 22:45:22,559 - Missing RS debug log: logs/debug_rs/Missing_RS.log
2026-06-17 22:45:22,571 - Found 10161 symbols in tmp/arctic_db
2026-06-17 22:45:22,610 - Metadata file structure: list
2026-06-17 22:45:22,674 - Starting RS calculation for 10161 tickers
2026-06-17 22:48:15,938 - Latest market date (NYSE): 2026-06-17
2026-06-17 22:48:16,096 - NYSE trading days used: 20260611T, 20260612T, 20260615T, 20260616T, 20260617T
2026-06-17 22:48:16,097 - RSRATING.csv (NYSE) generated → RS_Data/RSRATING.csv
2026-06-17 22:48:16,097 - RS calculation completed. 10160 tickers processed, 10160 with valid RS.
2026-06-18 22:52:57,201 - Starting RS calculation process
2026-06-18 22:52:57,202 - Missing RS debug log: logs/debug_rs/Missing_RS.log
2026-06-18 22:52:57,213 - Found 10158 symbols in tmp/arctic_db
2026-06-18 22:52:57,247 - Metadata file structure: list
2026-06-18 22:52:57,299 - Starting RS calculation for 10158 tickers
2026-06-18 22:55:26,565 - Latest market date (NYSE): 2026-06-18
2026-06-18 22:55:26,703 - NYSE trading days used: 20260612T, 20260615T, 20260616T, 20260617T, 20260618T
2026-06-18 22:55:26,704 - RSRATING.csv (NYSE) generated → RS_Data/RSRATING.csv
2026-06-18 22:55:26,704 - RS calculation completed. 10157 tickers processed, 10157 with valid RS.
2026-06-22 22:49:02,672 - Starting RS calculation process
2026-06-22 22:49:02,673 - Missing RS debug log: logs/debug_rs/Missing_RS.log
2026-06-22 22:49:02,684 - Found 10165 symbols in tmp/arctic_db
2026-06-22 22:49:02,720 - Metadata file structure: list
2026-06-22 22:49:02,779 - Starting RS calculation for 10165 tickers
2026-06-22 22:51:56,110 - Latest market date (NYSE): 2026-06-22
2026-06-22 22:51:56,268 - NYSE trading days used: 20260615T, 20260616T, 20260617T, 20260618T, 20260622T
2026-06-22 22:51:56,268 - RSRATING.csv (NYSE) generated → RS_Data/RSRATING.csv
2026-06-22 22:51:56,269 - RS calculation completed. 10164 tickers processed, 10164 with valid RS.
2026-06-23 22:23:39,435 - Starting RS calculation process
2026-06-23 22:23:39,436 - Missing RS debug log: logs/debug_rs/Missing_RS.log
2026-06-23 22:23:39,447 - Found 9974 symbols in tmp/arctic_db
2026-06-23 22:23:39,482 - Metadata file structure: list
2026-06-23 22:23:39,535 - Starting RS calculation for 9974 tickers
2026-06-23 22:25:59,672 - Latest market date (NYSE): 2026-06-23
2026-06-23 22:25:59,808 - NYSE trading days used: 20260616T, 20260617T, 20260618T, 20260622T, 20260623T
2026-06-23 22:25:59,808 - RSRATING.csv (NYSE) generated → RS_Data/RSRATING.csv
2026-06-23 22:25:59,808 - RS calculation completed. 9973 tickers processed, 9973 with valid RS.
2026-06-24 22:21:58,668 - Starting RS calculation process
2026-06-24 22:21:58,669 - Missing RS debug log: logs/debug_rs/Missing_RS.log
2026-06-24 22:21:58,679 - Found 10169 symbols in tmp/arctic_db
2026-06-24 22:21:58,714 - Metadata file structure: list
2026-06-24 22:21:58,764 - Starting RS calculation for 10169 tickers
2026-06-24 22:24:34,602 - Latest market date (NYSE): 2026-06-24
2026-06-24 22:24:34,750 - NYSE trading days used: 20260617T, 20260618T, 20260622T, 20260623T, 20260624T
2026-06-24 22:24:34,750 - RSRATING.csv (NYSE) generated → RS_Data/RSRATING.csv
2026-06-24 22:24:34,750 - RS calculation completed. 10168 tickers processed, 10168 with valid RS.
2026-06-25 02:55:05,456 - Starting RS calculation process
2026-06-25 02:55:05,457 - Missing RS debug log: logs/debug_rs/Missing_RS.log
2026-06-25 02:55:05,468 - Found 10169 symbols in tmp/arctic_db
2026-06-25 02:55:05,503 - Metadata file structure: list
2026-06-25 02:55:05,556 - Starting RS calculation for 10169 tickers
2026-06-25 02:57:47,986 - Latest market date (NYSE): 2026-06-24
2026-06-25 02:57:48,141 - NYSE trading days used: 20260617T, 20260618T, 20260622T, 20260623T, 20260624T
2026-06-25 02:57:48,141 - RSRATING.csv (NYSE) generated → RS_Data/RSRATING.csv
2026-06-25 02:57:48,144 - RS calculation completed. 10168 tickers processed, 10168 with valid RS.
2026-06-25 22:30:34,702 - Starting RS calculation process
2026-06-25 22:30:34,703 - Missing RS debug log: logs/debug_rs/Missing_RS.log
2026-06-25 22:30:34,714 - Found 10177 symbols in tmp/arctic_db
2026-06-25 22:30:34,749 - Metadata file structure: list
2026-06-25 22:30:34,805 - Starting RS calculation for 10177 tickers
2026-06-25 22:33:03,355 - Latest market date (NYSE): 2026-06-25
2026-06-25 22:33:03,492 - NYSE trading days used: 20260618T, 20260622T, 20260623T, 20260624T, 20260625T
2026-06-25 22:33:03,493 - RSRATING.csv (NYSE) generated → RS_Data/RSRATING.csv
2026-06-25 22:33:03,495 - RS calculation completed. 10176 tickers processed, 10176 with valid RS.
2026-06-26 02:18:08,188 - Starting RS calculation process
2026-06-26 02:18:08,189 - Missing RS debug log: logs/debug_rs/Missing_RS.log
2026-06-26 02:18:08,199 - Found 10172 symbols in tmp/arctic_db
2026-06-26 02:18:08,290 - Metadata loaded: 10,190 tickers
2026-06-26 02:18:08,293 - Starting RS calculation for 10172 tickers
2026-06-26 02:20:39,625 - Latest market date (NYSE): 2026-06-25
2026-06-26 02:20:39,776 - NYSE trading days used: 20260618T, 20260622T, 20260623T, 20260624T, 20260625T
2026-06-26 02:20:39,777 - RSRATING.csv (NYSE) generated → RS_Data/RSRATING.csv
2026-06-26 02:20:39,779 - QUALITY total_processed: 10171
2026-06-26 02:20:39,779 - QUALITY valid_rs: 10171
2026-06-26 02:20:39,779 - QUALITY missing_rs: 0
2026-06-26 02:20:39,779 - QUALITY missing_1m_rs: 282
2026-06-26 02:20:39,779 - QUALITY missing_3m_rs: 623
2026-06-26 02:20:39,779 - QUALITY missing_6m_rs: 1051
2026-06-26 02:20:39,780 - QUALITY missing_atr: 140
2026-06-26 02:20:39,780 - QUALITY missing_adr: 140
2026-06-26 02:20:39,780 - QUALITY missing_sma50: 493
2026-06-26 02:20:39,780 - QUALITY missing_sma200: 1567
2026-06-26 02:20:39,780 - QUALITY short_history_lt_252: 1867
2026-06-26 02:20:39,780 - QUALITY exceptions: 0
2026-06-26 02:20:39,780 - RS calculation completed. 10171 tickers processed, 10171 with valid RS.
2026-06-26 22:14:54,215 - Starting RS calculation process
2026-06-26 22:14:54,216 - Missing RS debug log: logs/debug_rs/Missing_RS.log
2026-06-26 22:14:54,227 - Found 10020 symbols in tmp/arctic_db
2026-06-26 22:14:54,312 - Metadata loaded: 10,030 tickers
2026-06-26 22:14:54,314 - Starting RS calculation for 10020 tickers
2026-06-26 22:17:22,061 - Latest market date (NYSE): 2026-06-26
2026-06-26 22:17:22,210 - NYSE trading days used: 20260622T, 20260623T, 20260624T, 20260625T, 20260626T
2026-06-26 22:17:22,211 - RSRATING.csv (NYSE) generated → RS_Data/RSRATING.csv
2026-06-26 22:17:22,213 - QUALITY total_processed: 10019
2026-06-26 22:17:22,213 - QUALITY valid_rs: 10019
2026-06-26 22:17:22,213 - QUALITY missing_rs: 0
2026-06-26 22:17:22,213 - QUALITY missing_1m_rs: 287
2026-06-26 22:17:22,213 - QUALITY missing_3m_rs: 616
2026-06-26 22:17:22,213 - QUALITY missing_6m_rs: 1042
2026-06-26 22:17:22,213 - QUALITY missing_atr: 146
2026-06-26 22:17:22,213 - QUALITY missing_adr: 146
2026-06-26 22:17:22,213 - QUALITY missing_sma50: 488
2026-06-26 22:17:22,214 - QUALITY missing_sma200: 1555
2026-06-26 22:17:22,214 - QUALITY short_history_lt_252: 1835
2026-06-26 22:17:22,214 - QUALITY exceptions: 0
2026-06-26 22:17:22,214 - RS calculation completed. 10019 tickers processed, 10019 with valid RS.
2026-06-27 13:58:14,272 - Starting RS calculation process
2026-06-27 13:58:14,285 - Found 10024 symbols in tmp/arctic_db
2026-06-27 13:58:14,370 - Metadata loaded: 10,030 tickers
2026-06-27 14:00:45,125 - Latest market date (NYSE): 2026-06-26
2026-06-27 14:00:45,288 - RSRATING.csv generated → RS_Data/RSRATING.csv
2026-06-27 15:46:02,512 - Starting RS calculation process
2026-06-27 15:46:02,523 - Found 10013 symbols in tmp/arctic_db
2026-06-27 15:46:02,601 - Metadata loaded: 10,030 tickers
2026-06-27 15:48:35,495 - Latest market date (NYSE): 2026-06-25
2026-06-27 15:48:35,669 - RSRATING.csv generated → RS_Data/RSRATING.csv
2026-06-27 18:14:59,624 - Starting RS calculation process
2026-06-27 18:14:59,636 - Found 10017 symbols in tmp/arctic_db
2026-06-27 18:14:59,716 - Metadata loaded: 10,030 tickers
2026-06-27 18:20:27,474 - Latest market date (NYSE): 2026-06-26
2026-06-27 18:20:27,657 - RSRATING.csv generated → RS_Data/RSRATING.csv
2026-06-27 20:06:16,766 - Starting RS calculation process
2026-06-27 20:06:16,774 - Found 8054 symbols in tmp/arctic_db
2026-06-27 20:06:16,838 - Metadata loaded: 8,077 tickers
2026-06-27 20:10:39,518 - Latest market date (NYSE): 2026-06-26
2026-06-27 20:10:39,697 - RSRATING.csv generated → RS_Data/RSRATING.csv
2026-06-29 22:19:32,291 - Starting RS calculation process
2026-06-29 22:19:32,299 - Found 7395 symbols in tmp/arctic_db
2026-06-29 22:19:32,360 - Metadata loaded: 7,405 tickers
2026-06-29 22:23:18,017 - Latest market date (NYSE): 2026-06-29
2026-06-29 22:23:18,174 - RSRATING.csv generated → RS_Data/RSRATING.csv
2026-06-29 23:44:34,437 - Starting RS calculation process
2026-06-29 23:44:34,445 - Found 7395 symbols in tmp/arctic_db
2026-06-29 23:44:34,505 - Metadata loaded: 7,405 tickers
2026-06-29 23:48:43,919 - Latest market date (NYSE): 2026-06-29
2026-06-29 23:48:44,093 - RSRATING.csv generated → RS_Data/RSRATING.csv
2026-06-30 22:27:08,735 - Starting RS calculation process
2026-06-30 22:27:08,743 - Found 7405 symbols in tmp/arctic_db
2026-06-30 22:27:08,804 - Metadata loaded: 7,421 tickers
2026-06-30 22:30:59,136 - Latest market date (NYSE): 2026-06-30
2026-06-30 22:30:59,291 - RSRATING.csv generated → RS_Data/RSRATING.csv
2026-07-01 22:34:56,130 - Starting RS calculation process
2026-07-01 22:34:56,138 - Found 6809 symbols in tmp/arctic_db
2026-07-01 22:34:56,195 - Metadata loaded: 6,829 tickers
2026-07-01 22:38:49,424 - Latest market date (NYSE): 2026-07-01
2026-07-01 22:38:49,604 - RSRATING.csv generated → RS_Data/RSRATING.csv
2026-07-02 22:09:44,839 - Starting RS calculation process
2026-07-02 22:09:44,846 - Found 6398 symbols in tmp/arctic_db
2026-07-02 22:09:44,901 - Metadata loaded: 6,414 tickers
2026-07-02 22:13:19,012 - Latest market date (NYSE): 2026-07-02
2026-07-02 22:13:19,188 - RSRATING.csv generated → RS_Data/RSRATING.csv
2026-07-06 22:24:11,967 - Starting RS calculation process
2026-07-06 22:24:11,976 - Found 7158 symbols in tmp/arctic_db
2026-07-06 22:24:12,045 - Metadata loaded: 7,163 tickers
2026-07-06 22:27:50,637 - Latest market date (NYSE): 2026-07-06
2026-07-06 22:27:50,794 - RSRATING.csv generated → RS_Data/RSRATING.csv
2026-07-07 05:59:02,094 - Starting RS calculation process
2026-07-07 05:59:02,106 - Found 7160 symbols in tmp/arctic_db
2026-07-07 05:59:02,167 - Metadata loaded: 7,163 tickers
2026-07-07 06:02:53,898 - Latest market date (NYSE): 2026-07-06
2026-07-07 06:02:54,074 - RSRATING.csv generated → RS_Data/RSRATING.csv
2026-07-07 22:21:41,347 - Starting RS calculation process
2026-07-07 22:21:41,356 - Found 7405 symbols in tmp/arctic_db
2026-07-07 22:21:41,426 - Metadata loaded: 7,425 tickers
2026-07-07 22:25:58,137 - Latest market date (NYSE): 2026-07-07
2026-07-07 22:25:58,319 - RSRATING.csv generated → RS_Data/RSRATING.csv
2026-07-08 22:08:32,905 - Starting RS calculation process
2026-07-08 22:08:32,914 - Found 7405 symbols in tmp/arctic_db
2026-07-08 22:08:32,985 - Metadata loaded: 7,425 tickers
2026-07-08 22:12:42,583 - Latest market date (NYSE): 2026-07-08
2026-07-08 22:12:42,764 - RSRATING.csv generated → RS_Data/RSRATING.csv
2026-07-09 22:30:45,883 - Starting RS calculation process
2026-07-09 22:30:45,895 - Found 7436 symbols in tmp/arctic_db
2026-07-09 22:30:45,960 - Metadata loaded: 7,459 tickers
2026-07-09 22:34:24,462 - Latest market date (NYSE): 2026-07-09
2026-07-09 22:34:24,603 - RSRATING.csv generated → RS_Data/RSRATING.csv
2026-07-10 22:07:28,417 - Starting RS calculation process
2026-07-10 22:07:28,428 - Found 7269 symbols in tmp/arctic_db
2026-07-10 22:07:28,501 - Metadata loaded: 7,295 tickers
2026-07-10 22:11:25,579 - Latest market date (NYSE): 2026-07-10
2026-07-10 22:11:25,756 - RSRATING.csv generated → RS_Data/RSRATING.csv
2026-07-13 21:57:39,502 - Starting RS calculation process
2026-07-13 21:57:39,511 - Found 7430 symbols in tmp/arctic_db
2026-07-13 21:57:39,575 - Metadata loaded: 7,440 tickers
2026-07-13 22:02:00,914 - Latest market date (NYSE): 2026-07-13
2026-07-13 22:02:01,096 - RSRATING.csv generated → RS_Data/RSRATING.csv
