===== FETCH PRICE HISTORY RS LOG - COMBINED =====
Run Date: 2026-07-23 18:09:39 EDT
Total Partitions: 4

>>> Partition 0 Log

================================================================================
FINAL SUMMARY - Partition finished at 2026-07-23 21:59:23
Successful: 1856 | Skipped: 1 | Failed: 0
--- Skipped Tickers ---
AAUB: Too few valid rows: 1
================================================================================

=== END OF PARTITION 0 ===

>>> Partition 1 Log

================================================================================
FINAL SUMMARY - Partition finished at 2026-07-23 22:05:27
Successful: 1856 | Skipped: 1 | Failed: 0
--- Skipped Tickers ---
EQQQ: Too few valid rows: 1
================================================================================

=== END OF PARTITION 1 ===

>>> Partition 2 Log

================================================================================
FINAL SUMMARY - Partition finished at 2026-07-23 21:59:27
Successful: 1856 | Skipped: 1 | Failed: 0
--- Skipped Tickers ---
RAML: Too few valid rows: 1
================================================================================

=== END OF PARTITION 2 ===

>>> Partition 3 Log

================================================================================
FINAL SUMMARY - Partition finished at 2026-07-23 22:06:12
Successful: 1859 | Skipped: 0 | Failed: 0
================================================================================

=== END OF PARTITION 3 ===


✅ Combined 4 partition logs successfully
