
2026-06-13 03:01:17,734 [INFO] Starting ticker info merge process at 03:01 AM EDT on Saturday, June 13, 2026
2026-06-13 03:01:17,734 [INFO] Searching for ticker_info_part_*.json files in data
2026-06-13 03:01:17,734 [INFO] Found 6 part files to merge: ['ticker_info_part_0.json', 'ticker_info_part_1.json', 'ticker_info_part_2.json', 'ticker_info_part_3.json', 'ticker_info_part_4.json', 'ticker_info_part_5.json']
2026-06-13 03:01:17,737 [INFO] Loaded 2039 tickers from ticker_info_part_0.json
2026-06-13 03:01:17,739 [INFO] Loaded 2039 tickers from ticker_info_part_1.json
2026-06-13 03:01:17,742 [INFO] Loaded 2039 tickers from ticker_info_part_2.json
2026-06-13 03:01:17,745 [INFO] Loaded 2039 tickers from ticker_info_part_3.json
2026-06-13 03:01:17,749 [INFO] Loaded 2039 tickers from ticker_info_part_4.json
2026-06-13 03:01:17,752 [INFO] Loaded 2036 tickers from ticker_info_part_5.json
2026-06-13 03:01:17,829 [INFO] Merged data saved to data/ticker_info.json with 12231 entries
2026-06-13 03:01:17,831 [INFO] Ticker info merge completed. Elapsed time: 0.1s
2026-06-13 03:37:01,767 [INFO] Starting ticker info merge process at 03:37 AM EDT on Saturday, June 13, 2026
2026-06-13 03:37:01,767 [INFO] Searching for ticker_info_part_*.json files in data
2026-06-13 03:37:01,767 [INFO] Found 6 part files to merge: ['ticker_info_part_0.json', 'ticker_info_part_1.json', 'ticker_info_part_2.json', 'ticker_info_part_3.json', 'ticker_info_part_4.json', 'ticker_info_part_5.json']
2026-06-13 03:37:01,770 [INFO] Loaded 2039 tickers from ticker_info_part_0.json
2026-06-13 03:37:01,773 [INFO] Loaded 2039 tickers from ticker_info_part_1.json
2026-06-13 03:37:01,775 [INFO] Loaded 2039 tickers from ticker_info_part_2.json
2026-06-13 03:37:01,778 [INFO] Loaded 2039 tickers from ticker_info_part_3.json
2026-06-13 03:37:01,783 [INFO] Loaded 2039 tickers from ticker_info_part_4.json
2026-06-13 03:37:01,786 [INFO] Loaded 2036 tickers from ticker_info_part_5.json
2026-06-13 03:37:01,864 [INFO] Merged data saved to data/ticker_info.json with 12231 entries
2026-06-13 03:37:01,866 [INFO] Ticker info merge completed. Elapsed time: 0.1s
