
2026-06-13 04:04:51,990 [INFO] Starting price merge process at 04:04 AM EDT on Saturday, June 13, 2026
2026-06-13 04:04:51,991 [INFO] Searching for ticker_price_part_*.json files in data
2026-06-13 04:04:51,991 [INFO] Found 10 part files to merge: ['ticker_price_part_0.json', 'ticker_price_part_1.json', 'ticker_price_part_2.json', 'ticker_price_part_3.json', 'ticker_price_part_4.json', 'ticker_price_part_5.json', 'ticker_price_part_6.json', 'ticker_price_part_7.json', 'ticker_price_part_8.json', 'ticker_price_part_9.json']
2026-06-13 04:04:51,994 [INFO] Loaded 984 tickers from ticker_price_part_0.json
2026-06-13 04:04:51,999 [INFO] Loaded 989 tickers from ticker_price_part_1.json
2026-06-13 04:04:52,000 [WARNING] Invalid 52WKL for CMPR in ticker_price_part_1.json: 0
2026-06-13 04:04:52,000 [WARNING] Invalid 52WKL for CMPS in ticker_price_part_1.json: 0
2026-06-13 04:04:52,000 [WARNING] Invalid 52WKL for CMRE in ticker_price_part_1.json: 0
2026-06-13 04:04:52,000 [WARNING] Invalid 52WKL for CMS in ticker_price_part_1.json: 0
2026-06-13 04:04:52,001 [WARNING] Invalid 52WKL for CMSA in ticker_price_part_1.json: 0
2026-06-13 04:04:52,001 [WARNING] Invalid 52WKL for CMSC in ticker_price_part_1.json: 0
2026-06-13 04:04:52,001 [WARNING] Invalid 52WKL for CMSD in ticker_price_part_1.json: 0
2026-06-13 04:04:52,001 [WARNING] Invalid 52WKL for CMT in ticker_price_part_1.json: 0
2026-06-13 04:04:52,001 [WARNING] Invalid 52WKL for CMTV in ticker_price_part_1.json: 0
2026-06-13 04:04:52,001 [WARNING] Invalid 52WKL for CNA in ticker_price_part_1.json: 0
2026-06-13 04:04:52,001 [WARNING] Invalid 52WKL for CNAV in ticker_price_part_1.json: 0
2026-06-13 04:04:52,001 [WARNING] Invalid 52WKL for CNBS in ticker_price_part_1.json: 0
2026-06-13 04:04:52,001 [WARNING] Invalid 52WKL for CNC in ticker_price_part_1.json: 0
2026-06-13 04:04:52,001 [WARNING] Invalid 52WKL for CNCG in ticker_price_part_1.json: 0
2026-06-13 04:04:52,001 [WARNING] Invalid 52WKL for CNEQ in ticker_price_part_1.json: 0
2026-06-13 04:04:52,001 [WARNING] Invalid 52WKL for CNH in ticker_price_part_1.json: 0
2026-06-13 04:04:52,001 [WARNING] Invalid 52WKL for CNI in ticker_price_part_1.json: 0
2026-06-13 04:04:52,001 [WARNING] Invalid 52WKL for CNK in ticker_price_part_1.json: 0
2026-06-13 04:04:52,001 [WARNING] Invalid 52WKL for CNL in ticker_price_part_1.json: 0
2026-06-13 04:04:52,001 [WARNING] Invalid 52WKL for CNM in ticker_price_part_1.json: 0
2026-06-13 04:04:52,002 [WARNING] Invalid 52WKL for CNMD in ticker_price_part_1.json: 0
2026-06-13 04:04:52,002 [WARNING] Invalid 52WKL for CNNE in ticker_price_part_1.json: 0
2026-06-13 04:04:52,002 [WARNING] Invalid 52WKL for CNO in ticker_price_part_1.json: 0
2026-06-13 04:04:52,002 [WARNING] Invalid 52WKL for CNOB in ticker_price_part_1.json: 0
2026-06-13 04:04:52,002 [WARNING] Invalid 52WKL for CNOBP in ticker_price_part_1.json: 0
2026-06-13 04:04:52,002 [WARNING] Invalid 52WKL for CNP in ticker_price_part_1.json: 0
2026-06-13 04:04:52,002 [WARNING] Invalid 52WKL for CNQ in ticker_price_part_1.json: 0
2026-06-13 04:04:52,002 [WARNING] Invalid 52WKL for CNQQ in ticker_price_part_1.json: 0
2026-06-13 04:04:52,002 [WARNING] Invalid 52WKL for CNR in ticker_price_part_1.json: 0
2026-06-13 04:04:52,002 [WARNING] Invalid 52WKL for CNRG in ticker_price_part_1.json: 0
2026-06-13 04:04:52,002 [WARNING] Invalid 52WKL for CNS in ticker_price_part_1.json: 0
2026-06-13 04:04:52,002 [WARNING] Invalid 52WKL for CNTA in ticker_price_part_1.json: 0
2026-06-13 04:04:52,002 [WARNING] Invalid 52WKL for CNX in ticker_price_part_1.json: 0
2026-06-13 04:04:52,002 [WARNING] Invalid 52WKL for CNXC in ticker_price_part_1.json: 0
2026-06-13 04:04:52,002 [WARNING] Invalid 52WKL for CNXN in ticker_price_part_1.json: 0
2026-06-13 04:04:52,002 [WARNING] Invalid 52WKL for CNXT in ticker_price_part_1.json: 0
2026-06-13 04:04:52,002 [WARNING] Invalid 52WKL for CNXU in ticker_price_part_1.json: 0
2026-06-13 04:04:52,002 [WARNING] Invalid 52WKL for CNYA in ticker_price_part_1.json: 0
2026-06-13 04:04:52,003 [WARNING] Invalid 52WKL for COAG in ticker_price_part_1.json: 0
2026-06-13 04:04:52,003 [WARNING] Invalid 52WKL for COAL in ticker_price_part_1.json: 0
2026-06-13 04:04:52,003 [WARNING] Invalid 52WKL for COCO in ticker_price_part_1.json: 0
2026-06-13 04:04:52,003 [WARNING] Invalid 52WKL for CODA in ticker_price_part_1.json: 0
2026-06-13 04:04:52,003 [WARNING] Invalid 52WKL for CODI in ticker_price_part_1.json: 0
2026-06-13 04:04:52,003 [WARNING] Invalid 52WKL for COE in ticker_price_part_1.json: 0
2026-06-13 04:04:52,003 [WARNING] Invalid 52WKL for COF in ticker_price_part_1.json: 0
2026-06-13 04:04:52,003 [WARNING] Invalid 52WKL for COFS in ticker_price_part_1.json: 0
2026-06-13 04:04:52,003 [WARNING] Invalid 52WKL for COGT in ticker_price_part_1.json: 0
2026-06-13 04:04:52,003 [WARNING] Invalid 52WKL for COHH in ticker_price_part_1.json: 0
2026-06-13 04:04:52,003 [WARNING] Invalid 52WKL for COHN in ticker_price_part_1.json: 0
2026-06-13 04:04:52,003 [WARNING] Invalid 52WKL for COHR in ticker_price_part_1.json: 0
2026-06-13 04:04:52,003 [WARNING] Invalid 52WKL for COHU in ticker_price_part_1.json: 0
2026-06-13 04:04:52,003 [WARNING] Invalid 52WKL for COHX in ticker_price_part_1.json: 0
2026-06-13 04:04:52,003 [WARNING] Invalid 52WKL for COIA in ticker_price_part_1.json: 0
2026-06-13 04:04:52,003 [WARNING] Invalid 52WKL for COIG in ticker_price_part_1.json: 0
2026-06-13 04:04:52,003 [WARNING] Invalid 52WKL for COIN in ticker_price_part_1.json: 0
2026-06-13 04:04:52,003 [WARNING] Invalid 52WKL for COIO in ticker_price_part_1.json: 0
2026-06-13 04:04:52,003 [WARNING] Invalid 52WKL for COIW in ticker_price_part_1.json: 0
2026-06-13 04:04:52,003 [WARNING] Invalid 52WKL for COKE in ticker_price_part_1.json: 0
2026-06-13 04:04:52,003 [WARNING] Invalid 52WKL for COLA in ticker_price_part_1.json: 0
2026-06-13 04:04:52,003 [WARNING] Invalid 52WKL for COLAU in ticker_price_part_1.json: 0
2026-06-13 04:04:52,003 [WARNING] Invalid 52WKL for COLB in ticker_price_part_1.json: 0
2026-06-13 04:04:52,003 [WARNING] Invalid 52WKL for COLD in ticker_price_part_1.json: 0
2026-06-13 04:04:52,003 [WARNING] Invalid 52WKL for COLL in ticker_price_part_1.json: 0
2026-06-13 04:04:52,003 [WARNING] Invalid 52WKL for COLM in ticker_price_part_1.json: 0
2026-06-13 04:04:52,003 [WARNING] Invalid 52WKL for COLO in ticker_price_part_1.json: 0
2026-06-13 04:04:52,003 [WARNING] Invalid 52WKL for COM in ticker_price_part_1.json: 0
2026-06-13 04:04:52,003 [WARNING] Invalid 52WKL for COMB in ticker_price_part_1.json: 0
2026-06-13 04:04:52,004 [WARNING] Invalid 52WKL for COMD in ticker_price_part_1.json: 0
2026-06-13 04:04:52,004 [WARNING] Invalid 52WKL for COMP in ticker_price_part_1.json: 0
2026-06-13 04:04:52,004 [WARNING] Invalid 52WKL for COMT in ticker_price_part_1.json: 0
2026-06-13 04:04:52,004 [WARNING] Invalid 52WKL for CON in ticker_price_part_1.json: 0
2026-06-13 04:04:52,004 [WARNING] Invalid 52WKL for CONI in ticker_price_part_1.json: 0
2026-06-13 04:04:52,004 [WARNING] Invalid 52WKL for CONL in ticker_price_part_1.json: 0
2026-06-13 04:04:52,004 [WARNING] Invalid 52WKL for CONX in ticker_price_part_1.json: 0
2026-06-13 04:04:52,004 [WARNING] Invalid 52WKL for CONY in ticker_price_part_1.json: 0
2026-06-13 04:04:52,004 [WARNING] Invalid 52WKL for COO in ticker_price_part_1.json: 0
2026-06-13 04:04:52,004 [WARNING] Invalid 52WKL for COOK in ticker_price_part_1.json: 0
2026-06-13 04:04:52,004 [WARNING] Invalid 52WKL for COP in ticker_price_part_1.json: 0
2026-06-13 04:04:52,004 [WARNING] Invalid 52WKL for COPA in ticker_price_part_1.json: 0
2026-06-13 04:04:52,004 [WARNING] Invalid 52WKL for COPJ in ticker_price_part_1.json: 0
2026-06-13 04:04:52,004 [WARNING] Invalid 52WKL for COPL in ticker_price_part_1.json: 0
2026-06-13 04:04:52,004 [WARNING] Invalid 52WKL for COPP in ticker_price_part_1.json: 0
2026-06-13 04:04:52,004 [WARNING] Invalid 52WKL for COPX in ticker_price_part_1.json: 0
2026-06-13 04:04:52,004 [WARNING] Invalid 52WKL for COPY in ticker_price_part_1.json: 0
2026-06-13 04:04:52,004 [WARNING] Invalid 52WKL for COPZ in ticker_price_part_1.json: 0
2026-06-13 04:04:52,004 [WARNING] Invalid 52WKL for COR in ticker_price_part_1.json: 0
2026-06-13 04:04:52,004 [WARNING] Invalid 52WKL for CORB in ticker_price_part_1.json: 0
2026-06-13 04:04:52,004 [WARNING] Invalid 52WKL for CORD in ticker_price_part_1.json: 0
2026-06-13 04:04:52,004 [WARNING] Invalid 52WKL for CORN in ticker_price_part_1.json: 0
2026-06-13 04:04:52,004 [WARNING] Invalid 52WKL for CORO in ticker_price_part_1.json: 0
2026-06-13 04:04:52,004 [WARNING] Invalid 52WKL for CORP in ticker_price_part_1.json: 0
2026-06-13 04:04:52,004 [WARNING] Invalid 52WKL for CORT in ticker_price_part_1.json: 0
2026-06-13 04:04:52,004 [WARNING] Invalid 52WKL for CORZ in ticker_price_part_1.json: 0
2026-06-13 04:04:52,004 [WARNING] Invalid 52WKL for CORZW in ticker_price_part_1.json: 0
2026-06-13 04:04:52,004 [WARNING] Invalid 52WKL for CORZZ in ticker_price_part_1.json: 0
2026-06-13 04:04:52,004 [WARNING] Invalid 52WKL for COSO in ticker_price_part_1.json: 0
2026-06-13 04:04:52,004 [WARNING] Invalid 52WKL for COST in ticker_price_part_1.json: 0
2026-06-13 04:04:52,004 [WARNING] Invalid 52WKL for COSW in ticker_price_part_1.json: 0
2026-06-13 04:04:52,004 [WARNING] Invalid 52WKL for COTG in ticker_price_part_1.json: 0
2026-06-13 04:04:52,004 [WARNING] Invalid 52WKL for COUR in ticker_price_part_1.json: 0
2026-06-13 04:04:52,004 [WARNING] Invalid 52WKL for COWG in ticker_price_part_1.json: 0
2026-06-13 04:04:52,005 [WARNING] Invalid 52WKL for COWS in ticker_price_part_1.json: 0
2026-06-13 04:04:52,005 [WARNING] Invalid 52WKL for COWZ in ticker_price_part_1.json: 0
2026-06-13 04:04:52,005 [WARNING] Invalid 52WKL for COYY in ticker_price_part_1.json: 0
2026-06-13 04:04:52,005 [WARNING] Invalid 52WKL for COZX in ticker_price_part_1.json: 0
2026-06-13 04:04:52,005 [WARNING] Invalid 52WKL for CP in ticker_price_part_1.json: 0
2026-06-13 04:04:52,005 [WARNING] Invalid 52WKL for CPA in ticker_price_part_1.json: 0
2026-06-13 04:04:52,005 [WARNING] Invalid 52WKL for CPAC in ticker_price_part_1.json: 0
2026-06-13 04:04:52,005 [WARNING] Invalid 52WKL for CPAG in ticker_price_part_1.json: 0
2026-06-13 04:04:52,005 [WARNING] Invalid 52WKL for CPAI in ticker_price_part_1.json: 0
2026-06-13 04:04:52,005 [WARNING] Invalid 52WKL for CPAY in ticker_price_part_1.json: 0
2026-06-13 04:04:52,005 [WARNING] Invalid 52WKL for CPB in ticker_price_part_1.json: 0
2026-06-13 04:04:52,005 [WARNING] Invalid 52WKL for CPBI in ticker_price_part_1.json: 0
2026-06-13 04:04:52,005 [WARNING] Invalid 52WKL for CPER in ticker_price_part_1.json: 0
2026-06-13 04:04:52,005 [WARNING] Invalid 52WKL for CPF in ticker_price_part_1.json: 0
2026-06-13 04:04:52,005 [WARNING] Invalid 52WKL for CPHC in ticker_price_part_1.json: 0
2026-06-13 04:04:52,005 [WARNING] Invalid 52WKL for CPHY in ticker_price_part_1.json: 0
2026-06-13 04:04:52,005 [WARNING] Invalid 52WKL for CPII in ticker_price_part_1.json: 0
2026-06-13 04:04:52,005 [WARNING] Invalid 52WKL for CPIX in ticker_price_part_1.json: 0
2026-06-13 04:04:52,005 [WARNING] Invalid 52WKL for CPK in ticker_price_part_1.json: 0
2026-06-13 04:04:52,005 [WARNING] Invalid 52WKL for CPLB in ticker_price_part_1.json: 0
2026-06-13 04:04:52,005 [WARNING] Invalid 52WKL for CPLS in ticker_price_part_1.json: 0
2026-06-13 04:04:52,005 [WARNING] Invalid 52WKL for CPNG in ticker_price_part_1.json: 0
2026-06-13 04:04:52,005 [WARNING] Invalid 52WKL for CPNJ in ticker_price_part_1.json: 0
2026-06-13 04:04:52,005 [WARNING] Invalid 52WKL for CPNM in ticker_price_part_1.json: 0
2026-06-13 04:04:52,005 [WARNING] Invalid 52WKL for CPNQ in ticker_price_part_1.json: 0
2026-06-13 04:04:52,005 [WARNING] Invalid 52WKL for CPNS in ticker_price_part_1.json: 0
2026-06-13 04:04:52,005 [WARNING] Invalid 52WKL for CPNX in ticker_price_part_1.json: 0
2026-06-13 04:04:52,005 [WARNING] Invalid 52WKL for CPRA in ticker_price_part_1.json: 0
2026-06-13 04:04:52,006 [WARNING] Invalid 52WKL for CPRI in ticker_price_part_1.json: 0
2026-06-13 04:04:52,006 [WARNING] Invalid 52WKL for CPRJ in ticker_price_part_1.json: 0
2026-06-13 04:04:52,006 [WARNING] Invalid 52WKL for CPRO in ticker_price_part_1.json: 0
2026-06-13 04:04:52,006 [WARNING] Invalid 52WKL for CPRT in ticker_price_part_1.json: 0
2026-06-13 04:04:52,006 [WARNING] Invalid 52WKL for CPRX in ticker_price_part_1.json: 0
2026-06-13 04:04:52,006 [WARNING] Invalid 52WKL for CPRY in ticker_price_part_1.json: 0
2026-06-13 04:04:52,006 [WARNING] Invalid 52WKL for CPS in ticker_price_part_1.json: 0
2026-06-13 04:04:52,006 [WARNING] Invalid 52WKL for CPSA in ticker_price_part_1.json: 0
2026-06-13 04:04:52,006 [WARNING] Invalid 52WKL for CPSD in ticker_price_part_1.json: 0
2026-06-13 04:04:52,006 [WARNING] Invalid 52WKL for CPSF in ticker_price_part_1.json: 0
2026-06-13 04:04:52,006 [WARNING] Invalid 52WKL for CPSH in ticker_price_part_1.json: 0
2026-06-13 04:04:52,006 [WARNING] Invalid 52WKL for CPSJ in ticker_price_part_1.json: 0
2026-06-13 04:04:52,006 [WARNING] Invalid 52WKL for CPSL in ticker_price_part_1.json: 0
2026-06-13 04:04:52,006 [WARNING] Invalid 52WKL for CPSM in ticker_price_part_1.json: 0
2026-06-13 04:04:52,006 [WARNING] Invalid 52WKL for CPSN in ticker_price_part_1.json: 0
2026-06-13 04:04:52,006 [WARNING] Invalid 52WKL for CPSO in ticker_price_part_1.json: 0
2026-06-13 04:04:52,006 [WARNING] Invalid 52WKL for CPSP in ticker_price_part_1.json: 0
2026-06-13 04:04:52,006 [WARNING] Invalid 52WKL for CPSR in ticker_price_part_1.json: 0
2026-06-13 04:04:52,006 [WARNING] Invalid 52WKL for CPSS in ticker_price_part_1.json: 0
2026-06-13 04:04:52,006 [WARNING] Invalid 52WKL for CPST in ticker_price_part_1.json: 0
2026-06-13 04:04:52,006 [WARNING] Invalid 52WKL for CPSU in ticker_price_part_1.json: 0
2026-06-13 04:04:52,006 [WARNING] Invalid 52WKL for CPSY in ticker_price_part_1.json: 0
2026-06-13 04:04:52,006 [WARNING] Invalid 52WKL for CPT in ticker_price_part_1.json: 0
2026-06-13 04:04:52,007 [WARNING] Invalid 52WKL for CPXR in ticker_price_part_1.json: 0
2026-06-13 04:04:52,007 [WARNING] Invalid 52WKL for CPZ in ticker_price_part_1.json: 0
2026-06-13 04:04:52,007 [WARNING] Invalid 52WKL for CQP in ticker_price_part_1.json: 0
2026-06-13 04:04:52,007 [WARNING] Invalid 52WKL for CQQQ in ticker_price_part_1.json: 0
2026-06-13 04:04:52,007 [WARNING] Invalid 52WKL for CQTM in ticker_price_part_1.json: 0
2026-06-13 04:04:52,007 [WARNING] Invalid 52WKL for CR in ticker_price_part_1.json: 0
2026-06-13 04:04:52,007 [WARNING] Invalid 52WKL for CRAC in ticker_price_part_1.json: 0
2026-06-13 04:04:52,007 [WARNING] Invalid 52WKL for CRACU in ticker_price_part_1.json: 0
2026-06-13 04:04:52,007 [WARNING] Invalid 52WKL for CRAI in ticker_price_part_1.json: 0
2026-06-13 04:04:52,007 [WARNING] Invalid 52WKL for CRAK in ticker_price_part_1.json: 0
2026-06-13 04:04:52,007 [WARNING] Invalid 52WKL for CRAN in ticker_price_part_1.json: 0
2026-06-13 04:04:52,007 [WARNING] Invalid 52WKL for CRANU in ticker_price_part_1.json: 0
2026-06-13 04:04:52,007 [WARNING] Invalid 52WKL for CRAQ in ticker_price_part_1.json: 0
2026-06-13 04:04:52,007 [WARNING] Invalid 52WKL for CRAQU in ticker_price_part_1.json: 0
2026-06-13 04:04:52,007 [WARNING] Invalid 52WKL for CRBD in ticker_price_part_1.json: 0
2026-06-13 04:04:52,007 [WARNING] Invalid 52WKL for CRBG in ticker_price_part_1.json: 0
2026-06-13 04:04:52,007 [WARNING] Invalid 52WKL for CRBN in ticker_price_part_1.json: 0
2026-06-13 04:04:52,007 [WARNING] Invalid 52WKL for CRBP in ticker_price_part_1.json: 0
2026-06-13 04:04:52,007 [WARNING] Invalid 52WKL for CRC in ticker_price_part_1.json: 0
2026-06-13 04:04:52,007 [WARNING] Invalid 52WKL for CRCA in ticker_price_part_1.json: 0
2026-06-13 04:04:52,007 [WARNING] Invalid 52WKL for CRCD in ticker_price_part_1.json: 0
2026-06-13 04:04:52,007 [WARNING] Invalid 52WKL for CRCG in ticker_price_part_1.json: 0
2026-06-13 04:04:52,007 [WARNING] Invalid 52WKL for CRCL in ticker_price_part_1.json: 0
2026-06-13 04:04:52,008 [WARNING] Invalid 52WKL for CRCO in ticker_price_part_1.json: 0
2026-06-13 04:04:52,008 [WARNING] Invalid 52WKL for CRDD in ticker_price_part_1.json: 0
2026-06-13 04:04:52,008 [WARNING] Invalid 52WKL for CRDO in ticker_price_part_1.json: 0
2026-06-13 04:04:52,008 [WARNING] Invalid 52WKL for CRDT in ticker_price_part_1.json: 0
2026-06-13 04:04:52,008 [WARNING] Invalid 52WKL for CRDU in ticker_price_part_1.json: 0
2026-06-13 04:04:52,008 [WARNING] Invalid 52WKL for CRDX in ticker_price_part_1.json: 0
2026-06-13 04:04:52,008 [WARNING] Invalid 52WKL for CRED in ticker_price_part_1.json: 0
2026-06-13 04:04:52,008 [WARNING] Invalid 52WKL for CRESY in ticker_price_part_1.json: 0
2026-06-13 04:04:52,008 [WARNING] Invalid 52WKL for CRF in ticker_price_part_1.json: 0
2026-06-13 04:04:52,012 [INFO] Loaded 1037 tickers from ticker_price_part_2.json
2026-06-13 04:04:52,017 [INFO] Loaded 1035 tickers from ticker_price_part_3.json
2026-06-13 04:04:52,022 [INFO] Loaded 1036 tickers from ticker_price_part_4.json
2026-06-13 04:04:52,026 [INFO] Loaded 982 tickers from ticker_price_part_5.json
2026-06-13 04:04:52,033 [INFO] Loaded 990 tickers from ticker_price_part_6.json
2026-06-13 04:04:52,038 [INFO] Loaded 1032 tickers from ticker_price_part_7.json
2026-06-13 04:04:52,043 [INFO] Loaded 1020 tickers from ticker_price_part_8.json
2026-06-13 04:04:52,048 [INFO] Loaded 1028 tickers from ticker_price_part_9.json
2026-06-13 04:04:52,190 [INFO] Merged data saved to data/ticker_price.json with 9949 entries
2026-06-13 04:04:52,194 [INFO] Price merge completed. Elapsed time: 0.2s
2026-06-15 22:51:26,378 [INFO] Starting price merge process at 10:51 PM EDT on Monday, June 15, 2026
2026-06-15 22:51:26,378 [INFO] Searching for ticker_price_part_*.json files in data
2026-06-15 22:51:26,378 [INFO] Found 10 part files to merge: ['ticker_price_part_0.json', 'ticker_price_part_1.json', 'ticker_price_part_2.json', 'ticker_price_part_3.json', 'ticker_price_part_4.json', 'ticker_price_part_5.json', 'ticker_price_part_6.json', 'ticker_price_part_7.json', 'ticker_price_part_8.json', 'ticker_price_part_9.json']
2026-06-15 22:51:26,382 [INFO] Loaded 985 tickers from ticker_price_part_0.json
2026-06-15 22:51:26,387 [INFO] Loaded 989 tickers from ticker_price_part_1.json
2026-06-15 22:51:26,392 [INFO] Loaded 1036 tickers from ticker_price_part_2.json
2026-06-15 22:51:26,397 [INFO] Loaded 1035 tickers from ticker_price_part_3.json
2026-06-15 22:51:26,402 [INFO] Loaded 1038 tickers from ticker_price_part_4.json
2026-06-15 22:51:26,407 [INFO] Loaded 988 tickers from ticker_price_part_5.json
2026-06-15 22:51:26,409 [WARNING] Invalid 52WKL for MMAR in ticker_price_part_5.json: 0
2026-06-15 22:51:26,414 [INFO] Loaded 990 tickers from ticker_price_part_6.json
2026-06-15 22:51:26,419 [INFO] Loaded 1033 tickers from ticker_price_part_7.json
2026-06-15 22:51:26,424 [INFO] Loaded 1024 tickers from ticker_price_part_8.json
2026-06-15 22:51:26,430 [INFO] Loaded 1032 tickers from ticker_price_part_9.json
2026-06-15 22:51:26,571 [INFO] Merged data saved to data/ticker_price.json with 10149 entries
2026-06-15 22:51:26,575 [INFO] Price merge completed. Elapsed time: 0.2s
2026-06-16 22:46:26,428 [INFO] Starting price merge process at 10:46 PM EDT on Tuesday, June 16, 2026
2026-06-16 22:46:26,428 [INFO] Searching for ticker_price_part_*.json files in data
2026-06-16 22:46:26,428 [INFO] Found 10 part files to merge: ['ticker_price_part_0.json', 'ticker_price_part_1.json', 'ticker_price_part_2.json', 'ticker_price_part_3.json', 'ticker_price_part_4.json', 'ticker_price_part_5.json', 'ticker_price_part_6.json', 'ticker_price_part_7.json', 'ticker_price_part_8.json', 'ticker_price_part_9.json']
2026-06-16 22:46:26,431 [INFO] Loaded 986 tickers from ticker_price_part_0.json
2026-06-16 22:46:26,435 [INFO] Loaded 987 tickers from ticker_price_part_1.json
2026-06-16 22:46:26,439 [INFO] Loaded 1040 tickers from ticker_price_part_2.json
2026-06-16 22:46:26,443 [INFO] Loaded 1035 tickers from ticker_price_part_3.json
2026-06-16 22:46:26,447 [INFO] Loaded 1039 tickers from ticker_price_part_4.json
2026-06-16 22:46:26,451 [INFO] Loaded 987 tickers from ticker_price_part_5.json
2026-06-16 22:46:26,457 [INFO] Loaded 993 tickers from ticker_price_part_6.json
2026-06-16 22:46:26,461 [INFO] Loaded 1037 tickers from ticker_price_part_7.json
2026-06-16 22:46:26,465 [INFO] Loaded 1024 tickers from ticker_price_part_8.json
2026-06-16 22:46:26,469 [INFO] Loaded 1039 tickers from ticker_price_part_9.json
2026-06-16 22:46:26,581 [INFO] Merged data saved to data/ticker_price.json with 10167 entries
2026-06-16 22:46:26,584 [INFO] Price merge completed. Elapsed time: 0.2s
2026-06-17 22:38:09,613 [INFO] Starting price merge process at 10:38 PM EDT on Wednesday, June 17, 2026
2026-06-17 22:38:09,613 [INFO] Searching for ticker_price_part_*.json files in data
2026-06-17 22:38:09,613 [INFO] Found 10 part files to merge: ['ticker_price_part_0.json', 'ticker_price_part_1.json', 'ticker_price_part_2.json', 'ticker_price_part_3.json', 'ticker_price_part_4.json', 'ticker_price_part_5.json', 'ticker_price_part_6.json', 'ticker_price_part_7.json', 'ticker_price_part_8.json', 'ticker_price_part_9.json']
2026-06-17 22:38:09,617 [INFO] Loaded 986 tickers from ticker_price_part_0.json
2026-06-17 22:38:09,622 [INFO] Loaded 994 tickers from ticker_price_part_1.json
2026-06-17 22:38:09,627 [INFO] Loaded 1038 tickers from ticker_price_part_2.json
2026-06-17 22:38:09,632 [INFO] Loaded 1036 tickers from ticker_price_part_3.json
2026-06-17 22:38:09,637 [INFO] Loaded 1038 tickers from ticker_price_part_4.json
2026-06-17 22:38:09,642 [INFO] Loaded 988 tickers from ticker_price_part_5.json
2026-06-17 22:38:09,648 [INFO] Loaded 993 tickers from ticker_price_part_6.json
2026-06-17 22:38:09,653 [INFO] Loaded 1036 tickers from ticker_price_part_7.json
2026-06-17 22:38:09,658 [INFO] Loaded 1018 tickers from ticker_price_part_8.json
2026-06-17 22:38:09,663 [INFO] Loaded 1036 tickers from ticker_price_part_9.json
2026-06-17 22:38:09,810 [INFO] Merged data saved to data/ticker_price.json with 10163 entries
2026-06-17 22:38:09,815 [INFO] Price merge completed. Elapsed time: 0.2s
2026-06-18 22:46:08,032 [INFO] Starting price merge process at 10:46 PM EDT on Thursday, June 18, 2026
2026-06-18 22:46:08,032 [INFO] Searching for ticker_price_part_*.json files in data
2026-06-18 22:46:08,032 [INFO] Found 10 part files to merge: ['ticker_price_part_0.json', 'ticker_price_part_1.json', 'ticker_price_part_2.json', 'ticker_price_part_3.json', 'ticker_price_part_4.json', 'ticker_price_part_5.json', 'ticker_price_part_6.json', 'ticker_price_part_7.json', 'ticker_price_part_8.json', 'ticker_price_part_9.json']
2026-06-18 22:46:08,036 [INFO] Loaded 988 tickers from ticker_price_part_0.json
2026-06-18 22:46:08,041 [INFO] Loaded 995 tickers from ticker_price_part_1.json
2026-06-18 22:46:08,046 [INFO] Loaded 1034 tickers from ticker_price_part_2.json
2026-06-18 22:46:08,052 [INFO] Loaded 1036 tickers from ticker_price_part_3.json
2026-06-18 22:46:08,058 [INFO] Loaded 1037 tickers from ticker_price_part_4.json
2026-06-18 22:46:08,064 [INFO] Loaded 987 tickers from ticker_price_part_5.json
2026-06-18 22:46:08,069 [INFO] Loaded 996 tickers from ticker_price_part_6.json
2026-06-18 22:46:08,074 [INFO] Loaded 1037 tickers from ticker_price_part_7.json
2026-06-18 22:46:08,079 [INFO] Loaded 1021 tickers from ticker_price_part_8.json
2026-06-18 22:46:08,084 [INFO] Loaded 1032 tickers from ticker_price_part_9.json
2026-06-18 22:46:08,227 [INFO] Merged data saved to data/ticker_price.json with 10163 entries
2026-06-18 22:46:08,231 [INFO] Price merge completed. Elapsed time: 0.2s
2026-06-22 22:39:19,771 [INFO] Starting price merge process at 10:39 PM EDT on Monday, June 22, 2026
2026-06-22 22:39:19,771 [INFO] Searching for ticker_price_part_*.json files in data
2026-06-22 22:39:19,771 [INFO] Found 10 part files to merge: ['ticker_price_part_0.json', 'ticker_price_part_1.json', 'ticker_price_part_2.json', 'ticker_price_part_3.json', 'ticker_price_part_4.json', 'ticker_price_part_5.json', 'ticker_price_part_6.json', 'ticker_price_part_7.json', 'ticker_price_part_8.json', 'ticker_price_part_9.json']
2026-06-22 22:39:19,774 [INFO] Loaded 987 tickers from ticker_price_part_0.json
2026-06-22 22:39:19,779 [INFO] Loaded 995 tickers from ticker_price_part_1.json
2026-06-22 22:39:19,785 [INFO] Loaded 1035 tickers from ticker_price_part_2.json
2026-06-22 22:39:19,790 [INFO] Loaded 1035 tickers from ticker_price_part_3.json
2026-06-22 22:39:19,797 [INFO] Loaded 1037 tickers from ticker_price_part_4.json
2026-06-22 22:39:19,802 [INFO] Loaded 991 tickers from ticker_price_part_5.json
2026-06-22 22:39:19,807 [INFO] Loaded 997 tickers from ticker_price_part_6.json
2026-06-22 22:39:19,812 [INFO] Loaded 1037 tickers from ticker_price_part_7.json
2026-06-22 22:39:19,817 [INFO] Loaded 1021 tickers from ticker_price_part_8.json
2026-06-22 22:39:19,822 [INFO] Loaded 1037 tickers from ticker_price_part_9.json
2026-06-22 22:39:19,962 [INFO] Merged data saved to data/ticker_price.json with 10172 entries
2026-06-22 22:39:19,965 [INFO] Price merge completed. Elapsed time: 0.2s
2026-06-23 22:15:52,068 [INFO] Starting price merge process at 10:15 PM EDT on Tuesday, June 23, 2026
2026-06-23 22:15:52,068 [INFO] Searching for ticker_price_part_*.json files in data
2026-06-23 22:15:52,069 [INFO] Found 10 part files to merge: ['ticker_price_part_0.json', 'ticker_price_part_1.json', 'ticker_price_part_2.json', 'ticker_price_part_3.json', 'ticker_price_part_4.json', 'ticker_price_part_5.json', 'ticker_price_part_6.json', 'ticker_price_part_7.json', 'ticker_price_part_8.json', 'ticker_price_part_9.json']
2026-06-23 22:15:52,072 [INFO] Loaded 800 tickers from ticker_price_part_0.json
2026-06-23 22:15:52,077 [INFO] Loaded 996 tickers from ticker_price_part_1.json
2026-06-23 22:15:52,082 [INFO] Loaded 1036 tickers from ticker_price_part_2.json
2026-06-23 22:15:52,087 [INFO] Loaded 1035 tickers from ticker_price_part_3.json
2026-06-23 22:15:52,092 [INFO] Loaded 1039 tickers from ticker_price_part_4.json
2026-06-23 22:15:52,097 [INFO] Loaded 989 tickers from ticker_price_part_5.json
2026-06-23 22:15:52,104 [INFO] Loaded 997 tickers from ticker_price_part_6.json
2026-06-23 22:15:52,109 [INFO] Loaded 1034 tickers from ticker_price_part_7.json
2026-06-23 22:15:52,114 [INFO] Loaded 1019 tickers from ticker_price_part_8.json
2026-06-23 22:15:52,118 [INFO] Loaded 1032 tickers from ticker_price_part_9.json
2026-06-23 22:15:52,263 [INFO] Merged data saved to data/ticker_price.json with 9977 entries
2026-06-23 22:15:52,268 [INFO] Price merge completed. Elapsed time: 0.2s
2026-06-24 22:12:37,186 [INFO] Starting price merge process at 10:12 PM EDT on Wednesday, June 24, 2026
2026-06-24 22:12:37,186 [INFO] Searching for ticker_price_part_*.json files in data
2026-06-24 22:12:37,186 [INFO] Found 10 part files to merge: ['ticker_price_part_0.json', 'ticker_price_part_1.json', 'ticker_price_part_2.json', 'ticker_price_part_3.json', 'ticker_price_part_4.json', 'ticker_price_part_5.json', 'ticker_price_part_6.json', 'ticker_price_part_7.json', 'ticker_price_part_8.json', 'ticker_price_part_9.json']
2026-06-24 22:12:37,188 [INFO] Loaded 990 tickers from ticker_price_part_0.json
2026-06-24 22:12:37,190 [INFO] Loaded 996 tickers from ticker_price_part_1.json
2026-06-24 22:12:37,193 [INFO] Loaded 1038 tickers from ticker_price_part_2.json
2026-06-24 22:12:37,194 [WARNING] Invalid 52WKL for DFAL in ticker_price_part_2.json: 0
2026-06-24 22:12:37,196 [INFO] Loaded 1036 tickers from ticker_price_part_3.json
2026-06-24 22:12:37,200 [INFO] Loaded 1038 tickers from ticker_price_part_4.json
2026-06-24 22:12:37,202 [INFO] Loaded 994 tickers from ticker_price_part_5.json
2026-06-24 22:12:37,205 [INFO] Loaded 991 tickers from ticker_price_part_6.json
2026-06-24 22:12:37,208 [INFO] Loaded 1036 tickers from ticker_price_part_7.json
2026-06-24 22:12:37,211 [INFO] Loaded 1024 tickers from ticker_price_part_8.json
2026-06-24 22:12:37,214 [INFO] Loaded 1037 tickers from ticker_price_part_9.json
2026-06-24 22:12:37,295 [INFO] Merged data saved to data/ticker_price.json with 10179 entries
2026-06-24 22:12:37,297 [INFO] Price merge completed. Elapsed time: 0.1s
2026-06-25 22:23:17,851 [INFO] Starting price merge process at 10:23 PM EDT on Thursday, June 25, 2026
2026-06-25 22:23:17,852 [INFO] Searching for ticker_price_part_*.json files in data
2026-06-25 22:23:17,852 [INFO] Found 10 part files to merge: ['ticker_price_part_0.json', 'ticker_price_part_1.json', 'ticker_price_part_2.json', 'ticker_price_part_3.json', 'ticker_price_part_4.json', 'ticker_price_part_5.json', 'ticker_price_part_6.json', 'ticker_price_part_7.json', 'ticker_price_part_8.json', 'ticker_price_part_9.json']
2026-06-25 22:23:17,855 [INFO] Loaded 990 tickers from ticker_price_part_0.json
2026-06-25 22:23:17,860 [INFO] Loaded 998 tickers from ticker_price_part_1.json
2026-06-25 22:23:17,865 [INFO] Loaded 1039 tickers from ticker_price_part_2.json
2026-06-25 22:23:17,870 [INFO] Loaded 1039 tickers from ticker_price_part_3.json
2026-06-25 22:23:17,876 [INFO] Loaded 1039 tickers from ticker_price_part_4.json
2026-06-25 22:23:17,881 [INFO] Loaded 996 tickers from ticker_price_part_5.json
2026-06-25 22:23:17,886 [INFO] Loaded 993 tickers from ticker_price_part_6.json
2026-06-25 22:23:17,891 [INFO] Loaded 1038 tickers from ticker_price_part_7.json
2026-06-25 22:23:17,896 [INFO] Loaded 1024 tickers from ticker_price_part_8.json
2026-06-25 22:23:17,902 [INFO] Loaded 1034 tickers from ticker_price_part_9.json
2026-06-25 22:23:18,055 [INFO] Merged data saved to data/ticker_price.json with 10190 entries
2026-06-25 22:23:18,057 [INFO] Price merge completed. Elapsed time: 0.2s
2026-06-26 22:05:00,931 [INFO] Starting price merge process at 10:05 PM EDT on Friday, June 26, 2026
2026-06-26 22:05:00,931 [INFO] Searching for ticker_price_part_*.json files in data
2026-06-26 22:05:00,931 [INFO] Found 10 part files to merge: ['ticker_price_part_0.json', 'ticker_price_part_1.json', 'ticker_price_part_2.json', 'ticker_price_part_3.json', 'ticker_price_part_4.json', 'ticker_price_part_5.json', 'ticker_price_part_6.json', 'ticker_price_part_7.json', 'ticker_price_part_8.json', 'ticker_price_part_9.json']
2026-06-26 22:05:00,935 [INFO] Loaded 992 tickers from ticker_price_part_0.json
2026-06-26 22:05:00,940 [INFO] Loaded 1002 tickers from ticker_price_part_1.json
2026-06-26 22:05:00,945 [INFO] Loaded 1043 tickers from ticker_price_part_2.json
2026-06-26 22:05:00,945 [WARNING] Invalid 52WKL for CRESY in ticker_price_part_2.json: 0
2026-06-26 22:05:00,945 [WARNING] Invalid 52WKL for CRF in ticker_price_part_2.json: 0
2026-06-26 22:05:00,945 [WARNING] Invalid 52WKL for CRGY in ticker_price_part_2.json: 0
2026-06-26 22:05:00,945 [WARNING] Invalid 52WKL for CRH in ticker_price_part_2.json: 0
2026-06-26 22:05:00,945 [WARNING] Invalid 52WKL for CRI in ticker_price_part_2.json: 0
2026-06-26 22:05:00,945 [WARNING] Invalid 52WKL for CRIB in ticker_price_part_2.json: 0
2026-06-26 22:05:00,945 [WARNING] Invalid 52WKL for CRK in ticker_price_part_2.json: 0
2026-06-26 22:05:00,945 [WARNING] Invalid 52WKL for CRL in ticker_price_part_2.json: 0
2026-06-26 22:05:00,945 [WARNING] Invalid 52WKL for CRM in ticker_price_part_2.json: 0
2026-06-26 22:05:00,945 [WARNING] Invalid 52WKL for CRMD in ticker_price_part_2.json: 0
2026-06-26 22:05:00,945 [WARNING] Invalid 52WKL for CRML in ticker_price_part_2.json: 0
2026-06-26 22:05:00,945 [WARNING] Invalid 52WKL for CRMU in ticker_price_part_2.json: 0
2026-06-26 22:05:00,945 [WARNING] Invalid 52WKL for CRMX in ticker_price_part_2.json: 0
2026-06-26 22:05:00,945 [WARNING] Invalid 52WKL for CRNC in ticker_price_part_2.json: 0
2026-06-26 22:05:00,945 [WARNING] Invalid 52WKL for CRNX in ticker_price_part_2.json: 0
2026-06-26 22:05:00,945 [WARNING] Invalid 52WKL for CROX in ticker_price_part_2.json: 0
2026-06-26 22:05:00,945 [WARNING] Invalid 52WKL for CRPT in ticker_price_part_2.json: 0
2026-06-26 22:05:00,945 [WARNING] Invalid 52WKL for CRS in ticker_price_part_2.json: 0
2026-06-26 22:05:00,946 [WARNING] Invalid 52WKL for CRSH in ticker_price_part_2.json: 0
2026-06-26 22:05:00,946 [WARNING] Invalid 52WKL for CRSP in ticker_price_part_2.json: 0
2026-06-26 22:05:00,946 [WARNING] Invalid 52WKL for CRSR in ticker_price_part_2.json: 0
2026-06-26 22:05:00,946 [WARNING] Invalid 52WKL for CRT in ticker_price_part_2.json: 0
2026-06-26 22:05:00,946 [WARNING] Invalid 52WKL for CRTC in ticker_price_part_2.json: 0
2026-06-26 22:05:00,946 [WARNING] Invalid 52WKL for CRTO in ticker_price_part_2.json: 0
2026-06-26 22:05:00,946 [WARNING] Invalid 52WKL for CRUC in ticker_price_part_2.json: 0
2026-06-26 22:05:00,946 [WARNING] Invalid 52WKL for CRUS in ticker_price_part_2.json: 0
2026-06-26 22:05:00,946 [WARNING] Invalid 52WKL for CRUX in ticker_price_part_2.json: 0
2026-06-26 22:05:00,946 [WARNING] Invalid 52WKL for CRVL in ticker_price_part_2.json: 0
2026-06-26 22:05:00,946 [WARNING] Invalid 52WKL for CRVS in ticker_price_part_2.json: 0
2026-06-26 22:05:00,946 [WARNING] Invalid 52WKL for CRWD in ticker_price_part_2.json: 0
2026-06-26 22:05:00,946 [WARNING] Invalid 52WKL for CRWG in ticker_price_part_2.json: 0
2026-06-26 22:05:00,946 [WARNING] Invalid 52WKL for CRWL in ticker_price_part_2.json: 0
2026-06-26 22:05:00,946 [WARNING] Invalid 52WKL for CRWU in ticker_price_part_2.json: 0
2026-06-26 22:05:00,946 [WARNING] Invalid 52WKL for CRWV in ticker_price_part_2.json: 0
2026-06-26 22:05:00,946 [WARNING] Invalid 52WKL for CRY in ticker_price_part_2.json: 0
2026-06-26 22:05:00,946 [WARNING] Invalid 52WKL for CSB in ticker_price_part_2.json: 0
2026-06-26 22:05:00,946 [WARNING] Invalid 52WKL for CSBR in ticker_price_part_2.json: 0
2026-06-26 22:05:00,946 [WARNING] Invalid 52WKL for CSCL in ticker_price_part_2.json: 0
2026-06-26 22:05:00,946 [WARNING] Invalid 52WKL for CSCO in ticker_price_part_2.json: 0
2026-06-26 22:05:00,946 [WARNING] Invalid 52WKL for CSCS in ticker_price_part_2.json: 0
2026-06-26 22:05:00,946 [WARNING] Invalid 52WKL for CSD in ticker_price_part_2.json: 0
2026-06-26 22:05:00,947 [WARNING] Invalid 52WKL for CSEN in ticker_price_part_2.json: 0
2026-06-26 22:05:00,947 [WARNING] Invalid 52WKL for CSEX in ticker_price_part_2.json: 0
2026-06-26 22:05:00,947 [WARNING] Invalid 52WKL for CSGP in ticker_price_part_2.json: 0
2026-06-26 22:05:00,947 [WARNING] Invalid 52WKL for CSHI in ticker_price_part_2.json: 0
2026-06-26 22:05:00,947 [WARNING] Invalid 52WKL for CSHP in ticker_price_part_2.json: 0
2026-06-26 22:05:00,947 [WARNING] Invalid 52WKL for CSIO in ticker_price_part_2.json: 0
2026-06-26 22:05:00,947 [WARNING] Invalid 52WKL for CSIQ in ticker_price_part_2.json: 0
2026-06-26 22:05:00,947 [WARNING] Invalid 52WKL for CSL in ticker_price_part_2.json: 0
2026-06-26 22:05:00,947 [WARNING] Invalid 52WKL for CSM in ticker_price_part_2.json: 0
2026-06-26 22:05:00,947 [WARNING] Invalid 52WKL for CSMD in ticker_price_part_2.json: 0
2026-06-26 22:05:00,947 [WARNING] Invalid 52WKL for CSNR in ticker_price_part_2.json: 0
2026-06-26 22:05:00,947 [WARNING] Invalid 52WKL for CSPF in ticker_price_part_2.json: 0
2026-06-26 22:05:00,947 [WARNING] Invalid 52WKL for CSPI in ticker_price_part_2.json: 0
2026-06-26 22:05:00,947 [WARNING] Invalid 52WKL for CSQ in ticker_price_part_2.json: 0
2026-06-26 22:05:00,947 [WARNING] Invalid 52WKL for CSR in ticker_price_part_2.json: 0
2026-06-26 22:05:00,947 [WARNING] Invalid 52WKL for CSRE in ticker_price_part_2.json: 0
2026-06-26 22:05:00,947 [WARNING] Invalid 52WKL for CSSD in ticker_price_part_2.json: 0
2026-06-26 22:05:00,947 [WARNING] Invalid 52WKL for CSTK in ticker_price_part_2.json: 0
2026-06-26 22:05:00,947 [WARNING] Invalid 52WKL for CSTL in ticker_price_part_2.json: 0
2026-06-26 22:05:00,947 [WARNING] Invalid 52WKL for CSTM in ticker_price_part_2.json: 0
2026-06-26 22:05:00,947 [WARNING] Invalid 52WKL for CSV in ticker_price_part_2.json: 0
2026-06-26 22:05:00,947 [WARNING] Invalid 52WKL for CSW in ticker_price_part_2.json: 0
2026-06-26 22:05:00,948 [WARNING] Invalid 52WKL for CSWC in ticker_price_part_2.json: 0
2026-06-26 22:05:00,948 [WARNING] Invalid 52WKL for CSX in ticker_price_part_2.json: 0
2026-06-26 22:05:00,948 [WARNING] Invalid 52WKL for CTA in ticker_price_part_2.json: 0
2026-06-26 22:05:00,948 [WARNING] Invalid 52WKL for CTAA in ticker_price_part_2.json: 0
2026-06-26 22:05:00,948 [WARNING] Invalid 52WKL for CTAP in ticker_price_part_2.json: 0
2026-06-26 22:05:00,948 [WARNING] Invalid 52WKL for CTAS in ticker_price_part_2.json: 0
2026-06-26 22:05:00,948 [WARNING] Invalid 52WKL for CTBI in ticker_price_part_2.json: 0
2026-06-26 22:05:00,948 [WARNING] Invalid 52WKL for CTEC in ticker_price_part_2.json: 0
2026-06-26 22:05:00,948 [WARNING] Invalid 52WKL for CTEF in ticker_price_part_2.json: 0
2026-06-26 22:05:00,948 [WARNING] Invalid 52WKL for CTEV in ticker_price_part_2.json: 0
2026-06-26 22:05:00,948 [WARNING] Invalid 52WKL for CTEX in ticker_price_part_2.json: 0
2026-06-26 22:05:00,948 [WARNING] Invalid 52WKL for CTGG in ticker_price_part_2.json: 0
2026-06-26 22:05:00,948 [WARNING] Invalid 52WKL for CTGO in ticker_price_part_2.json: 0
2026-06-26 22:05:00,948 [WARNING] Invalid 52WKL for CTHH in ticker_price_part_2.json: 0
2026-06-26 22:05:00,948 [WARNING] Invalid 52WKL for CTIF in ticker_price_part_2.json: 0
2026-06-26 22:05:00,948 [WARNING] Invalid 52WKL for CTNM in ticker_price_part_2.json: 0
2026-06-26 22:05:00,948 [WARNING] Invalid 52WKL for CTO in ticker_price_part_2.json: 0
2026-06-26 22:05:00,948 [WARNING] Invalid 52WKL for CTOS in ticker_price_part_2.json: 0
2026-06-26 22:05:00,948 [WARNING] Invalid 52WKL for CTRE in ticker_price_part_2.json: 0
2026-06-26 22:05:00,948 [WARNING] Invalid 52WKL for CTRI in ticker_price_part_2.json: 0
2026-06-26 22:05:00,948 [WARNING] Invalid 52WKL for CTRN in ticker_price_part_2.json: 0
2026-06-26 22:05:00,948 [WARNING] Invalid 52WKL for CTS in ticker_price_part_2.json: 0
2026-06-26 22:05:00,949 [WARNING] Invalid 52WKL for CTSH in ticker_price_part_2.json: 0
2026-06-26 22:05:00,949 [WARNING] Invalid 52WKL for CTVA in ticker_price_part_2.json: 0
2026-06-26 22:05:00,949 [WARNING] Invalid 52WKL for CUB in ticker_price_part_2.json: 0
2026-06-26 22:05:00,949 [WARNING] Invalid 52WKL for CUBB in ticker_price_part_2.json: 0
2026-06-26 22:05:00,949 [WARNING] Invalid 52WKL for CUBE in ticker_price_part_2.json: 0
2026-06-26 22:05:00,949 [WARNING] Invalid 52WKL for CUBI in ticker_price_part_2.json: 0
2026-06-26 22:05:00,949 [WARNING] Invalid 52WKL for CUE in ticker_price_part_2.json: 0
2026-06-26 22:05:00,949 [WARNING] Invalid 52WKL for CUPR in ticker_price_part_2.json: 0
2026-06-26 22:05:00,949 [WARNING] Invalid 52WKL for CURB in ticker_price_part_2.json: 0
2026-06-26 22:05:00,949 [WARNING] Invalid 52WKL for CURE in ticker_price_part_2.json: 0
2026-06-26 22:05:00,949 [WARNING] Invalid 52WKL for CUSD in ticker_price_part_2.json: 0
2026-06-26 22:05:00,949 [WARNING] Invalid 52WKL for CUST in ticker_price_part_2.json: 0
2026-06-26 22:05:00,949 [WARNING] Invalid 52WKL for CUT in ticker_price_part_2.json: 0
2026-06-26 22:05:00,949 [WARNING] Invalid 52WKL for CUZ in ticker_price_part_2.json: 0
2026-06-26 22:05:00,949 [WARNING] Invalid 52WKL for CV in ticker_price_part_2.json: 0
2026-06-26 22:05:00,949 [WARNING] Invalid 52WKL for CVAR in ticker_price_part_2.json: 0
2026-06-26 22:05:00,949 [WARNING] Invalid 52WKL for CVBF in ticker_price_part_2.json: 0
2026-06-26 22:05:00,949 [WARNING] Invalid 52WKL for CVCO in ticker_price_part_2.json: 0
2026-06-26 22:05:00,949 [WARNING] Invalid 52WKL for CVE in ticker_price_part_2.json: 0
2026-06-26 22:05:00,949 [WARNING] Invalid 52WKL for CVEO in ticker_price_part_2.json: 0
2026-06-26 22:05:00,949 [WARNING] Invalid 52WKL for CVGD in ticker_price_part_2.json: 0
2026-06-26 22:05:00,949 [WARNING] Invalid 52WKL for CVI in ticker_price_part_2.json: 0
2026-06-26 22:05:00,949 [WARNING] Invalid 52WKL for CVIE in ticker_price_part_2.json: 0
2026-06-26 22:05:00,950 [WARNING] Invalid 52WKL for CVLC in ticker_price_part_2.json: 0
2026-06-26 22:05:00,950 [WARNING] Invalid 52WKL for CVLG in ticker_price_part_2.json: 0
2026-06-26 22:05:00,950 [WARNING] Invalid 52WKL for CVLT in ticker_price_part_2.json: 0
2026-06-26 22:05:00,950 [WARNING] Invalid 52WKL for CVMC in ticker_price_part_2.json: 0
2026-06-26 22:05:00,950 [WARNING] Invalid 52WKL for CVNA in ticker_price_part_2.json: 0
2026-06-26 22:05:00,950 [WARNING] Invalid 52WKL for CVNY in ticker_price_part_2.json: 0
2026-06-26 22:05:00,950 [WARNING] Invalid 52WKL for CVR in ticker_price_part_2.json: 0
2026-06-26 22:05:00,950 [WARNING] Invalid 52WKL for CVRT in ticker_price_part_2.json: 0
2026-06-26 22:05:00,950 [WARNING] Invalid 52WKL for CVRX in ticker_price_part_2.json: 0
2026-06-26 22:05:00,950 [WARNING] Invalid 52WKL for CVS in ticker_price_part_2.json: 0
2026-06-26 22:05:00,950 [WARNING] Invalid 52WKL for CVSA in ticker_price_part_2.json: 0
2026-06-26 22:05:00,950 [WARNING] Invalid 52WKL for CVSB in ticker_price_part_2.json: 0
2026-06-26 22:05:00,950 [WARNING] Invalid 52WKL for CVSM in ticker_price_part_2.json: 0
2026-06-26 22:05:00,950 [WARNING] Invalid 52WKL for CVU in ticker_price_part_2.json: 0
2026-06-26 22:05:00,950 [WARNING] Invalid 52WKL for CVV in ticker_price_part_2.json: 0
2026-06-26 22:05:00,950 [WARNING] Invalid 52WKL for CVX in ticker_price_part_2.json: 0
2026-06-26 22:05:00,950 [WARNING] Invalid 52WKL for CVY in ticker_price_part_2.json: 0
2026-06-26 22:05:00,950 [WARNING] Invalid 52WKL for CW in ticker_price_part_2.json: 0
2026-06-26 22:05:00,950 [WARNING] Invalid 52WKL for CWB in ticker_price_part_2.json: 0
2026-06-26 22:05:00,950 [WARNING] Invalid 52WKL for CWBC in ticker_price_part_2.json: 0
2026-06-26 22:05:00,950 [WARNING] Invalid 52WKL for CWCO in ticker_price_part_2.json: 0
2026-06-26 22:05:00,950 [WARNING] Invalid 52WKL for CWEB in ticker_price_part_2.json: 0
2026-06-26 22:05:00,951 [WARNING] Invalid 52WKL for CWEN in ticker_price_part_2.json: 0
2026-06-26 22:05:00,951 [WARNING] Invalid 52WKL for CWH in ticker_price_part_2.json: 0
2026-06-26 22:05:00,951 [WARNING] Invalid 52WKL for CWI in ticker_price_part_2.json: 0
2026-06-26 22:05:00,951 [WARNING] Invalid 52WKL for CWK in ticker_price_part_2.json: 0
2026-06-26 22:05:00,951 [WARNING] Invalid 52WKL for CWS in ticker_price_part_2.json: 0
2026-06-26 22:05:00,951 [WARNING] Invalid 52WKL for CWST in ticker_price_part_2.json: 0
2026-06-26 22:05:00,951 [WARNING] Invalid 52WKL for CWT in ticker_price_part_2.json: 0
2026-06-26 22:05:00,951 [WARNING] Invalid 52WKL for CWVX in ticker_price_part_2.json: 0
2026-06-26 22:05:00,951 [WARNING] Invalid 52WKL for CWY in ticker_price_part_2.json: 0
2026-06-26 22:05:00,951 [WARNING] Invalid 52WKL for CX in ticker_price_part_2.json: 0
2026-06-26 22:05:00,951 [WARNING] Invalid 52WKL for CXDO in ticker_price_part_2.json: 0
2026-06-26 22:05:00,951 [WARNING] Invalid 52WKL for CXII in ticker_price_part_2.json: 0
2026-06-26 22:05:00,951 [WARNING] Invalid 52WKL for CXIIU in ticker_price_part_2.json: 0
2026-06-26 22:05:00,951 [WARNING] Invalid 52WKL for CXM in ticker_price_part_2.json: 0
2026-06-26 22:05:00,951 [WARNING] Invalid 52WKL for CXRN in ticker_price_part_2.json: 0
2026-06-26 22:05:00,951 [WARNING] Invalid 52WKL for CXSE in ticker_price_part_2.json: 0
2026-06-26 22:05:00,951 [WARNING] Invalid 52WKL for CXT in ticker_price_part_2.json: 0
2026-06-26 22:05:00,951 [WARNING] Invalid 52WKL for CXW in ticker_price_part_2.json: 0
2026-06-26 22:05:00,951 [WARNING] Invalid 52WKL for CYD in ticker_price_part_2.json: 0
2026-06-26 22:05:00,951 [WARNING] Invalid 52WKL for CYRX in ticker_price_part_2.json: 0
2026-06-26 22:05:00,951 [WARNING] Invalid 52WKL for CYTK in ticker_price_part_2.json: 0
2026-06-26 22:05:00,951 [WARNING] Invalid 52WKL for CZA in ticker_price_part_2.json: 0
2026-06-26 22:05:00,952 [WARNING] Invalid 52WKL for CZAR in ticker_price_part_2.json: 0
2026-06-26 22:05:00,952 [WARNING] Invalid 52WKL for CZFS in ticker_price_part_2.json: 0
2026-06-26 22:05:00,952 [WARNING] Invalid 52WKL for CZNC in ticker_price_part_2.json: 0
2026-06-26 22:05:00,952 [WARNING] Invalid 52WKL for CZR in ticker_price_part_2.json: 0
2026-06-26 22:05:00,952 [WARNING] Invalid 52WKL for CZWI in ticker_price_part_2.json: 0
2026-06-26 22:05:00,952 [WARNING] Invalid 52WKL for D in ticker_price_part_2.json: 0
2026-06-26 22:05:00,952 [WARNING] Invalid 52WKL for DAAQ in ticker_price_part_2.json: 0
2026-06-26 22:05:00,952 [WARNING] Invalid 52WKL for DABS in ticker_price_part_2.json: 0
2026-06-26 22:05:00,952 [WARNING] Invalid 52WKL for DAC in ticker_price_part_2.json: 0
2026-06-26 22:05:00,952 [WARNING] Invalid 52WKL for DADS in ticker_price_part_2.json: 0
2026-06-26 22:05:00,952 [WARNING] Invalid 52WKL for DAK in ticker_price_part_2.json: 0
2026-06-26 22:05:00,952 [WARNING] Invalid 52WKL for DAKT in ticker_price_part_2.json: 0
2026-06-26 22:05:00,952 [WARNING] Invalid 52WKL for DAL in ticker_price_part_2.json: 0
2026-06-26 22:05:00,952 [WARNING] Invalid 52WKL for DALI in ticker_price_part_2.json: 0
2026-06-26 22:05:00,952 [WARNING] Invalid 52WKL for DAN in ticker_price_part_2.json: 0
2026-06-26 22:05:00,952 [WARNING] Invalid 52WKL for DANA in ticker_price_part_2.json: 0
2026-06-26 22:05:00,952 [WARNING] Invalid 52WKL for DAO in ticker_price_part_2.json: 0
2026-06-26 22:05:00,952 [WARNING] Invalid 52WKL for DAPP in ticker_price_part_2.json: 0
2026-06-26 22:05:00,952 [WARNING] Invalid 52WKL for DAPR in ticker_price_part_2.json: 0
2026-06-26 22:05:00,952 [WARNING] Invalid 52WKL for DAR in ticker_price_part_2.json: 0
2026-06-26 22:05:00,952 [WARNING] Invalid 52WKL for DARP in ticker_price_part_2.json: 0
2026-06-26 22:05:00,952 [WARNING] Invalid 52WKL for DASH in ticker_price_part_2.json: 0
2026-06-26 22:05:00,953 [WARNING] Invalid 52WKL for DAT in ticker_price_part_2.json: 0
2026-06-26 22:05:00,953 [WARNING] Invalid 52WKL for DAUG in ticker_price_part_2.json: 0
2026-06-26 22:05:00,953 [WARNING] Invalid 52WKL for DAVE in ticker_price_part_2.json: 0
2026-06-26 22:05:00,953 [WARNING] Invalid 52WKL for DAX in ticker_price_part_2.json: 0
2026-06-26 22:05:00,953 [WARNING] Invalid 52WKL for DB in ticker_price_part_2.json: 0
2026-06-26 22:05:00,953 [WARNING] Invalid 52WKL for DBA in ticker_price_part_2.json: 0
2026-06-26 22:05:00,953 [WARNING] Invalid 52WKL for DBAW in ticker_price_part_2.json: 0
2026-06-26 22:05:00,953 [WARNING] Invalid 52WKL for DBB in ticker_price_part_2.json: 0
2026-06-26 22:05:00,953 [WARNING] Invalid 52WKL for DBC in ticker_price_part_2.json: 0
2026-06-26 22:05:00,953 [WARNING] Invalid 52WKL for DBCA in ticker_price_part_2.json: 0
2026-06-26 22:05:00,953 [WARNING] Invalid 52WKL for DBCAU in ticker_price_part_2.json: 0
2026-06-26 22:05:00,953 [WARNING] Invalid 52WKL for DBD in ticker_price_part_2.json: 0
2026-06-26 22:05:00,953 [WARNING] Invalid 52WKL for DBE in ticker_price_part_2.json: 0
2026-06-26 22:05:00,958 [INFO] Loaded 1041 tickers from ticker_price_part_3.json
2026-06-26 22:05:00,964 [INFO] Loaded 1040 tickers from ticker_price_part_4.json
2026-06-26 22:05:00,969 [INFO] Loaded 996 tickers from ticker_price_part_5.json
2026-06-26 22:05:00,974 [INFO] Loaded 994 tickers from ticker_price_part_6.json
2026-06-26 22:05:00,979 [INFO] Loaded 1041 tickers from ticker_price_part_7.json
2026-06-26 22:05:00,984 [INFO] Loaded 1027 tickers from ticker_price_part_8.json
2026-06-26 22:05:00,989 [INFO] Loaded 1041 tickers from ticker_price_part_9.json
2026-06-26 22:05:01,137 [INFO] Merged data saved to data/ticker_price.json with 10030 entries
2026-06-26 22:05:01,140 [INFO] Price merge completed. Elapsed time: 0.2s
2026-06-27 19:55:50,925 [INFO] Starting price merge process at 07:55 PM EDT on Saturday, June 27, 2026
2026-06-27 19:55:50,925 [INFO] Searching for ticker_price_part_*.json files in data
2026-06-27 19:55:50,925 [INFO] Found 10 part files to merge: ['ticker_price_part_0.json', 'ticker_price_part_1.json', 'ticker_price_part_2.json', 'ticker_price_part_3.json', 'ticker_price_part_4.json', 'ticker_price_part_5.json', 'ticker_price_part_6.json', 'ticker_price_part_7.json', 'ticker_price_part_8.json', 'ticker_price_part_9.json']
2026-06-27 19:55:50,928 [INFO] Loaded 746 tickers from ticker_price_part_0.json
2026-06-27 19:55:50,932 [INFO] Loaded 785 tickers from ticker_price_part_1.json
2026-06-27 19:55:50,936 [INFO] Loaded 845 tickers from ticker_price_part_2.json
2026-06-27 19:55:50,940 [INFO] Loaded 853 tickers from ticker_price_part_3.json
2026-06-27 19:55:50,945 [INFO] Loaded 872 tickers from ticker_price_part_4.json
2026-06-27 19:55:50,948 [INFO] Loaded 744 tickers from ticker_price_part_5.json
2026-06-27 19:55:50,952 [INFO] Loaded 736 tickers from ticker_price_part_6.json
2026-06-27 19:55:50,956 [INFO] Loaded 835 tickers from ticker_price_part_7.json
2026-06-27 19:55:50,959 [INFO] Loaded 801 tickers from ticker_price_part_8.json
2026-06-27 19:55:50,966 [INFO] Loaded 860 tickers from ticker_price_part_9.json
2026-06-27 19:55:51,074 [INFO] Merged data saved to data/ticker_price.json with 8077 entries
2026-06-27 19:55:51,077 [INFO] Price merge completed. Elapsed time: 0.2s
