2026-03-31 20:28:58,120 [INFO] Starting retry process at 08:28 PM EDT on Tuesday, March 31, 2026
2026-03-31 20:28:58,120 [INFO] Loaded 1218 unresolved tickers
2026-03-31 20:28:58,833 [INFO] Fetched 5401 NASDAQ symbols
2026-03-31 20:28:58,834 [INFO] Retrieved 5401 eligible symbols.
2026-03-31 20:29:01,383 [INFO] Batch API response type: <class 'dict'>
2026-03-31 20:29:01,384 [WARNING] Ticker SIMS has no valid sector/industry
2026-03-31 20:29:01,384 [WARNING] Ticker SIO has no valid sector/industry
2026-03-31 20:29:01,384 [WARNING] Ticker SIOO has no valid sector/industry
2026-03-31 20:29:01,384 [WARNING] Ticker SIVR has no valid sector/industry
2026-03-31 20:29:01,384 [WARNING] Ticker SIXA has no valid sector/industry
2026-03-31 20:29:01,384 [WARNING] Ticker SIXD has no valid sector/industry
2026-03-31 20:29:01,384 [WARNING] Ticker SIXF has no valid sector/industry
2026-03-31 20:29:01,384 [WARNING] Ticker SIXG has no valid sector/industry
2026-03-31 20:29:01,384 [WARNING] Ticker SIXH has no valid sector/industry
2026-03-31 20:29:01,384 [WARNING] Ticker SIXJ has no valid sector/industry
2026-03-31 20:29:01,384 [WARNING] Ticker SIXL has no valid sector/industry
2026-03-31 20:29:01,384 [WARNING] Ticker SIXO has no valid sector/industry
2026-03-31 20:29:01,384 [WARNING] Ticker SIXP has no valid sector/industry
2026-03-31 20:29:01,385 [WARNING] Ticker SIXS has no valid sector/industry
2026-03-31 20:29:01,385 [WARNING] Ticker SIXZ has no valid sector/industry
2026-03-31 20:29:01,385 [WARNING] Ticker SIZE has no valid sector/industry
2026-03-31 20:29:01,385 [WARNING] Ticker SJB has no valid sector/industry
2026-03-31 20:29:01,385 [WARNING] Ticker SJCP has no valid sector/industry
2026-03-31 20:29:01,385 [WARNING] Ticker SJLD has no valid sector/industry
2026-03-31 20:29:01,385 [WARNING] Ticker SJNK has no valid sector/industry
2026-03-31 20:29:01,385 [WARNING] Ticker SKF has no valid sector/industry
2026-03-31 20:29:01,385 [WARNING] Ticker SKOR has no valid sector/industry
2026-03-31 20:29:01,385 [WARNING] Ticker SKRE has no valid sector/industry
2026-03-31 20:29:01,385 [WARNING] Ticker SKYU has no valid sector/industry
2026-03-31 20:29:01,385 [WARNING] Ticker SKYY has no valid sector/industry
2026-03-31 20:29:01,385 [WARNING] Ticker SLDPW has no valid sector/industry
2026-03-31 20:29:01,385 [WARNING] Ticker SLDR has no valid sector/industry
2026-03-31 20:29:01,385 [WARNING] Ticker SLJY has no valid sector/industry
2026-03-31 20:29:01,385 [WARNING] Ticker SLNZ has no valid sector/industry
2026-03-31 20:29:01,385 [WARNING] Ticker SLON has no valid sector/industry
2026-03-31 20:29:01,385 [WARNING] Ticker SLQD has no valid sector/industry
2026-03-31 20:29:01,385 [WARNING] Ticker SLTY has no valid sector/industry
2026-03-31 20:29:01,385 [WARNING] Ticker SLV has no valid sector/industry
2026-03-31 20:29:01,385 [WARNING] Ticker SLVO has no valid sector/industry
2026-03-31 20:29:01,385 [WARNING] Ticker SLVP has no valid sector/industry
2026-03-31 20:29:01,385 [WARNING] Ticker SLVR has no valid sector/industry
2026-03-31 20:29:01,386 [WARNING] Ticker SLVX has no valid sector/industry
2026-03-31 20:29:01,386 [WARNING] Ticker SLX has no valid sector/industry
2026-03-31 20:29:01,386 [WARNING] Ticker SLXNW has no valid sector/industry
2026-03-31 20:29:01,386 [WARNING] Ticker SLYG has no valid sector/industry
2026-03-31 20:29:01,386 [WARNING] Ticker SLYV has no valid sector/industry
2026-03-31 20:29:01,386 [WARNING] Ticker SMAP has no valid sector/industry
2026-03-31 20:29:01,386 [WARNING] Ticker SMAX has no valid sector/industry
2026-03-31 20:29:01,386 [WARNING] Ticker SMAY has no valid sector/industry
2026-03-31 20:29:01,386 [WARNING] Ticker SMB has no valid sector/industry
2026-03-31 20:29:01,386 [WARNING] Ticker SMBS has no valid sector/industry
2026-03-31 20:29:01,386 [WARNING] Ticker SMCF has no valid sector/industry
2026-03-31 20:29:01,386 [WARNING] Ticker SMCL has no valid sector/industry
2026-03-31 20:29:01,386 [WARNING] Ticker SMCO has no valid sector/industry
2026-03-31 20:29:01,386 [WARNING] Ticker SMCX has no valid sector/industry
2026-03-31 20:29:01,386 [WARNING] Ticker SMCY has no valid sector/industry
2026-03-31 20:29:01,386 [WARNING] Ticker SMCZ has no valid sector/industry
2026-03-31 20:29:01,386 [WARNING] Ticker SMDD has no valid sector/industry
2026-03-31 20:29:01,386 [WARNING] Ticker SMDV has no valid sector/industry
2026-03-31 20:29:01,386 [WARNING] Ticker SMDX has no valid sector/industry
2026-03-31 20:29:01,386 [WARNING] Ticker SMH has no valid sector/industry
2026-03-31 20:29:01,386 [WARNING] Ticker SMHB has no valid sector/industry
2026-03-31 20:29:01,386 [WARNING] Ticker SMHX has no valid sector/industry
2026-03-31 20:29:01,386 [WARNING] Ticker SMIG has no valid sector/industry
2026-03-31 20:29:01,387 [WARNING] Ticker SMIN has no valid sector/industry
2026-03-31 20:29:01,387 [WARNING] Ticker SMIZ has no valid sector/industry
2026-03-31 20:29:01,387 [WARNING] Ticker SMLF has no valid sector/industry
2026-03-31 20:29:01,387 [WARNING] Ticker SMLL has no valid sector/industry
2026-03-31 20:29:01,387 [WARNING] Ticker SMLV has no valid sector/industry
2026-03-31 20:29:01,387 [WARNING] Ticker SMMD has no valid sector/industry
2026-03-31 20:29:01,387 [WARNING] Ticker SMMU has no valid sector/industry
2026-03-31 20:29:01,387 [WARNING] Ticker SMMV has no valid sector/industry
2026-03-31 20:29:01,387 [WARNING] Ticker SMN has no valid sector/industry
2026-03-31 20:29:01,387 [WARNING] Ticker SMOG has no valid sector/industry
2026-03-31 20:29:01,387 [WARNING] Ticker SMOM has no valid sector/industry
2026-03-31 20:29:01,387 [WARNING] Ticker SMOT has no valid sector/industry
2026-03-31 20:29:01,387 [WARNING] Ticker SMOX has no valid sector/industry
2026-03-31 20:29:01,387 [WARNING] Ticker SMQ has no valid sector/industry
2026-03-31 20:29:01,387 [WARNING] Ticker SMRF has no valid sector/industry
2026-03-31 20:29:01,387 [WARNING] Ticker SMRI has no valid sector/industry
2026-03-31 20:29:01,387 [WARNING] Ticker SMST has no valid sector/industry
2026-03-31 20:29:01,387 [WARNING] Ticker SMTH has no valid sector/industry
2026-03-31 20:29:01,387 [WARNING] Ticker SMU has no valid sector/industry
2026-03-31 20:29:01,387 [WARNING] Ticker SMUP has no valid sector/industry
2026-03-31 20:29:01,387 [WARNING] Ticker SMXWW has no valid sector/industry
2026-03-31 20:29:01,387 [WARNING] Ticker SMYY has no valid sector/industry
2026-03-31 20:29:01,387 [WARNING] Ticker SMZ has no valid sector/industry
2026-03-31 20:29:01,388 [WARNING] Ticker SNAG has no valid sector/industry
2026-03-31 20:29:01,388 [WARNING] Ticker SNAV has no valid sector/industry
2026-03-31 20:29:01,388 [WARNING] Ticker SNDU has no valid sector/industry
2026-03-31 20:29:01,388 [WARNING] Ticker SNOU has no valid sector/industry
2026-03-31 20:29:01,388 [WARNING] Ticker SNOV has no valid sector/industry
2026-03-31 20:29:01,388 [WARNING] Ticker SNOY has no valid sector/industry
2026-03-31 20:29:01,388 [WARNING] Ticker SNPD has no valid sector/industry
2026-03-31 20:29:01,388 [WARNING] Ticker SNPE has no valid sector/industry
2026-03-31 20:29:01,388 [WARNING] Ticker SNPG has no valid sector/industry
2026-03-31 20:29:01,388 [WARNING] Ticker SNPX has no valid sector/industry
2026-03-31 20:29:01,388 [WARNING] Ticker SNSR has no valid sector/industry
2026-03-31 20:29:01,388 [WARNING] Ticker SNTH has no valid sector/industry
2026-03-31 20:29:01,388 [WARNING] Ticker SNXX has no valid sector/industry
2026-03-31 20:29:01,388 [WARNING] Ticker SOCAW has no valid sector/industry
2026-03-31 20:29:01,388 [WARNING] Ticker SOCL has no valid sector/industry
2026-03-31 20:29:01,388 [WARNING] Ticker SOEZ has no valid sector/industry
2026-03-31 20:29:01,388 [WARNING] Ticker SOFA has no valid sector/industry
2026-03-31 20:29:01,388 [WARNING] Ticker SOFR has no valid sector/industry
2026-03-31 20:29:01,398 [INFO] Batch 1/13 - Resolved: 0 | Unresolved: 100
2026-03-31 20:29:06,791 [INFO] Batch API response type: <class 'dict'>
2026-03-31 20:29:06,791 [WARNING] Ticker SOFX has no valid sector/industry
2026-03-31 20:29:06,792 [WARNING] Ticker SOJC has no valid sector/industry
2026-03-31 20:29:06,792 [WARNING] Ticker SOJD has no valid sector/industry
2026-03-31 20:29:06,792 [WARNING] Ticker SOJE has no valid sector/industry
2026-03-31 20:29:06,792 [WARNING] Ticker SOJF has no valid sector/industry
2026-03-31 20:29:06,792 [WARNING] Ticker SOLC has no valid sector/industry
2026-03-31 20:29:06,792 [WARNING] Ticker SOLM has no valid sector/industry
2026-03-31 20:29:06,792 [WARNING] Ticker SOLR has no valid sector/industry
2026-03-31 20:29:06,792 [WARNING] Ticker SOLT has no valid sector/industry
2026-03-31 20:29:06,792 [WARNING] Ticker SOLX has no valid sector/industry
2026-03-31 20:29:06,792 [WARNING] Ticker SOLZ has no valid sector/industry
2026-03-31 20:29:06,792 [WARNING] Ticker SORN has no valid sector/industry
2026-03-31 20:29:06,792 [WARNING] Ticker SORNW has no valid sector/industry
2026-03-31 20:29:06,792 [WARNING] Ticker SOUNW has no valid sector/industry
2026-03-31 20:29:06,792 [WARNING] Ticker SOUX has no valid sector/industry
2026-03-31 20:29:06,792 [WARNING] Ticker SOVF has no valid sector/industry
2026-03-31 20:29:06,792 [WARNING] Ticker SOXL has no valid sector/industry
2026-03-31 20:29:06,792 [WARNING] Ticker SOXQ has no valid sector/industry
2026-03-31 20:29:06,792 [WARNING] Ticker SOXS has no valid sector/industry
2026-03-31 20:29:06,792 [WARNING] Ticker SOXX has no valid sector/industry
2026-03-31 20:29:06,792 [WARNING] Ticker SOXY has no valid sector/industry
2026-03-31 20:29:06,792 [WARNING] Ticker SOYB has no valid sector/industry
2026-03-31 20:29:06,792 [WARNING] Ticker SPAB has no valid sector/industry
2026-03-31 20:29:06,793 [WARNING] Ticker SPAM has no valid sector/industry
2026-03-31 20:29:06,793 [WARNING] Ticker SPAQ has no valid sector/industry
2026-03-31 20:29:06,793 [WARNING] Ticker SPBC has no valid sector/industry
2026-03-31 20:29:06,793 [WARNING] Ticker SPBO has no valid sector/industry
2026-03-31 20:29:06,793 [WARNING] Ticker SPBU has no valid sector/industry
2026-03-31 20:29:06,793 [WARNING] Ticker SPBW has no valid sector/industry
2026-03-31 20:29:06,793 [WARNING] Ticker SPBX has no valid sector/industry
2026-03-31 20:29:06,793 [WARNING] Ticker SPCI has no valid sector/industry
2026-03-31 20:29:06,793 [WARNING] Ticker SPCT has no valid sector/industry
2026-03-31 20:29:06,793 [WARNING] Ticker SPCX has no valid sector/industry
2026-03-31 20:29:06,793 [WARNING] Ticker SPCZ has no valid sector/industry
2026-03-31 20:29:06,793 [WARNING] Ticker SPD has no valid sector/industry
2026-03-31 20:29:06,793 [WARNING] Ticker SPDG has no valid sector/industry
2026-03-31 20:29:06,793 [WARNING] Ticker SPDN has no valid sector/industry
2026-03-31 20:29:06,793 [WARNING] Ticker SPDV has no valid sector/industry
2026-03-31 20:29:06,793 [WARNING] Ticker SPDW has no valid sector/industry
2026-03-31 20:29:06,793 [WARNING] Ticker SPEGR has no valid sector/industry
2026-03-31 20:29:06,793 [WARNING] Ticker SPEM has no valid sector/industry
2026-03-31 20:29:06,793 [WARNING] Ticker SPEU has no valid sector/industry
2026-03-31 20:29:06,793 [WARNING] Ticker SPFF has no valid sector/industry
2026-03-31 20:29:06,793 [WARNING] Ticker SPGM has no valid sector/industry
2026-03-31 20:29:06,793 [WARNING] Ticker SPGP has no valid sector/industry
2026-03-31 20:29:06,794 [WARNING] Ticker SPHB has no valid sector/industry
2026-03-31 20:29:06,794 [WARNING] Ticker SPHD has no valid sector/industry
2026-03-31 20:29:06,794 [WARNING] Ticker SPHQ has no valid sector/industry
2026-03-31 20:29:06,794 [WARNING] Ticker SPHY has no valid sector/industry
2026-03-31 20:29:06,794 [WARNING] Ticker SPIB has no valid sector/industry
2026-03-31 20:29:06,794 [WARNING] Ticker SPIN has no valid sector/industry
2026-03-31 20:29:06,794 [WARNING] Ticker SPIP has no valid sector/industry
2026-03-31 20:29:06,794 [WARNING] Ticker SPIT has no valid sector/industry
2026-03-31 20:29:06,794 [WARNING] Ticker SPKLW has no valid sector/industry
2026-03-31 20:29:06,794 [WARNING] Ticker SPLB has no valid sector/industry
2026-03-31 20:29:06,794 [WARNING] Ticker SPLS has no valid sector/industry
2026-03-31 20:29:06,794 [WARNING] Ticker SPLV has no valid sector/industry
2026-03-31 20:29:06,794 [WARNING] Ticker SPMB has no valid sector/industry
2026-03-31 20:29:06,794 [WARNING] Ticker SPMD has no valid sector/industry
2026-03-31 20:29:06,794 [WARNING] Ticker SPMO has no valid sector/industry
2026-03-31 20:29:06,794 [WARNING] Ticker SPOG has no valid sector/industry
2026-03-31 20:29:06,794 [WARNING] Ticker SPPP has no valid sector/industry
2026-03-31 20:29:06,794 [WARNING] Ticker SPRE has no valid sector/industry
2026-03-31 20:29:06,794 [WARNING] Ticker SPRX has no valid sector/industry
2026-03-31 20:29:06,794 [WARNING] Ticker SPSB has no valid sector/industry
2026-03-31 20:29:06,794 [WARNING] Ticker SPSK has no valid sector/industry
2026-03-31 20:29:06,794 [WARNING] Ticker SPSM has no valid sector/industry
2026-03-31 20:29:06,794 [WARNING] Ticker SPTB has no valid sector/industry
2026-03-31 20:29:06,795 [WARNING] Ticker SPTE has no valid sector/industry
2026-03-31 20:29:06,795 [WARNING] Ticker SPTI has no valid sector/industry
2026-03-31 20:29:06,795 [WARNING] Ticker SPTL has no valid sector/industry
2026-03-31 20:29:06,795 [WARNING] Ticker SPTM has no valid sector/industry
2026-03-31 20:29:06,795 [WARNING] Ticker SPTS has no valid sector/industry
2026-03-31 20:29:06,795 [WARNING] Ticker SPTU has no valid sector/industry
2026-03-31 20:29:06,795 [WARNING] Ticker SPUC has no valid sector/industry
2026-03-31 20:29:06,795 [WARNING] Ticker SPUS has no valid sector/industry
2026-03-31 20:29:06,795 [WARNING] Ticker SPUT has no valid sector/industry
2026-03-31 20:29:06,795 [WARNING] Ticker SPUU has no valid sector/industry
2026-03-31 20:29:06,795 [WARNING] Ticker SPVM has no valid sector/industry
2026-03-31 20:29:06,795 [WARNING] Ticker SPWO has no valid sector/industry
2026-03-31 20:29:06,795 [WARNING] Ticker SPWRW has no valid sector/industry
2026-03-31 20:29:06,795 [WARNING] Ticker SPXD has no valid sector/industry
2026-03-31 20:29:06,795 [WARNING] Ticker SPXE has no valid sector/industry
2026-03-31 20:29:06,795 [WARNING] Ticker SPXL has no valid sector/industry
2026-03-31 20:29:06,795 [WARNING] Ticker SPXN has no valid sector/industry
2026-03-31 20:29:06,795 [WARNING] Ticker SPXS has no valid sector/industry
2026-03-31 20:29:06,795 [WARNING] Ticker SPXT has no valid sector/industry
2026-03-31 20:29:06,795 [WARNING] Ticker SPXU has no valid sector/industry
2026-03-31 20:29:06,795 [WARNING] Ticker SPXV has no valid sector/industry
2026-03-31 20:29:06,795 [WARNING] Ticker SPY has no valid sector/industry
2026-03-31 20:29:06,795 [WARNING] Ticker SPYA has no valid sector/industry
2026-03-31 20:29:06,796 [WARNING] Ticker SPYC has no valid sector/industry
2026-03-31 20:29:06,796 [WARNING] Ticker SPYD has no valid sector/industry
2026-03-31 20:29:06,796 [WARNING] Ticker SPYG has no valid sector/industry
2026-03-31 20:29:06,796 [WARNING] Ticker SPYH has no valid sector/industry
2026-03-31 20:29:06,796 [WARNING] Ticker SPYI has no valid sector/industry
2026-03-31 20:29:06,796 [WARNING] Ticker SPYM has no valid sector/industry
2026-03-31 20:29:06,796 [WARNING] Ticker SPYQ has no valid sector/industry
2026-03-31 20:29:06,796 [WARNING] Ticker SPYT has no valid sector/industry
2026-03-31 20:29:06,796 [WARNING] Ticker SPYU has no valid sector/industry
2026-03-31 20:29:06,805 [INFO] Batch 2/13 - Resolved: 0 | Unresolved: 100
2026-03-31 20:29:10,575 [INFO] Batch API response type: <class 'dict'>
2026-03-31 20:29:10,576 [WARNING] Ticker SPYV has no valid sector/industry
2026-03-31 20:29:10,576 [WARNING] Ticker SPYX has no valid sector/industry
2026-03-31 20:29:10,576 [WARNING] Ticker SQFTW has no valid sector/industry
2026-03-31 20:29:10,576 [WARNING] Ticker SQLV has no valid sector/industry
2026-03-31 20:29:10,576 [WARNING] Ticker SQMX has no valid sector/industry
2026-03-31 20:29:10,576 [WARNING] Ticker SQQQ has no valid sector/industry
2026-03-31 20:29:10,576 [WARNING] Ticker SQS has no valid sector/industry
2026-03-31 20:29:10,576 [WARNING] Ticker SREA has no valid sector/industry
2026-03-31 20:29:10,576 [WARNING] Ticker SRET has no valid sector/industry
2026-03-31 20:29:10,576 [WARNING] Ticker SRHQ has no valid sector/industry
2026-03-31 20:29:10,576 [WARNING] Ticker SRHR has no valid sector/industry
2026-03-31 20:29:10,577 [WARNING] Ticker SRJN has no valid sector/industry
2026-03-31 20:29:10,577 [WARNING] Ticker SRLN has no valid sector/industry
2026-03-31 20:29:10,577 [WARNING] Ticker SROI has no valid sector/industry
2026-03-31 20:29:10,577 [WARNING] Ticker SRPU has no valid sector/industry
2026-03-31 20:29:10,577 [WARNING] Ticker SRS has no valid sector/industry
2026-03-31 20:29:10,577 [WARNING] Ticker SRTAW has no valid sector/industry
2026-03-31 20:29:10,577 [WARNING] Ticker SRTY has no valid sector/industry
2026-03-31 20:29:10,577 [WARNING] Ticker SRVR has no valid sector/industry
2026-03-31 20:29:10,577 [WARNING] Ticker SRZNW has no valid sector/industry
2026-03-31 20:29:10,577 [WARNING] Ticker SSAC has no valid sector/industry
2026-03-31 20:29:10,577 [WARNING] Ticker SSACR has no valid sector/industry
2026-03-31 20:29:10,577 [WARNING] Ticker SSACU has no valid sector/industry
2026-03-31 20:29:10,577 [WARNING] Ticker SSACW has no valid sector/industry
2026-03-31 20:29:10,577 [WARNING] Ticker SSEAR has no valid sector/industry
2026-03-31 20:29:10,577 [WARNING] Ticker SSFI has no valid sector/industry
2026-03-31 20:29:10,577 [WARNING] Ticker SSG has no valid sector/industry
2026-03-31 20:29:10,577 [WARNING] Ticker SSK has no valid sector/industry
2026-03-31 20:29:10,577 [WARNING] Ticker SSO has no valid sector/industry
2026-03-31 20:29:10,577 [WARNING] Ticker SSPY has no valid sector/industry
2026-03-31 20:29:10,577 [WARNING] Ticker SSS has no valid sector/industry
2026-03-31 20:29:10,577 [WARNING] Ticker SSSSL has no valid sector/industry
2026-03-31 20:29:10,577 [WARNING] Ticker SSUS has no valid sector/industry
2026-03-31 20:29:10,577 [WARNING] Ticker SSXU has no valid sector/industry
2026-03-31 20:29:10,577 [WARNING] Ticker STAX has no valid sector/industry
2026-03-31 20:29:10,577 [WARNING] Ticker STBF has no valid sector/industry
2026-03-31 20:29:10,578 [WARNING] Ticker STBQ has no valid sector/industry
2026-03-31 20:29:10,578 [WARNING] Ticker STCE has no valid sector/industry
2026-03-31 20:29:10,578 [WARNING] Ticker STEN has no valid sector/industry
2026-03-31 20:29:10,578 [WARNING] Ticker STHH has no valid sector/industry
2026-03-31 20:29:10,578 [WARNING] Ticker STIP has no valid sector/industry
2026-03-31 20:29:10,578 [WARNING] Ticker STNC has no valid sector/industry
2026-03-31 20:29:10,578 [WARNING] Ticker STOT has no valid sector/industry
2026-03-31 20:29:10,578 [WARNING] Ticker STOX has no valid sector/industry
2026-03-31 20:29:10,578 [WARNING] Ticker STPZ has no valid sector/industry
2026-03-31 20:29:10,578 [WARNING] Ticker STRN has no valid sector/industry
2026-03-31 20:29:10,578 [WARNING] Ticker STRV has no valid sector/industry
2026-03-31 20:29:10,578 [WARNING] Ticker STSM has no valid sector/industry
2026-03-31 20:29:10,578 [WARNING] Ticker STSSW has no valid sector/industry
2026-03-31 20:29:10,578 [WARNING] Ticker STXD has no valid sector/industry
2026-03-31 20:29:10,578 [WARNING] Ticker STXE has no valid sector/industry
2026-03-31 20:29:10,578 [WARNING] Ticker STXG has no valid sector/industry
2026-03-31 20:29:10,578 [WARNING] Ticker STXK has no valid sector/industry
2026-03-31 20:29:10,578 [WARNING] Ticker STXT has no valid sector/industry
2026-03-31 20:29:10,578 [WARNING] Ticker STXV has no valid sector/industry
2026-03-31 20:29:10,578 [WARNING] Ticker SUB has no valid sector/industry
2026-03-31 20:29:10,578 [WARNING] Ticker SUIS has no valid sector/industry
2026-03-31 20:29:10,578 [WARNING] Ticker SUMAU has no valid sector/industry
2026-03-31 20:29:10,578 [WARNING] Ticker SUPL has no valid sector/industry
2026-03-31 20:29:10,578 [WARNING] Ticker SUPP has no valid sector/industry
2026-03-31 20:29:10,578 [WARNING] Ticker SURE has no valid sector/industry
2026-03-31 20:29:10,578 [WARNING] Ticker SURI has no valid sector/industry
2026-03-31 20:29:10,579 [WARNING] Ticker SUSA has no valid sector/industry
2026-03-31 20:29:10,579 [WARNING] Ticker SUSB has no valid sector/industry
2026-03-31 20:29:10,579 [WARNING] Ticker SUSC has no valid sector/industry
2026-03-31 20:29:10,579 [WARNING] Ticker SUSL has no valid sector/industry
2026-03-31 20:29:10,579 [WARNING] Ticker SVA has no valid sector/industry
2026-03-31 20:29:10,579 [WARNING] Ticker SVACW has no valid sector/industry
2026-03-31 20:29:10,579 [WARNING] Ticker SVAL has no valid sector/industry
2026-03-31 20:29:10,579 [WARNING] Ticker SVAQ has no valid sector/industry
2026-03-31 20:29:10,579 [WARNING] Ticker SVAQW has no valid sector/industry
2026-03-31 20:29:10,579 [WARNING] Ticker SVCCW has no valid sector/industry
2026-03-31 20:29:10,579 [WARNING] Ticker SVIVW has no valid sector/industry
2026-03-31 20:29:10,579 [WARNING] Ticker SVIX has no valid sector/industry
2026-03-31 20:29:10,579 [WARNING] Ticker SVOL has no valid sector/industry
2026-03-31 20:29:10,579 [WARNING] Ticker SVREW has no valid sector/industry
2026-03-31 20:29:10,579 [WARNING] Ticker SVXY has no valid sector/industry
2026-03-31 20:29:10,579 [WARNING] Ticker SWAGW has no valid sector/industry
2026-03-31 20:29:10,579 [WARNING] Ticker SWAN has no valid sector/industry
2026-03-31 20:29:10,579 [WARNING] Ticker SWKHL has no valid sector/industry
2026-03-31 20:29:10,579 [WARNING] Ticker SWMR has no valid sector/industry
2026-03-31 20:29:10,579 [WARNING] Ticker SWP has no valid sector/industry
2026-03-31 20:29:10,579 [WARNING] Ticker SWVLW has no valid sector/industry
2026-03-31 20:29:10,579 [WARNING] Ticker SWZ has no valid sector/industry
2026-03-31 20:29:10,579 [WARNING] Ticker SXQG has no valid sector/industry
2026-03-31 20:29:10,579 [WARNING] Ticker SXTPW has no valid sector/industry
2026-03-31 20:29:10,579 [WARNING] Ticker SYFI has no valid sector/industry
2026-03-31 20:29:10,579 [WARNING] Ticker SYLD has no valid sector/industry
2026-03-31 20:29:10,580 [WARNING] Ticker SYSB has no valid sector/industry
2026-03-31 20:29:10,580 [WARNING] Ticker SYZ has no valid sector/industry
2026-03-31 20:29:10,580 [WARNING] Ticker SZK has no valid sector/industry
2026-03-31 20:29:10,580 [WARNING] Ticker SZNE has no valid sector/industry
2026-03-31 20:29:10,580 [WARNING] Ticker SZZLR has no valid sector/industry
2026-03-31 20:29:10,580 [WARNING] Ticker TABD has no valid sector/industry
2026-03-31 20:29:10,580 [WARNING] Ticker TACHW has no valid sector/industry
2026-03-31 20:29:10,580 [WARNING] Ticker TACK has no valid sector/industry
2026-03-31 20:29:10,580 [WARNING] Ticker TACN has no valid sector/industry
2026-03-31 20:29:10,580 [WARNING] Ticker TACOW has no valid sector/industry
2026-03-31 20:29:10,580 [WARNING] Ticker TACU has no valid sector/industry
2026-03-31 20:29:10,580 [WARNING] Ticker TAFI has no valid sector/industry
2026-03-31 20:29:10,590 [INFO] Batch 3/13 - Resolved: 0 | Unresolved: 100
2026-03-31 20:29:15,361 [INFO] Batch API response type: <class 'dict'>
2026-03-31 20:29:15,362 [WARNING] Ticker TAFL has no valid sector/industry
2026-03-31 20:29:15,362 [WARNING] Ticker TAFM has no valid sector/industry
2026-03-31 20:29:15,362 [WARNING] Ticker TAGG has no valid sector/industry
2026-03-31 20:29:15,362 [WARNING] Ticker TAGS has no valid sector/industry
2026-03-31 20:29:15,362 [WARNING] Ticker TAIL has no valid sector/industry
2026-03-31 20:29:15,362 [WARNING] Ticker TALKW has no valid sector/industry
2026-03-31 20:29:15,362 [WARNING] Ticker TALV has no valid sector/industry
2026-03-31 20:29:15,362 [WARNING] Ticker TAN has no valid sector/industry
2026-03-31 20:29:15,362 [WARNING] Ticker TAPR has no valid sector/industry
2026-03-31 20:29:15,362 [WARNING] Ticker TARK has no valid sector/industry
2026-03-31 20:29:15,362 [WARNING] Ticker TAVIR has no valid sector/industry
2026-03-31 20:29:15,362 [WARNING] Ticker TAX has no valid sector/industry
2026-03-31 20:29:15,362 [WARNING] Ticker TAXE has no valid sector/industry
2026-03-31 20:29:15,362 [WARNING] Ticker TAXF has no valid sector/industry
2026-03-31 20:29:15,362 [WARNING] Ticker TAXI has no valid sector/industry
2026-03-31 20:29:15,363 [WARNING] Ticker TAXM has no valid sector/industry
2026-03-31 20:29:15,363 [WARNING] Ticker TAXS has no valid sector/industry
2026-03-31 20:29:15,363 [WARNING] Ticker TAXT has no valid sector/industry
2026-03-31 20:29:15,363 [WARNING] Ticker TAXX has no valid sector/industry
2026-03-31 20:29:15,363 [WARNING] Ticker TBB has no valid sector/industry
2026-03-31 20:29:15,363 [WARNING] Ticker TBF has no valid sector/industry
2026-03-31 20:29:15,363 [WARNING] Ticker TBFC has no valid sector/industry
2026-03-31 20:29:15,363 [WARNING] Ticker TBFG has no valid sector/industry
2026-03-31 20:29:15,363 [WARNING] Ticker TBG has no valid sector/industry
2026-03-31 20:29:15,363 [WARNING] Ticker TBIL has no valid sector/industry
2026-03-31 20:29:15,363 [WARNING] Ticker TBJL has no valid sector/industry
2026-03-31 20:29:15,363 [WARNING] Ticker TBLAW has no valid sector/industry
2026-03-31 20:29:15,363 [WARNING] Ticker TBLL has no valid sector/industry
2026-03-31 20:29:15,363 [WARNING] Ticker TBLU has no valid sector/industry
2026-03-31 20:29:15,363 [WARNING] Ticker TBT has no valid sector/industry
2026-03-31 20:29:15,363 [WARNING] Ticker TBUX has no valid sector/industry
2026-03-31 20:29:15,363 [WARNING] Ticker TBX has no valid sector/industry
2026-03-31 20:29:15,363 [WARNING] Ticker TBXU has no valid sector/industry
2026-03-31 20:29:15,363 [WARNING] Ticker TCAF has no valid sector/industry
2026-03-31 20:29:15,363 [WARNING] Ticker TCAI has no valid sector/industry
2026-03-31 20:29:15,363 [WARNING] Ticker TCAL has no valid sector/industry
2026-03-31 20:29:15,363 [WARNING] Ticker TCHI has no valid sector/industry
2026-03-31 20:29:15,364 [WARNING] Ticker TCHP has no valid sector/industry
2026-03-31 20:29:15,364 [WARNING] Ticker TCPA has no valid sector/industry
2026-03-31 20:29:15,364 [WARNING] Ticker TCPB has no valid sector/industry
2026-03-31 20:29:15,364 [WARNING] Ticker TCV has no valid sector/industry
2026-03-31 20:29:15,364 [WARNING] Ticker TDACW has no valid sector/industry
2026-03-31 20:29:15,364 [WARNING] Ticker TDAQ has no valid sector/industry
2026-03-31 20:29:15,364 [WARNING] Ticker TDAX has no valid sector/industry
2026-03-31 20:29:15,364 [WARNING] Ticker TDEC has no valid sector/industry
2026-03-31 20:29:15,364 [WARNING] Ticker TDI has no valid sector/industry
2026-03-31 20:29:15,364 [WARNING] Ticker TDIV has no valid sector/industry
2026-03-31 20:29:15,364 [WARNING] Ticker TDOG has no valid sector/industry
2026-03-31 20:29:15,364 [WARNING] Ticker TDOT has no valid sector/industry
2026-03-31 20:29:15,364 [WARNING] Ticker TDSB has no valid sector/industry
2026-03-31 20:29:15,364 [WARNING] Ticker TDSC has no valid sector/industry
2026-03-31 20:29:15,364 [WARNING] Ticker TDTF has no valid sector/industry
2026-03-31 20:29:15,364 [WARNING] Ticker TDTT has no valid sector/industry
2026-03-31 20:29:15,364 [WARNING] Ticker TDV has no valid sector/industry
2026-03-31 20:29:15,364 [WARNING] Ticker TDVG has no valid sector/industry
2026-03-31 20:29:15,364 [WARNING] Ticker TDVI has no valid sector/industry
2026-03-31 20:29:15,364 [WARNING] Ticker TDWD has no valid sector/industry
2026-03-31 20:29:15,364 [WARNING] Ticker TDWDR has no valid sector/industry
2026-03-31 20:29:15,364 [WARNING] Ticker TDWDU has no valid sector/industry
2026-03-31 20:29:15,364 [WARNING] Ticker TEC has no valid sector/industry
2026-03-31 20:29:15,364 [WARNING] Ticker TECB has no valid sector/industry
2026-03-31 20:29:15,365 [WARNING] Ticker TECL has no valid sector/industry
2026-03-31 20:29:15,365 [WARNING] Ticker TECS has no valid sector/industry
2026-03-31 20:29:15,365 [WARNING] Ticker TEK has no valid sector/industry
2026-03-31 20:29:15,365 [WARNING] Ticker TEKX has no valid sector/industry
2026-03-31 20:29:15,365 [WARNING] Ticker TEKY has no valid sector/industry
2026-03-31 20:29:15,365 [WARNING] Ticker TEMD has no valid sector/industry
2026-03-31 20:29:15,365 [WARNING] Ticker TEMR has no valid sector/industry
2026-03-31 20:29:15,365 [WARNING] Ticker TEMT has no valid sector/industry
2026-03-31 20:29:15,365 [WARNING] Ticker TEMX has no valid sector/industry
2026-03-31 20:29:15,365 [WARNING] Ticker TEND has no valid sector/industry
2026-03-31 20:29:15,365 [WARNING] Ticker TENJ has no valid sector/industry
2026-03-31 20:29:15,365 [WARNING] Ticker TENM has no valid sector/industry
2026-03-31 20:29:15,365 [WARNING] Ticker TEQI has no valid sector/industry
2026-03-31 20:29:15,365 [WARNING] Ticker TERG has no valid sector/industry
2026-03-31 20:29:15,365 [WARNING] Ticker TESL has no valid sector/industry
2026-03-31 20:29:15,365 [WARNING] Ticker TEST has no valid sector/industry
2026-03-31 20:29:15,365 [WARNING] Ticker TETH has no valid sector/industry
2026-03-31 20:29:15,365 [WARNING] Ticker TEXN has no valid sector/industry
2026-03-31 20:29:15,365 [WARNING] Ticker TEXU has no valid sector/industry
2026-03-31 20:29:15,365 [WARNING] Ticker TEXX has no valid sector/industry
2026-03-31 20:29:15,365 [WARNING] Ticker TFFI has no valid sector/industry
2026-03-31 20:29:15,365 [WARNING] Ticker TFI has no valid sector/industry
2026-03-31 20:29:15,366 [WARNING] Ticker TFJL has no valid sector/industry
2026-03-31 20:29:15,366 [WARNING] Ticker TFLO has no valid sector/industry
2026-03-31 20:29:15,366 [WARNING] Ticker TFLR has no valid sector/industry
2026-03-31 20:29:15,366 [WARNING] Ticker TFNS has no valid sector/industry
2026-03-31 20:29:15,366 [WARNING] Ticker TFPN has no valid sector/industry
2026-03-31 20:29:15,366 [WARNING] Ticker TGLB has no valid sector/industry
2026-03-31 20:29:15,366 [WARNING] Ticker TGLR has no valid sector/industry
2026-03-31 20:29:15,366 [WARNING] Ticker TGRT has no valid sector/industry
2026-03-31 20:29:15,366 [WARNING] Ticker TGRW has no valid sector/industry
2026-03-31 20:29:15,366 [WARNING] Ticker THD has no valid sector/industry
2026-03-31 20:29:15,366 [WARNING] Ticker THEQ has no valid sector/industry
2026-03-31 20:29:15,366 [WARNING] Ticker THIR has no valid sector/industry
2026-03-31 20:29:15,366 [WARNING] Ticker THLV has no valid sector/industry
2026-03-31 20:29:15,366 [WARNING] Ticker THMZ has no valid sector/industry
2026-03-31 20:29:15,366 [WARNING] Ticker THNQ has no valid sector/industry
2026-03-31 20:29:15,366 [WARNING] Ticker THNR has no valid sector/industry
2026-03-31 20:29:15,366 [WARNING] Ticker THRO has no valid sector/industry
2026-03-31 20:29:15,377 [INFO] Batch 4/13 - Resolved: 0 | Unresolved: 100
2026-03-31 20:29:19,661 [INFO] Batch API response type: <class 'dict'>
2026-03-31 20:29:19,661 [WARNING] Ticker THRV has no valid sector/industry
2026-03-31 20:29:19,661 [WARNING] Ticker THTA has no valid sector/industry
2026-03-31 20:29:19,661 [WARNING] Ticker THY has no valid sector/industry
2026-03-31 20:29:19,661 [WARNING] Ticker THYF has no valid sector/industry
2026-03-31 20:29:19,662 [WARNING] Ticker THYM has no valid sector/industry
2026-03-31 20:29:19,662 [WARNING] Ticker TIER has no valid sector/industry
2026-03-31 20:29:19,662 [WARNING] Ticker TIIV has no valid sector/industry
2026-03-31 20:29:19,662 [WARNING] Ticker TILL has no valid sector/industry
2026-03-31 20:29:19,662 [WARNING] Ticker TILT has no valid sector/industry
2026-03-31 20:29:19,662 [WARNING] Ticker TIME has no valid sector/industry
2026-03-31 20:29:19,662 [WARNING] Ticker TINS has no valid sector/industry
2026-03-31 20:29:19,662 [WARNING] Ticker TINT has no valid sector/industry
2026-03-31 20:29:19,662 [WARNING] Ticker TINY has no valid sector/industry
2026-03-31 20:29:19,662 [WARNING] Ticker TIP has no valid sector/industry
2026-03-31 20:29:19,662 [WARNING] Ticker TIPA has no valid sector/industry
2026-03-31 20:29:19,662 [WARNING] Ticker TIPB has no valid sector/industry
2026-03-31 20:29:19,662 [WARNING] Ticker TIPC has no valid sector/industry
2026-03-31 20:29:19,662 [WARNING] Ticker TIPD has no valid sector/industry
2026-03-31 20:29:19,662 [WARNING] Ticker TIPX has no valid sector/industry
2026-03-31 20:29:19,662 [WARNING] Ticker TIPZ has no valid sector/industry
2026-03-31 20:29:19,662 [WARNING] Ticker TJAN has no valid sector/industry
2026-03-31 20:29:19,662 [WARNING] Ticker TJUL has no valid sector/industry
2026-03-31 20:29:19,662 [WARNING] Ticker TJUN has no valid sector/industry
2026-03-31 20:29:19,662 [WARNING] Ticker TKNQ has no valid sector/industry
2026-03-31 20:29:19,662 [WARNING] Ticker TLA has no valid sector/industry
2026-03-31 20:29:19,663 [WARNING] Ticker TLCI has no valid sector/industry
2026-03-31 20:29:19,663 [WARNING] Ticker TLDR has no valid sector/industry
2026-03-31 20:29:19,663 [WARNING] Ticker TLG has no valid sector/industry
2026-03-31 20:29:19,663 [WARNING] Ticker TLH has no valid sector/industry
2026-03-31 20:29:19,663 [WARNING] Ticker TLNCW has no valid sector/industry
2026-03-31 20:29:19,663 [WARNING] Ticker TLSIW has no valid sector/industry
2026-03-31 20:29:19,663 [WARNING] Ticker TLT has no valid sector/industry
2026-03-31 20:29:19,663 [WARNING] Ticker TLTD has no valid sector/industry
2026-03-31 20:29:19,663 [WARNING] Ticker TLTE has no valid sector/industry
2026-03-31 20:29:19,663 [WARNING] Ticker TLTI has no valid sector/industry
2026-03-31 20:29:19,663 [WARNING] Ticker TLTP has no valid sector/industry
2026-03-31 20:29:19,663 [WARNING] Ticker TLTW has no valid sector/industry
2026-03-31 20:29:19,663 [WARNING] Ticker TLTX has no valid sector/industry
2026-03-31 20:29:19,663 [WARNING] Ticker TMAR has no valid sector/industry
2026-03-31 20:29:19,663 [WARNING] Ticker TMAT has no valid sector/industry
2026-03-31 20:29:19,663 [WARNING] Ticker TMB has no valid sector/industry
2026-03-31 20:29:19,663 [WARNING] Ticker TMCWW has no valid sector/industry
2026-03-31 20:29:19,663 [WARNING] Ticker TMDV has no valid sector/industry
2026-03-31 20:29:19,663 [WARNING] Ticker TMED has no valid sector/industry
2026-03-31 20:29:19,663 [WARNING] Ticker TMET has no valid sector/industry
2026-03-31 20:29:19,663 [WARNING] Ticker TMF has no valid sector/industry
2026-03-31 20:29:19,663 [WARNING] Ticker TMFC has no valid sector/industry
2026-03-31 20:29:19,663 [WARNING] Ticker TMFE has no valid sector/industry
2026-03-31 20:29:19,663 [WARNING] Ticker TMFG has no valid sector/industry
2026-03-31 20:29:19,664 [WARNING] Ticker TMFM has no valid sector/industry
2026-03-31 20:29:19,664 [WARNING] Ticker TMFS has no valid sector/industry
2026-03-31 20:29:19,664 [WARNING] Ticker TMFX has no valid sector/industry
2026-03-31 20:29:19,664 [WARNING] Ticker TMH has no valid sector/industry
2026-03-31 20:29:19,664 [WARNING] Ticker TMLP has no valid sector/industry
2026-03-31 20:29:19,664 [WARNING] Ticker TMNL has no valid sector/industry
2026-03-31 20:29:19,664 [WARNING] Ticker TMNS has no valid sector/industry
2026-03-31 20:29:19,664 [WARNING] Ticker TMSF has no valid sector/industry
2026-03-31 20:29:19,664 [WARNING] Ticker TMSL has no valid sector/industry
2026-03-31 20:29:19,664 [WARNING] Ticker TMUSI has no valid sector/industry
2026-03-31 20:29:19,664 [WARNING] Ticker TMUSL has no valid sector/industry
2026-03-31 20:29:19,664 [WARNING] Ticker TMUSZ has no valid sector/industry
2026-03-31 20:29:19,664 [WARNING] Ticker TMV has no valid sector/industry
2026-03-31 20:29:19,664 [WARNING] Ticker TMVE has no valid sector/industry
2026-03-31 20:29:19,664 [WARNING] Ticker TNA has no valid sector/industry
2026-03-31 20:29:19,664 [WARNING] Ticker TNGY has no valid sector/industry
2026-03-31 20:29:19,664 [WARNING] Ticker TNONW has no valid sector/industry
2026-03-31 20:29:19,664 [WARNING] Ticker TNUK has no valid sector/industry
2026-03-31 20:29:19,664 [WARNING] Ticker TNXT has no valid sector/industry
2026-03-31 20:29:19,664 [WARNING] Ticker TOAK has no valid sector/industry
2026-03-31 20:29:19,664 [WARNING] Ticker TOCT has no valid sector/industry
2026-03-31 20:29:19,664 [WARNING] Ticker TOGA has no valid sector/industry
2026-03-31 20:29:19,664 [WARNING] Ticker TOIIW has no valid sector/industry
2026-03-31 20:29:19,665 [WARNING] Ticker TOK has no valid sector/industry
2026-03-31 20:29:19,665 [WARNING] Ticker TOKE has no valid sector/industry
2026-03-31 20:29:19,665 [WARNING] Ticker TOLL has no valid sector/industry
2026-03-31 20:29:19,665 [WARNING] Ticker TOLZ has no valid sector/industry
2026-03-31 20:29:19,665 [WARNING] Ticker TOPC has no valid sector/industry
2026-03-31 20:29:19,665 [WARNING] Ticker TOPT has no valid sector/industry
2026-03-31 20:29:19,665 [WARNING] Ticker TOPW has no valid sector/industry
2026-03-31 20:29:19,665 [WARNING] Ticker TOS has no valid sector/industry
2026-03-31 20:29:19,665 [WARNING] Ticker TOT has no valid sector/industry
2026-03-31 20:29:19,665 [WARNING] Ticker TOTL has no valid sector/industry
2026-03-31 20:29:19,665 [WARNING] Ticker TOTR has no valid sector/industry
2026-03-31 20:29:19,665 [WARNING] Ticker TOUS has no valid sector/industry
2026-03-31 20:29:19,665 [WARNING] Ticker TOV has no valid sector/industry
2026-03-31 20:29:19,665 [WARNING] Ticker TOXR has no valid sector/industry
2026-03-31 20:29:19,665 [WARNING] Ticker TPAY has no valid sector/industry
2026-03-31 20:29:19,665 [WARNING] Ticker TPGXL has no valid sector/industry
2026-03-31 20:29:19,665 [WARNING] Ticker TPHD has no valid sector/industry
2026-03-31 20:29:19,665 [WARNING] Ticker TPIF has no valid sector/industry
2026-03-31 20:29:19,665 [WARNING] Ticker TPLC has no valid sector/industry
2026-03-31 20:29:19,665 [WARNING] Ticker TPLS has no valid sector/industry
2026-03-31 20:29:19,665 [WARNING] Ticker TPOR has no valid sector/industry
2026-03-31 20:29:19,665 [WARNING] Ticker TPRY has no valid sector/industry
2026-03-31 20:29:19,666 [WARNING] Ticker TPSC has no valid sector/industry
2026-03-31 20:29:19,666 [WARNING] Ticker TPTA has no valid sector/industry
2026-03-31 20:29:19,666 [WARNING] Ticker TPYP has no valid sector/industry
2026-03-31 20:29:19,666 [WARNING] Ticker TPZ has no valid sector/industry
2026-03-31 20:29:19,666 [WARNING] Ticker TQQQ has no valid sector/industry
2026-03-31 20:29:19,666 [WARNING] Ticker TQQY has no valid sector/industry
2026-03-31 20:29:19,675 [INFO] Batch 5/13 - Resolved: 0 | Unresolved: 100
2026-03-31 20:29:25,952 [INFO] Batch API response type: <class 'dict'>
2026-03-31 20:29:25,952 [WARNING] Ticker TRBF has no valid sector/industry
2026-03-31 20:29:25,952 [WARNING] Ticker TRFK has no valid sector/industry
2026-03-31 20:29:25,952 [WARNING] Ticker TRFM has no valid sector/industry
2026-03-31 20:29:25,952 [WARNING] Ticker TRGSU has no valid sector/industry
2026-03-31 20:29:25,952 [WARNING] Ticker TRINI has no valid sector/industry
2026-03-31 20:29:25,953 [WARNING] Ticker TRINZ has no valid sector/industry
2026-03-31 20:29:25,953 [WARNING] Ticker TRIO has no valid sector/industry
2026-03-31 20:29:25,953 [WARNING] Ticker TRND has no valid sector/industry
2026-03-31 20:29:25,953 [WARNING] Ticker TROT has no valid sector/industry
2026-03-31 20:29:25,953 [WARNING] Ticker TRPA has no valid sector/industry
2026-03-31 20:29:25,953 [WARNING] Ticker TRSY has no valid sector/industry
2026-03-31 20:29:25,953 [WARNING] Ticker TRTY has no valid sector/industry
2026-03-31 20:29:25,953 [WARNING] Ticker TRUC has no valid sector/industry
2026-03-31 20:29:25,953 [WARNING] Ticker TRUD has no valid sector/industry
2026-03-31 20:29:25,953 [WARNING] Ticker TRUT has no valid sector/industry
2026-03-31 20:29:25,953 [WARNING] Ticker TSCM has no valid sector/industry
2026-03-31 20:29:25,953 [WARNING] Ticker TSCV has no valid sector/industry
2026-03-31 20:29:25,953 [WARNING] Ticker TSDD has no valid sector/industry
2026-03-31 20:29:25,953 [WARNING] Ticker TSEC has no valid sector/industry
2026-03-31 20:29:25,953 [WARNING] Ticker TSEL has no valid sector/industry
2026-03-31 20:29:25,953 [WARNING] Ticker TSEP has no valid sector/industry
2026-03-31 20:29:25,953 [WARNING] Ticker TSES has no valid sector/industry
2026-03-31 20:29:25,953 [WARNING] Ticker TSIC has no valid sector/industry
2026-03-31 20:29:25,953 [WARNING] Ticker TSII has no valid sector/industry
2026-03-31 20:29:25,953 [WARNING] Ticker TSL has no valid sector/industry
2026-03-31 20:29:25,953 [WARNING] Ticker TSLG has no valid sector/industry
2026-03-31 20:29:25,953 [WARNING] Ticker TSLI has no valid sector/industry
2026-03-31 20:29:25,953 [WARNING] Ticker TSLL has no valid sector/industry
2026-03-31 20:29:25,953 [WARNING] Ticker TSLO has no valid sector/industry
2026-03-31 20:29:25,953 [WARNING] Ticker TSLP has no valid sector/industry
2026-03-31 20:29:25,954 [WARNING] Ticker TSLQ has no valid sector/industry
2026-03-31 20:29:25,954 [WARNING] Ticker TSLR has no valid sector/industry
2026-03-31 20:29:25,954 [WARNING] Ticker TSLS has no valid sector/industry
2026-03-31 20:29:25,954 [WARNING] Ticker TSLT has no valid sector/industry
2026-03-31 20:29:25,954 [WARNING] Ticker TSLW has no valid sector/industry
2026-03-31 20:29:25,954 [WARNING] Ticker TSLY has no valid sector/industry
2026-03-31 20:29:25,954 [WARNING] Ticker TSLZ has no valid sector/industry
2026-03-31 20:29:25,954 [WARNING] Ticker TSME has no valid sector/industry
2026-03-31 20:29:25,954 [WARNING] Ticker TSMG has no valid sector/industry
2026-03-31 20:29:25,954 [WARNING] Ticker TSMU has no valid sector/industry
2026-03-31 20:29:25,954 [WARNING] Ticker TSMX has no valid sector/industry
2026-03-31 20:29:25,954 [WARNING] Ticker TSMY has no valid sector/industry
2026-03-31 20:29:25,954 [WARNING] Ticker TSMZ has no valid sector/industry
2026-03-31 20:29:25,954 [WARNING] Ticker TSNF has no valid sector/industry
2026-03-31 20:29:25,954 [WARNING] Ticker TSOL has no valid sector/industry
2026-03-31 20:29:25,954 [WARNING] Ticker TSPA has no valid sector/industry
2026-03-31 20:29:25,954 [WARNING] Ticker TSPX has no valid sector/industry
2026-03-31 20:29:25,954 [WARNING] Ticker TSPY has no valid sector/industry
2026-03-31 20:29:25,954 [WARNING] Ticker TSRS has no valid sector/industry
2026-03-31 20:29:25,954 [WARNING] Ticker TSSD has no valid sector/industry
2026-03-31 20:29:25,954 [WARNING] Ticker TSUI has no valid sector/industry
2026-03-31 20:29:25,954 [WARNING] Ticker TSXD has no valid sector/industry
2026-03-31 20:29:25,954 [WARNING] Ticker TSXU has no valid sector/industry
2026-03-31 20:29:25,954 [WARNING] Ticker TSYW has no valid sector/industry
2026-03-31 20:29:25,954 [WARNING] Ticker TSYX has no valid sector/industry
2026-03-31 20:29:25,955 [WARNING] Ticker TSYY has no valid sector/industry
2026-03-31 20:29:25,955 [WARNING] Ticker TTDU has no valid sector/industry
2026-03-31 20:29:25,955 [WARNING] Ticker TTEQ has no valid sector/industry
2026-03-31 20:29:25,955 [WARNING] Ticker TTOP has no valid sector/industry
2026-03-31 20:29:25,955 [WARNING] Ticker TTT has no valid sector/industry
2026-03-31 20:29:25,955 [WARNING] Ticker TTXD has no valid sector/industry
2026-03-31 20:29:25,955 [WARNING] Ticker TTXU has no valid sector/industry
2026-03-31 20:29:25,955 [WARNING] Ticker TUA has no valid sector/industry
2026-03-31 20:29:25,955 [WARNING] Ticker TUG has no valid sector/industry
2026-03-31 20:29:25,955 [WARNING] Ticker TUGN has no valid sector/industry
2026-03-31 20:29:25,955 [WARNING] Ticker TUR has no valid sector/industry
2026-03-31 20:29:25,955 [WARNING] Ticker TURF has no valid sector/industry
2026-03-31 20:29:25,955 [WARNING] Ticker TUSB has no valid sector/industry
2026-03-31 20:29:25,955 [WARNING] Ticker TUSI has no valid sector/industry
2026-03-31 20:29:25,955 [WARNING] Ticker TVACW has no valid sector/industry
2026-03-31 20:29:25,955 [WARNING] Ticker TVAIR has no valid sector/industry
2026-03-31 20:29:25,955 [WARNING] Ticker TVAL has no valid sector/industry
2026-03-31 20:29:25,955 [WARNING] Ticker TVC has no valid sector/industry
2026-03-31 20:29:25,955 [WARNING] Ticker TVE has no valid sector/industry
2026-03-31 20:29:25,955 [WARNING] Ticker TVGNW has no valid sector/industry
2026-03-31 20:29:25,955 [WARNING] Ticker TWLVR has no valid sector/industry
2026-03-31 20:29:25,955 [WARNING] Ticker TWM has no valid sector/industry
2026-03-31 20:29:25,955 [WARNING] Ticker TWOD has no valid sector/industry
2026-03-31 20:29:25,955 [WARNING] Ticker TWOX has no valid sector/industry
2026-03-31 20:29:25,955 [WARNING] Ticker TXBC has no valid sector/industry
2026-03-31 20:29:25,956 [WARNING] Ticker TXNU has no valid sector/industry
2026-03-31 20:29:25,956 [WARNING] Ticker TXS has no valid sector/industry
2026-03-31 20:29:25,956 [WARNING] Ticker TXUE has no valid sector/industry
2026-03-31 20:29:25,956 [WARNING] Ticker TXUG has no valid sector/industry
2026-03-31 20:29:25,956 [WARNING] Ticker TXXD has no valid sector/industry
2026-03-31 20:29:25,956 [WARNING] Ticker TXXI has no valid sector/industry
2026-03-31 20:29:25,956 [WARNING] Ticker TXXS has no valid sector/industry
2026-03-31 20:29:25,956 [WARNING] Ticker TYA has no valid sector/industry
2026-03-31 20:29:25,956 [WARNING] Ticker TYD has no valid sector/industry
2026-03-31 20:29:25,956 [WARNING] Ticker TYLD has no valid sector/industry
2026-03-31 20:29:25,956 [WARNING] Ticker TYLG has no valid sector/industry
2026-03-31 20:29:25,956 [WARNING] Ticker TYO has no valid sector/industry
2026-03-31 20:29:25,956 [WARNING] Ticker TZA has no valid sector/industry
2026-03-31 20:29:25,956 [WARNING] Ticker UAE has no valid sector/industry
2026-03-31 20:29:25,956 [WARNING] Ticker UAPR has no valid sector/industry
2026-03-31 20:29:25,956 [WARNING] Ticker UAUG has no valid sector/industry
2026-03-31 20:29:25,956 [WARNING] Ticker UBEW has no valid sector/industry
2026-03-31 20:29:25,956 [WARNING] Ticker UBND has no valid sector/industry
2026-03-31 20:29:25,956 [WARNING] Ticker UBOT has no valid sector/industry
2026-03-31 20:29:25,956 [WARNING] Ticker UBR has no valid sector/industry
2026-03-31 20:29:25,967 [INFO] Batch 6/13 - Resolved: 0 | Unresolved: 100
2026-03-31 20:29:32,656 [INFO] Batch API response type: <class 'dict'>
2026-03-31 20:29:32,656 [WARNING] Ticker UBRL has no valid sector/industry
2026-03-31 20:29:32,656 [WARNING] Ticker UBT has no valid sector/industry
2026-03-31 20:29:32,656 [WARNING] Ticker UCC has no valid sector/industry
2026-03-31 20:29:32,657 [WARNING] Ticker UCFIW has no valid sector/industry
2026-03-31 20:29:32,657 [WARNING] Ticker UCIB has no valid sector/industry
2026-03-31 20:29:32,657 [WARNING] Ticker UCO has no valid sector/industry
2026-03-31 20:29:32,657 [WARNING] Ticker UCON has no valid sector/industry
2026-03-31 20:29:32,657 [WARNING] Ticker UCRD has no valid sector/industry
2026-03-31 20:29:32,657 [WARNING] Ticker UCYB has no valid sector/industry
2026-03-31 20:29:32,657 [WARNING] Ticker UDEC has no valid sector/industry
2026-03-31 20:29:32,657 [WARNING] Ticker UDI has no valid sector/industry
2026-03-31 20:29:32,657 [WARNING] Ticker UDIV has no valid sector/industry
2026-03-31 20:29:32,657 [WARNING] Ticker UDN has no valid sector/industry
2026-03-31 20:29:32,657 [WARNING] Ticker UDOW has no valid sector/industry
2026-03-31 20:29:32,657 [WARNING] Ticker UECG has no valid sector/industry
2026-03-31 20:29:32,657 [WARNING] Ticker UEVM has no valid sector/industry
2026-03-31 20:29:32,657 [WARNING] Ticker UFEB has no valid sector/industry
2026-03-31 20:29:32,657 [WARNING] Ticker UFIV has no valid sector/industry
2026-03-31 20:29:32,657 [WARNING] Ticker UFO has no valid sector/industry
2026-03-31 20:29:32,657 [WARNING] Ticker UFOD has no valid sector/industry
2026-03-31 20:29:32,657 [WARNING] Ticker UGA has no valid sector/industry
2026-03-31 20:29:32,657 [WARNING] Ticker UGE has no valid sector/industry
2026-03-31 20:29:32,657 [WARNING] Ticker UGL has no valid sector/industry
2026-03-31 20:29:32,657 [WARNING] Ticker UHGWW has no valid sector/industry
2026-03-31 20:29:32,658 [WARNING] Ticker UITB has no valid sector/industry
2026-03-31 20:29:32,658 [WARNING] Ticker UIVM has no valid sector/industry
2026-03-31 20:29:32,658 [WARNING] Ticker UJAN has no valid sector/industry
2026-03-31 20:29:32,658 [WARNING] Ticker UJB has no valid sector/industry
2026-03-31 20:29:32,658 [WARNING] Ticker UJUL has no valid sector/industry
2026-03-31 20:29:32,658 [WARNING] Ticker UJUN has no valid sector/industry
2026-03-31 20:29:32,658 [WARNING] Ticker ULE has no valid sector/industry
2026-03-31 20:29:32,658 [WARNING] Ticker ULST has no valid sector/industry
2026-03-31 20:29:32,658 [WARNING] Ticker ULTI has no valid sector/industry
2026-03-31 20:29:32,658 [WARNING] Ticker ULTY has no valid sector/industry
2026-03-31 20:29:32,658 [WARNING] Ticker ULVM has no valid sector/industry
2026-03-31 20:29:32,658 [WARNING] Ticker UMAR has no valid sector/industry
2026-03-31 20:29:32,658 [WARNING] Ticker UMAY has no valid sector/industry
2026-03-31 20:29:32,658 [WARNING] Ticker UMDD has no valid sector/industry
2026-03-31 20:29:32,658 [WARNING] Ticker UMI has no valid sector/industry
2026-03-31 20:29:32,658 [WARNING] Ticker UMMA has no valid sector/industry
2026-03-31 20:29:32,658 [WARNING] Ticker UNG has no valid sector/industry
2026-03-31 20:29:32,658 [WARNING] Ticker UNHG has no valid sector/industry
2026-03-31 20:29:32,658 [WARNING] Ticker UNHU has no valid sector/industry
2026-03-31 20:29:32,658 [WARNING] Ticker UNHW has no valid sector/industry
2026-03-31 20:29:32,658 [WARNING] Ticker UNIY has no valid sector/industry
2026-03-31 20:29:32,658 [WARNING] Ticker UNL has no valid sector/industry
2026-03-31 20:29:32,659 [WARNING] Ticker UNMA has no valid sector/industry
2026-03-31 20:29:32,659 [WARNING] Ticker UNOV has no valid sector/industry
2026-03-31 20:29:32,659 [WARNING] Ticker UNX has no valid sector/industry
2026-03-31 20:29:32,659 [WARNING] Ticker UOCT has no valid sector/industry
2026-03-31 20:29:32,659 [WARNING] Ticker UPAR has no valid sector/industry
2026-03-31 20:29:32,659 [WARNING] Ticker UPGD has no valid sector/industry
2026-03-31 20:29:32,659 [WARNING] Ticker UPGR has no valid sector/industry
2026-03-31 20:29:32,659 [WARNING] Ticker UPRO has no valid sector/industry
2026-03-31 20:29:32,659 [WARNING] Ticker UPSD has no valid sector/industry
2026-03-31 20:29:32,659 [WARNING] Ticker UPSG has no valid sector/industry
2026-03-31 20:29:32,659 [WARNING] Ticker UPSX has no valid sector/industry
2026-03-31 20:29:32,659 [WARNING] Ticker UPV has no valid sector/industry
2026-03-31 20:29:32,659 [WARNING] Ticker UPW has no valid sector/industry
2026-03-31 20:29:32,659 [WARNING] Ticker URA has no valid sector/industry
2026-03-31 20:29:32,659 [WARNING] Ticker URAA has no valid sector/industry
2026-03-31 20:29:32,659 [WARNING] Ticker URAN has no valid sector/industry
2026-03-31 20:29:32,659 [WARNING] Ticker URE has no valid sector/industry
2026-03-31 20:29:32,659 [WARNING] Ticker URNJ has no valid sector/industry
2026-03-31 20:29:32,659 [WARNING] Ticker URNM has no valid sector/industry
2026-03-31 20:29:32,659 [WARNING] Ticker URSP has no valid sector/industry
2026-03-31 20:29:32,659 [WARNING] Ticker URTH has no valid sector/industry
2026-03-31 20:29:32,659 [WARNING] Ticker URTY has no valid sector/industry
2026-03-31 20:29:32,659 [WARNING] Ticker USAF has no valid sector/industry
2026-03-31 20:29:32,660 [WARNING] Ticker USAI has no valid sector/industry
2026-03-31 20:29:32,660 [WARNING] Ticker USAX has no valid sector/industry
2026-03-31 20:29:32,660 [WARNING] Ticker USCA has no valid sector/industry
2026-03-31 20:29:32,660 [WARNING] Ticker USCI has no valid sector/industry
2026-03-31 20:29:32,660 [WARNING] Ticker USCL has no valid sector/industry
2026-03-31 20:29:32,660 [WARNING] Ticker USD has no valid sector/industry
2026-03-31 20:29:32,660 [WARNING] Ticker USDU has no valid sector/industry
2026-03-31 20:29:32,660 [WARNING] Ticker USDX has no valid sector/industry
2026-03-31 20:29:32,660 [WARNING] Ticker USE has no valid sector/industry
2026-03-31 20:29:32,660 [WARNING] Ticker USEP has no valid sector/industry
2026-03-31 20:29:32,660 [WARNING] Ticker USEW has no valid sector/industry
2026-03-31 20:29:32,660 [WARNING] Ticker USFE has no valid sector/industry
2026-03-31 20:29:32,660 [WARNING] Ticker USFI has no valid sector/industry
2026-03-31 20:29:32,660 [WARNING] Ticker USFR has no valid sector/industry
2026-03-31 20:29:32,660 [WARNING] Ticker USG has no valid sector/industry
2026-03-31 20:29:32,660 [WARNING] Ticker USGG has no valid sector/industry
2026-03-31 20:29:32,660 [WARNING] Ticker USGOW has no valid sector/industry
2026-03-31 20:29:32,660 [WARNING] Ticker USHY has no valid sector/industry
2026-03-31 20:29:32,660 [WARNING] Ticker USIG has no valid sector/industry
2026-03-31 20:29:32,660 [WARNING] Ticker USIN has no valid sector/industry
2026-03-31 20:29:32,660 [WARNING] Ticker USL has no valid sector/industry
2026-03-31 20:29:32,660 [WARNING] Ticker USLN has no valid sector/industry
2026-03-31 20:29:32,661 [WARNING] Ticker USMC has no valid sector/industry
2026-03-31 20:29:32,661 [WARNING] Ticker USMD has no valid sector/industry
2026-03-31 20:29:32,661 [WARNING] Ticker USMF has no valid sector/industry
2026-03-31 20:29:32,661 [WARNING] Ticker USML has no valid sector/industry
2026-03-31 20:29:32,661 [WARNING] Ticker USMV has no valid sector/industry
2026-03-31 20:29:32,661 [WARNING] Ticker USNG has no valid sector/industry
2026-03-31 20:29:32,661 [WARNING] Ticker USNZ has no valid sector/industry
2026-03-31 20:29:32,661 [WARNING] Ticker USO has no valid sector/industry
2026-03-31 20:29:32,661 [WARNING] Ticker USOI has no valid sector/industry
2026-03-31 20:29:32,672 [INFO] Batch 7/13 - Resolved: 0 | Unresolved: 100
2026-03-31 20:29:37,604 [INFO] Batch API response type: <class 'dict'>
2026-03-31 20:29:37,605 [WARNING] Ticker USOY has no valid sector/industry
2026-03-31 20:29:37,605 [WARNING] Ticker USPX has no valid sector/industry
2026-03-31 20:29:37,605 [WARNING] Ticker USRD has no valid sector/industry
2026-03-31 20:29:37,605 [WARNING] Ticker USRT has no valid sector/industry
2026-03-31 20:29:37,605 [WARNING] Ticker USSE has no valid sector/industry
2026-03-31 20:29:37,605 [WARNING] Ticker USSG has no valid sector/industry
2026-03-31 20:29:37,605 [WARNING] Ticker USSH has no valid sector/industry
2026-03-31 20:29:37,605 [WARNING] Ticker UST has no valid sector/industry
2026-03-31 20:29:37,605 [WARNING] Ticker USTB has no valid sector/industry
2026-03-31 20:29:37,605 [WARNING] Ticker USVM has no valid sector/industry
2026-03-31 20:29:37,605 [WARNING] Ticker USVN has no valid sector/industry
2026-03-31 20:29:37,605 [WARNING] Ticker USXF has no valid sector/industry
2026-03-31 20:29:37,605 [WARNING] Ticker UTEN has no valid sector/industry
2026-03-31 20:29:37,605 [WARNING] Ticker UTES has no valid sector/industry
2026-03-31 20:29:37,605 [WARNING] Ticker UTHY has no valid sector/industry
2026-03-31 20:29:37,605 [WARNING] Ticker UTRE has no valid sector/industry
2026-03-31 20:29:37,606 [WARNING] Ticker UTSL has no valid sector/industry
2026-03-31 20:29:37,606 [WARNING] Ticker UTWO has no valid sector/industry
2026-03-31 20:29:37,606 [WARNING] Ticker UTWY has no valid sector/industry
2026-03-31 20:29:37,606 [WARNING] Ticker UUP has no valid sector/industry
2026-03-31 20:29:37,606 [WARNING] Ticker UUUG has no valid sector/industry
2026-03-31 20:29:37,606 [WARNING] Ticker UVIX has no valid sector/industry
2026-03-31 20:29:37,606 [WARNING] Ticker UVXY has no valid sector/industry
2026-03-31 20:29:37,606 [WARNING] Ticker UWM has no valid sector/industry
2026-03-31 20:29:37,606 [WARNING] Ticker UX has no valid sector/industry
2026-03-31 20:29:37,606 [WARNING] Ticker UXAP has no valid sector/industry
2026-03-31 20:29:37,606 [WARNING] Ticker UXI has no valid sector/industry
2026-03-31 20:29:37,606 [WARNING] Ticker UXJA has no valid sector/industry
2026-03-31 20:29:37,606 [WARNING] Ticker UXJL has no valid sector/industry
2026-03-31 20:29:37,606 [WARNING] Ticker UXOC has no valid sector/industry
2026-03-31 20:29:37,606 [WARNING] Ticker UXRP has no valid sector/industry
2026-03-31 20:29:37,606 [WARNING] Ticker UYG has no valid sector/industry
2026-03-31 20:29:37,606 [WARNING] Ticker UYLD has no valid sector/industry
2026-03-31 20:29:37,606 [WARNING] Ticker UYM has no valid sector/industry
2026-03-31 20:29:37,606 [WARNING] Ticker UYSCR has no valid sector/industry
2026-03-31 20:29:37,606 [WARNING] Ticker UZD has no valid sector/industry
2026-03-31 20:29:37,606 [WARNING] Ticker UZE has no valid sector/industry
2026-03-31 20:29:37,606 [WARNING] Ticker UZF has no valid sector/industry
2026-03-31 20:29:37,606 [WARNING] Ticker VABS has no valid sector/industry
2026-03-31 20:29:37,606 [WARNING] Ticker VACHW has no valid sector/industry
2026-03-31 20:29:37,607 [WARNING] Ticker VALG has no valid sector/industry
2026-03-31 20:29:37,607 [WARNING] Ticker VALQ has no valid sector/industry
2026-03-31 20:29:37,607 [WARNING] Ticker VAMO has no valid sector/industry
2026-03-31 20:29:37,607 [WARNING] Ticker VAVX has no valid sector/industry
2026-03-31 20:29:37,607 [WARNING] Ticker VAW has no valid sector/industry
2026-03-31 20:29:37,607 [WARNING] Ticker VB has no valid sector/industry
2026-03-31 20:29:37,607 [WARNING] Ticker VBCA has no valid sector/industry
2026-03-31 20:29:37,607 [WARNING] Ticker VBCB has no valid sector/industry
2026-03-31 20:29:37,607 [WARNING] Ticker VBCC has no valid sector/industry
2026-03-31 20:29:37,607 [WARNING] Ticker VBCD has no valid sector/industry
2026-03-31 20:29:37,607 [WARNING] Ticker VBCE has no valid sector/industry
2026-03-31 20:29:37,607 [WARNING] Ticker VBCF has no valid sector/industry
2026-03-31 20:29:37,607 [WARNING] Ticker VBCG has no valid sector/industry
2026-03-31 20:29:37,607 [WARNING] Ticker VBCH has no valid sector/industry
2026-03-31 20:29:37,607 [WARNING] Ticker VBCI has no valid sector/industry
2026-03-31 20:29:37,607 [WARNING] Ticker VBCJ has no valid sector/industry
2026-03-31 20:29:37,607 [WARNING] Ticker VBIL has no valid sector/industry
2026-03-31 20:29:37,607 [WARNING] Ticker VBK has no valid sector/industry
2026-03-31 20:29:37,607 [WARNING] Ticker VBND has no valid sector/industry
2026-03-31 20:29:37,607 [WARNING] Ticker VBR has no valid sector/industry
2026-03-31 20:29:37,607 [WARNING] Ticker VCEB has no valid sector/industry
2026-03-31 20:29:37,607 [WARNING] Ticker VCICW has no valid sector/industry
2026-03-31 20:29:37,607 [WARNING] Ticker VCIT has no valid sector/industry
2026-03-31 20:29:37,607 [WARNING] Ticker VCLN has no valid sector/industry
2026-03-31 20:29:37,607 [WARNING] Ticker VCLT has no valid sector/industry
2026-03-31 20:29:37,608 [WARNING] Ticker VCOB has no valid sector/industry
2026-03-31 20:29:37,608 [WARNING] Ticker VCR has no valid sector/industry
2026-03-31 20:29:37,608 [WARNING] Ticker VCRB has no valid sector/industry
2026-03-31 20:29:37,608 [WARNING] Ticker VCRM has no valid sector/industry
2026-03-31 20:29:37,608 [WARNING] Ticker VCSH has no valid sector/industry
2026-03-31 20:29:37,608 [WARNING] Ticker VCX has no valid sector/industry
2026-03-31 20:29:37,608 [WARNING] Ticker VDC has no valid sector/industry
2026-03-31 20:29:37,608 [WARNING] Ticker VDE has no valid sector/industry
2026-03-31 20:29:37,608 [WARNING] Ticker VDI has no valid sector/industry
2026-03-31 20:29:37,608 [WARNING] Ticker VDIG has no valid sector/industry
2026-03-31 20:29:37,608 [WARNING] Ticker VEA has no valid sector/industry
2026-03-31 20:29:37,608 [WARNING] Ticker VEEAW has no valid sector/industry
2026-03-31 20:29:37,608 [WARNING] Ticker VEGA has no valid sector/industry
2026-03-31 20:29:37,608 [WARNING] Ticker VEGI has no valid sector/industry
2026-03-31 20:29:37,608 [WARNING] Ticker VEGN has no valid sector/industry
2026-03-31 20:29:37,608 [WARNING] Ticker VEM has no valid sector/industry
2026-03-31 20:29:37,608 [WARNING] Ticker VEMY has no valid sector/industry
2026-03-31 20:29:37,608 [WARNING] Ticker VERS has no valid sector/industry
2026-03-31 20:29:37,608 [WARNING] Ticker VETZ has no valid sector/industry
2026-03-31 20:29:37,608 [WARNING] Ticker VEU has no valid sector/industry
2026-03-31 20:29:37,608 [WARNING] Ticker VEXC has no valid sector/industry
2026-03-31 20:29:37,608 [WARNING] Ticker VFH has no valid sector/industry
2026-03-31 20:29:37,608 [WARNING] Ticker VFLO has no valid sector/industry
2026-03-31 20:29:37,608 [WARNING] Ticker VFMF has no valid sector/industry
2026-03-31 20:29:37,608 [WARNING] Ticker VFMO has no valid sector/industry
2026-03-31 20:29:37,608 [WARNING] Ticker VFMV has no valid sector/industry
2026-03-31 20:29:37,609 [WARNING] Ticker VFQY has no valid sector/industry
2026-03-31 20:29:37,609 [WARNING] Ticker VFSWW has no valid sector/industry
2026-03-31 20:29:37,609 [WARNING] Ticker VFVA has no valid sector/industry
2026-03-31 20:29:37,609 [WARNING] Ticker VGASW has no valid sector/industry
2026-03-31 20:29:37,609 [WARNING] Ticker VGHY has no valid sector/industry
2026-03-31 20:29:37,609 [WARNING] Ticker VGIT has no valid sector/industry
2026-03-31 20:29:37,609 [WARNING] Ticker VGK has no valid sector/industry
2026-03-31 20:29:37,609 [WARNING] Ticker VGLT has no valid sector/industry
2026-03-31 20:29:37,609 [WARNING] Ticker VGMS has no valid sector/industry
2026-03-31 20:29:37,618 [INFO] Batch 8/13 - Resolved: 0 | Unresolved: 100
2026-03-31 20:29:43,133 [INFO] Batch API response type: <class 'dict'>
2026-03-31 20:29:43,134 [WARNING] Ticker VGRO has no valid sector/industry
2026-03-31 20:29:43,134 [WARNING] Ticker VGSH has no valid sector/industry
2026-03-31 20:29:43,134 [WARNING] Ticker VGSR has no valid sector/industry
2026-03-31 20:29:43,134 [WARNING] Ticker VGT has no valid sector/industry
2026-03-31 20:29:43,134 [WARNING] Ticker VGUS has no valid sector/industry
2026-03-31 20:29:43,134 [WARNING] Ticker VGVT has no valid sector/industry
2026-03-31 20:29:43,134 [WARNING] Ticker VHCP has no valid sector/industry
2026-03-31 20:29:43,134 [WARNING] Ticker VHCPW has no valid sector/industry
2026-03-31 20:29:43,134 [WARNING] Ticker VHT has no valid sector/industry
2026-03-31 20:29:43,134 [WARNING] Ticker VICE has no valid sector/industry
2026-03-31 20:29:43,134 [WARNING] Ticker VIDI has no valid sector/industry
2026-03-31 20:29:43,134 [WARNING] Ticker VIG has no valid sector/industry
2026-03-31 20:29:43,134 [WARNING] Ticker VIGI has no valid sector/industry
2026-03-31 20:29:43,134 [WARNING] Ticker VIOG has no valid sector/industry
2026-03-31 20:29:43,134 [WARNING] Ticker VIOO has no valid sector/industry
2026-03-31 20:29:43,134 [WARNING] Ticker VIOV has no valid sector/industry
2026-03-31 20:29:43,134 [WARNING] Ticker VIS has no valid sector/industry
2026-03-31 20:29:43,134 [WARNING] Ticker VIVO has no valid sector/industry
2026-03-31 20:29:43,134 [WARNING] Ticker VIXM has no valid sector/industry
2026-03-31 20:29:43,134 [WARNING] Ticker VIXY has no valid sector/industry
2026-03-31 20:29:43,134 [WARNING] Ticker VLLU has no valid sector/industry
2026-03-31 20:29:43,135 [WARNING] Ticker VLU has no valid sector/industry
2026-03-31 20:29:43,135 [WARNING] Ticker VLUE has no valid sector/industry
2026-03-31 20:29:43,135 [WARNING] Ticker VMAX has no valid sector/industry
2026-03-31 20:29:43,135 [WARNING] Ticker VMBS has no valid sector/industry
2026-03-31 20:29:43,135 [WARNING] Ticker VMSB has no valid sector/industry
2026-03-31 20:29:43,135 [WARNING] Ticker VNAM has no valid sector/industry
2026-03-31 20:29:43,135 [WARNING] Ticker VNIE has no valid sector/industry
2026-03-31 20:29:43,135 [WARNING] Ticker VNLA has no valid sector/industry
2026-03-31 20:29:43,135 [WARNING] Ticker VNM has no valid sector/industry
2026-03-31 20:29:43,135 [WARNING] Ticker VNMEW has no valid sector/industry
2026-03-31 20:29:43,135 [WARNING] Ticker VNQ has no valid sector/industry
2026-03-31 20:29:43,135 [WARNING] Ticker VNQI has no valid sector/industry
2026-03-31 20:29:43,135 [WARNING] Ticker VNSE has no valid sector/industry
2026-03-31 20:29:43,135 [WARNING] Ticker VO has no valid sector/industry
2026-03-31 20:29:43,135 [WARNING] Ticker VOE has no valid sector/industry
2026-03-31 20:29:43,135 [WARNING] Ticker VOLT has no valid sector/industry
2026-03-31 20:29:43,135 [WARNING] Ticker VONE has no valid sector/industry
2026-03-31 20:29:43,135 [WARNING] Ticker VONG has no valid sector/industry
2026-03-31 20:29:43,135 [WARNING] Ticker VONV has no valid sector/industry
2026-03-31 20:29:43,135 [WARNING] Ticker VOO has no valid sector/industry
2026-03-31 20:29:43,135 [WARNING] Ticker VOOG has no valid sector/industry
2026-03-31 20:29:43,135 [WARNING] Ticker VOOV has no valid sector/industry
2026-03-31 20:29:43,135 [WARNING] Ticker VOT has no valid sector/industry
2026-03-31 20:29:43,135 [WARNING] Ticker VOTE has no valid sector/industry
2026-03-31 20:29:43,135 [WARNING] Ticker VOX has no valid sector/industry
2026-03-31 20:29:43,135 [WARNING] Ticker VOXP has no valid sector/industry
2026-03-31 20:29:43,136 [WARNING] Ticker VOYX has no valid sector/industry
2026-03-31 20:29:43,136 [WARNING] Ticker VPC has no valid sector/industry
2026-03-31 20:29:43,136 [WARNING] Ticker VPL has no valid sector/industry
2026-03-31 20:29:43,136 [WARNING] Ticker VPLS has no valid sector/industry
2026-03-31 20:29:43,136 [WARNING] Ticker VPU has no valid sector/industry
2026-03-31 20:29:43,136 [WARNING] Ticker VPX has no valid sector/industry
2026-03-31 20:29:43,136 [WARNING] Ticker VRAI has no valid sector/industry
2026-03-31 20:29:43,136 [WARNING] Ticker VRIG has no valid sector/industry
2026-03-31 20:29:43,136 [WARNING] Ticker VRP has no valid sector/industry
2026-03-31 20:29:43,136 [WARNING] Ticker VRTL has no valid sector/industry
2026-03-31 20:29:43,136 [WARNING] Ticker VSDA has no valid sector/industry
2026-03-31 20:29:43,136 [WARNING] Ticker VSDB has no valid sector/industry
2026-03-31 20:29:43,136 [WARNING] Ticker VSDM has no valid sector/industry
2026-03-31 20:29:43,136 [WARNING] Ticker VSEEW has no valid sector/industry
2026-03-31 20:29:43,136 [WARNING] Ticker VSGX has no valid sector/industry
2026-03-31 20:29:43,136 [WARNING] Ticker VSHY has no valid sector/industry
2026-03-31 20:29:43,136 [WARNING] Ticker VSLU has no valid sector/industry
2026-03-31 20:29:43,136 [WARNING] Ticker VSMV has no valid sector/industry
2026-03-31 20:29:43,136 [WARNING] Ticker VSOL has no valid sector/industry
2026-03-31 20:29:43,136 [WARNING] Ticker VSS has no valid sector/industry
2026-03-31 20:29:43,136 [WARNING] Ticker VSTL has no valid sector/industry
2026-03-31 20:29:43,136 [WARNING] Ticker VT has no valid sector/industry
2026-03-31 20:29:43,136 [WARNING] Ticker VTC has no valid sector/industry
2026-03-31 20:29:43,136 [WARNING] Ticker VTEB has no valid sector/industry
2026-03-31 20:29:43,136 [WARNING] Ticker VTEC has no valid sector/industry
2026-03-31 20:29:43,136 [WARNING] Ticker VTEI has no valid sector/industry
2026-03-31 20:29:43,137 [WARNING] Ticker VTEL has no valid sector/industry
2026-03-31 20:29:43,137 [WARNING] Ticker VTES has no valid sector/industry
2026-03-31 20:29:43,137 [WARNING] Ticker VTG has no valid sector/industry
2026-03-31 20:29:43,137 [WARNING] Ticker VTHR has no valid sector/industry
2026-03-31 20:29:43,137 [WARNING] Ticker VTI has no valid sector/industry
2026-03-31 20:29:43,137 [WARNING] Ticker VTIP has no valid sector/industry
2026-03-31 20:29:43,137 [WARNING] Ticker VTP has no valid sector/industry
2026-03-31 20:29:43,137 [WARNING] Ticker VTV has no valid sector/industry
2026-03-31 20:29:43,137 [WARNING] Ticker VTWG has no valid sector/industry
2026-03-31 20:29:43,137 [WARNING] Ticker VTWO has no valid sector/industry
2026-03-31 20:29:43,137 [WARNING] Ticker VTWV has no valid sector/industry
2026-03-31 20:29:43,137 [WARNING] Ticker VUG has no valid sector/industry
2026-03-31 20:29:43,137 [WARNING] Ticker VUS has no valid sector/industry
2026-03-31 20:29:43,137 [WARNING] Ticker VUSB has no valid sector/industry
2026-03-31 20:29:43,137 [WARNING] Ticker VUSE has no valid sector/industry
2026-03-31 20:29:43,137 [WARNING] Ticker VUSG has no valid sector/industry
2026-03-31 20:29:43,137 [WARNING] Ticker VUSI has no valid sector/industry
2026-03-31 20:29:43,137 [WARNING] Ticker VUSV has no valid sector/industry
2026-03-31 20:29:43,137 [WARNING] Ticker VV has no valid sector/industry
2026-03-31 20:29:43,137 [WARNING] Ticker VWAVW has no valid sector/industry
2026-03-31 20:29:43,137 [WARNING] Ticker VWID has no valid sector/industry
2026-03-31 20:29:43,137 [WARNING] Ticker VWO has no valid sector/industry
2026-03-31 20:29:43,137 [WARNING] Ticker VWOB has no valid sector/industry
2026-03-31 20:29:43,137 [WARNING] Ticker VXF has no valid sector/industry
2026-03-31 20:29:43,137 [WARNING] Ticker VXUS has no valid sector/industry
2026-03-31 20:29:43,138 [WARNING] Ticker VXX has no valid sector/industry
2026-03-31 20:29:43,138 [WARNING] Ticker VXZ has no valid sector/industry
2026-03-31 20:29:43,148 [INFO] Batch 9/13 - Resolved: 0 | Unresolved: 100
2026-03-31 20:29:48,932 [INFO] Batch API response type: <class 'dict'>
2026-03-31 20:29:48,933 [WARNING] Ticker VYLD has no valid sector/industry
2026-03-31 20:29:48,933 [WARNING] Ticker VYM has no valid sector/industry
2026-03-31 20:29:48,933 [WARNING] Ticker VYMI has no valid sector/industry
2026-03-31 20:29:48,933 [WARNING] Ticker WABF has no valid sector/industry
2026-03-31 20:29:48,933 [WARNING] Ticker WAGN has no valid sector/industry
2026-03-31 20:29:48,933 [WARNING] Ticker WALDW has no valid sector/industry
2026-03-31 20:29:48,933 [WARNING] Ticker WAMA has no valid sector/industry
2026-03-31 20:29:48,933 [WARNING] Ticker WANT has no valid sector/industry
2026-03-31 20:29:48,933 [WARNING] Ticker WAR has no valid sector/industry
2026-03-31 20:29:48,933 [WARNING] Ticker WBIF has no valid sector/industry
2026-03-31 20:29:48,933 [WARNING] Ticker WBIG has no valid sector/industry
2026-03-31 20:29:48,933 [WARNING] Ticker WBIL has no valid sector/industry
2026-03-31 20:29:48,933 [WARNING] Ticker WBIY has no valid sector/industry
2026-03-31 20:29:48,933 [WARNING] Ticker WCAP has no valid sector/industry
2026-03-31 20:29:48,933 [WARNING] Ticker WCBR has no valid sector/industry
2026-03-31 20:29:48,933 [WARNING] Ticker WCEO has no valid sector/industry
2026-03-31 20:29:48,933 [WARNING] Ticker WCLD has no valid sector/industry
2026-03-31 20:29:48,934 [WARNING] Ticker WCME has no valid sector/industry
2026-03-31 20:29:48,934 [WARNING] Ticker WCMI has no valid sector/industry
2026-03-31 20:29:48,934 [WARNING] Ticker WCPB has no valid sector/industry
2026-03-31 20:29:48,934 [WARNING] Ticker WDAF has no valid sector/industry
2026-03-31 20:29:48,934 [WARNING] Ticker WDCX has no valid sector/industry
2026-03-31 20:29:48,934 [WARNING] Ticker WDEF has no valid sector/industry
2026-03-31 20:29:48,934 [WARNING] Ticker WDGF has no valid sector/industry
2026-03-31 20:29:48,934 [WARNING] Ticker WDIV has no valid sector/industry
2026-03-31 20:29:48,934 [WARNING] Ticker WDNA has no valid sector/industry
2026-03-31 20:29:48,934 [WARNING] Ticker WDTE has no valid sector/industry
2026-03-31 20:29:48,934 [WARNING] Ticker WEAT has no valid sector/industry
2026-03-31 20:29:48,934 [WARNING] Ticker WEBL has no valid sector/industry
2026-03-31 20:29:48,934 [WARNING] Ticker WEBS has no valid sector/industry
2026-03-31 20:29:48,934 [WARNING] Ticker WEED has no valid sector/industry
2026-03-31 20:29:48,934 [WARNING] Ticker WEEI has no valid sector/industry
2026-03-31 20:29:48,934 [WARNING] Ticker WEEK has no valid sector/industry
2026-03-31 20:29:48,934 [WARNING] Ticker WEEL has no valid sector/industry
2026-03-31 20:29:48,934 [WARNING] Ticker WENNW has no valid sector/industry
2026-03-31 20:29:48,934 [WARNING] Ticker WEPN has no valid sector/industry
2026-03-31 20:29:48,934 [WARNING] Ticker WGMI has no valid sector/industry
2026-03-31 20:29:48,934 [WARNING] Ticker WGSWW has no valid sector/industry
2026-03-31 20:29:48,934 [WARNING] Ticker WHFCL has no valid sector/industry
2026-03-31 20:29:48,934 [WARNING] Ticker WHLRL has no valid sector/industry
2026-03-31 20:29:48,935 [WARNING] Ticker WIMA has no valid sector/industry
2026-03-31 20:29:48,935 [WARNING] Ticker WINN has no valid sector/industry
2026-03-31 20:29:48,935 [WARNING] Ticker WIP has no valid sector/industry
2026-03-31 20:29:48,935 [WARNING] Ticker WISD has no valid sector/industry
2026-03-31 20:29:48,935 [WARNING] Ticker WISE has no valid sector/industry
2026-03-31 20:29:48,935 [WARNING] Ticker WLACW has no valid sector/industry
2026-03-31 20:29:48,935 [WARNING] Ticker WLDR has no valid sector/industry
2026-03-31 20:29:48,935 [WARNING] Ticker WLDSW has no valid sector/industry
2026-03-31 20:29:48,935 [WARNING] Ticker WLDU has no valid sector/industry
2026-03-31 20:29:48,935 [WARNING] Ticker WLTG has no valid sector/industry
2026-03-31 20:29:48,935 [WARNING] Ticker WMSB has no valid sector/industry
2026-03-31 20:29:48,935 [WARNING] Ticker WMTI has no valid sector/industry
2026-03-31 20:29:48,935 [WARNING] Ticker WNTR has no valid sector/industry
2026-03-31 20:29:48,935 [WARNING] Ticker WOMN has no valid sector/industry
2026-03-31 20:29:48,935 [WARNING] Ticker WOOD has no valid sector/industry
2026-03-31 20:29:48,935 [WARNING] Ticker WQTM has no valid sector/industry
2026-03-31 20:29:48,935 [WARNING] Ticker WRND has no valid sector/industry
2026-03-31 20:29:48,935 [WARNING] Ticker WSGE has no valid sector/industry
2026-03-31 20:29:48,935 [WARNING] Ticker WSML has no valid sector/industry
2026-03-31 20:29:48,935 [WARNING] Ticker WSTNR has no valid sector/industry
2026-03-31 20:29:48,935 [WARNING] Ticker WTAI has no valid sector/industry
2026-03-31 20:29:48,935 [WARNING] Ticker WTBN has no valid sector/industry
2026-03-31 20:29:48,935 [WARNING] Ticker WTGUR has no valid sector/industry
2026-03-31 20:29:48,936 [WARNING] Ticker WTIB has no valid sector/industry
2026-03-31 20:29:48,936 [WARNING] Ticker WTID has no valid sector/industry
2026-03-31 20:29:48,936 [WARNING] Ticker WTIP has no valid sector/industry
2026-03-31 20:29:48,936 [WARNING] Ticker WTIU has no valid sector/industry
2026-03-31 20:29:48,936 [WARNING] Ticker WTLS has no valid sector/industry
2026-03-31 20:29:48,936 [WARNING] Ticker WTMF has no valid sector/industry
2026-03-31 20:29:48,936 [WARNING] Ticker WTMU has no valid sector/industry
2026-03-31 20:29:48,936 [WARNING] Ticker WTMY has no valid sector/industry
2026-03-31 20:29:48,936 [WARNING] Ticker WTPI has no valid sector/industry
2026-03-31 20:29:48,936 [WARNING] Ticker WTRE has no valid sector/industry
2026-03-31 20:29:48,936 [WARNING] Ticker WTV has no valid sector/industry
2026-03-31 20:29:48,936 [WARNING] Ticker WUGI has no valid sector/industry
2026-03-31 20:29:48,936 [WARNING] Ticker WULX has no valid sector/industry
2026-03-31 20:29:48,936 [WARNING] Ticker WWJD has no valid sector/industry
2026-03-31 20:29:48,936 [WARNING] Ticker WXET has no valid sector/industry
2026-03-31 20:29:48,936 [WARNING] Ticker WZRD has no valid sector/industry
2026-03-31 20:29:48,936 [WARNING] Ticker XAGG has no valid sector/industry
2026-03-31 20:29:48,936 [WARNING] Ticker XAIX has no valid sector/industry
2026-03-31 20:29:48,936 [WARNING] Ticker XAPR has no valid sector/industry
2026-03-31 20:29:48,936 [WARNING] Ticker XAR has no valid sector/industry
2026-03-31 20:29:48,936 [WARNING] Ticker XAUG has no valid sector/industry
2026-03-31 20:29:48,936 [WARNING] Ticker XB has no valid sector/industry
2026-03-31 20:29:48,937 [WARNING] Ticker XBAP has no valid sector/industry
2026-03-31 20:29:48,937 [WARNING] Ticker XBB has no valid sector/industry
2026-03-31 20:29:48,937 [WARNING] Ticker XBCI has no valid sector/industry
2026-03-31 20:29:48,937 [WARNING] Ticker XBFR has no valid sector/industry
2026-03-31 20:29:48,937 [WARNING] Ticker XBI has no valid sector/industry
2026-03-31 20:29:48,937 [WARNING] Ticker XBIL has no valid sector/industry
2026-03-31 20:29:48,937 [WARNING] Ticker XBJA has no valid sector/industry
2026-03-31 20:29:48,937 [WARNING] Ticker XBJL has no valid sector/industry
2026-03-31 20:29:48,937 [WARNING] Ticker XBOC has no valid sector/industry
2026-03-31 20:29:48,937 [WARNING] Ticker XBOX has no valid sector/industry
2026-03-31 20:29:48,937 [WARNING] Ticker XBPEW has no valid sector/industry
2026-03-31 20:29:48,937 [WARNING] Ticker XBTY has no valid sector/industry
2026-03-31 20:29:48,937 [WARNING] Ticker XC has no valid sector/industry
2026-03-31 20:29:48,937 [WARNING] Ticker XCBEW has no valid sector/industry
2026-03-31 20:29:48,937 [WARNING] Ticker XCCC has no valid sector/industry
2026-03-31 20:29:48,946 [INFO] Batch 10/13 - Resolved: 0 | Unresolved: 100
2026-03-31 20:29:53,802 [INFO] Batch API response type: <class 'dict'>
2026-03-31 20:29:53,802 [WARNING] Ticker XCEM has no valid sector/industry
2026-03-31 20:29:53,802 [WARNING] Ticker XCHG has no valid sector/industry
2026-03-31 20:29:53,802 [WARNING] Ticker XCLR has no valid sector/industry
2026-03-31 20:29:53,802 [WARNING] Ticker XCNY has no valid sector/industry
2026-03-31 20:29:53,802 [WARNING] Ticker XCOR has no valid sector/industry
2026-03-31 20:29:53,802 [WARNING] Ticker XDAT has no valid sector/industry
2026-03-31 20:29:53,802 [WARNING] Ticker XDEC has no valid sector/industry
2026-03-31 20:29:53,803 [WARNING] Ticker XDEF has no valid sector/industry
2026-03-31 20:29:53,803 [WARNING] Ticker XDIV has no valid sector/industry
2026-03-31 20:29:53,803 [WARNING] Ticker XDQQ has no valid sector/industry
2026-03-31 20:29:53,803 [WARNING] Ticker XDSQ has no valid sector/industry
2026-03-31 20:29:53,803 [WARNING] Ticker XDTE has no valid sector/industry
2026-03-31 20:29:53,803 [WARNING] Ticker XELLL has no valid sector/industry
2026-03-31 20:29:53,803 [WARNING] Ticker XEMD has no valid sector/industry
2026-03-31 20:29:53,803 [WARNING] Ticker XEML has no valid sector/industry
2026-03-31 20:29:53,803 [WARNING] Ticker XES has no valid sector/industry
2026-03-31 20:29:53,803 [WARNING] Ticker XFEB has no valid sector/industry
2026-03-31 20:29:53,803 [WARNING] Ticker XFIV has no valid sector/industry
2026-03-31 20:29:53,803 [WARNING] Ticker XFLX has no valid sector/industry
2026-03-31 20:29:53,803 [WARNING] Ticker XHB has no valid sector/industry
2026-03-31 20:29:53,803 [WARNING] Ticker XHE has no valid sector/industry
2026-03-31 20:29:53,803 [WARNING] Ticker XHLF has no valid sector/industry
2026-03-31 20:29:53,803 [WARNING] Ticker XHS has no valid sector/industry
2026-03-31 20:29:53,803 [WARNING] Ticker XHYC has no valid sector/industry
2026-03-31 20:29:53,803 [WARNING] Ticker XHYD has no valid sector/industry
2026-03-31 20:29:53,803 [WARNING] Ticker XHYE has no valid sector/industry
2026-03-31 20:29:53,803 [WARNING] Ticker XHYF has no valid sector/industry
2026-03-31 20:29:53,803 [WARNING] Ticker XHYH has no valid sector/industry
2026-03-31 20:29:53,803 [WARNING] Ticker XHYI has no valid sector/industry
2026-03-31 20:29:53,803 [WARNING] Ticker XHYT has no valid sector/industry
2026-03-31 20:29:53,804 [WARNING] Ticker XIDE has no valid sector/industry
2026-03-31 20:29:53,804 [WARNING] Ticker XIDV has no valid sector/industry
2026-03-31 20:29:53,804 [WARNING] Ticker XIJN has no valid sector/industry
2026-03-31 20:29:53,804 [WARNING] Ticker XIMR has no valid sector/industry
2026-03-31 20:29:53,804 [WARNING] Ticker XISE has no valid sector/industry
2026-03-31 20:29:53,804 [WARNING] Ticker XITK has no valid sector/industry
2026-03-31 20:29:53,804 [WARNING] Ticker XJAN has no valid sector/industry
2026-03-31 20:29:53,804 [WARNING] Ticker XJH has no valid sector/industry
2026-03-31 20:29:53,804 [WARNING] Ticker XJR has no valid sector/industry
2026-03-31 20:29:53,804 [WARNING] Ticker XJUL has no valid sector/industry
2026-03-31 20:29:53,804 [WARNING] Ticker XJUN has no valid sector/industry
2026-03-31 20:29:53,804 [WARNING] Ticker XLB has no valid sector/industry
2026-03-31 20:29:53,804 [WARNING] Ticker XLBI has no valid sector/industry
2026-03-31 20:29:53,804 [WARNING] Ticker XLC has no valid sector/industry
2026-03-31 20:29:53,804 [WARNING] Ticker XLCI has no valid sector/industry
2026-03-31 20:29:53,804 [WARNING] Ticker XLE has no valid sector/industry
2026-03-31 20:29:53,804 [WARNING] Ticker XLEI has no valid sector/industry
2026-03-31 20:29:53,804 [WARNING] Ticker XLF has no valid sector/industry
2026-03-31 20:29:53,804 [WARNING] Ticker XLFI has no valid sector/industry
2026-03-31 20:29:53,804 [WARNING] Ticker XLG has no valid sector/industry
2026-03-31 20:29:53,804 [WARNING] Ticker XLI has no valid sector/industry
2026-03-31 20:29:53,804 [WARNING] Ticker XLII has no valid sector/industry
2026-03-31 20:29:53,804 [WARNING] Ticker XLK has no valid sector/industry
2026-03-31 20:29:53,805 [WARNING] Ticker XLKI has no valid sector/industry
2026-03-31 20:29:53,805 [WARNING] Ticker XLP has no valid sector/industry
2026-03-31 20:29:53,805 [WARNING] Ticker XLRE has no valid sector/industry
2026-03-31 20:29:53,805 [WARNING] Ticker XLRI has no valid sector/industry
2026-03-31 20:29:53,805 [WARNING] Ticker XLSI has no valid sector/industry
2026-03-31 20:29:53,805 [WARNING] Ticker XLSR has no valid sector/industry
2026-03-31 20:29:53,805 [WARNING] Ticker XLU has no valid sector/industry
2026-03-31 20:29:53,805 [WARNING] Ticker XLUI has no valid sector/industry
2026-03-31 20:29:53,805 [WARNING] Ticker XLV has no valid sector/industry
2026-03-31 20:29:53,805 [WARNING] Ticker XLVI has no valid sector/industry
2026-03-31 20:29:53,805 [WARNING] Ticker XLY has no valid sector/industry
2026-03-31 20:29:53,805 [WARNING] Ticker XLYI has no valid sector/industry
2026-03-31 20:29:53,805 [WARNING] Ticker XMAG has no valid sector/industry
2026-03-31 20:29:53,805 [WARNING] Ticker XMAR has no valid sector/industry
2026-03-31 20:29:53,805 [WARNING] Ticker XMAY has no valid sector/industry
2026-03-31 20:29:53,805 [WARNING] Ticker XME has no valid sector/industry
2026-03-31 20:29:53,805 [WARNING] Ticker XMHQ has no valid sector/industry
2026-03-31 20:29:53,805 [WARNING] Ticker XMLV has no valid sector/industry
2026-03-31 20:29:53,805 [WARNING] Ticker XMMO has no valid sector/industry
2026-03-31 20:29:53,805 [WARNING] Ticker XMPT has no valid sector/industry
2026-03-31 20:29:53,805 [WARNING] Ticker XMVM has no valid sector/industry
2026-03-31 20:29:53,805 [WARNING] Ticker XNAV has no valid sector/industry
2026-03-31 20:29:53,805 [WARNING] Ticker XNOV has no valid sector/industry
2026-03-31 20:29:53,806 [WARNING] Ticker XNTK has no valid sector/industry
2026-03-31 20:29:53,806 [WARNING] Ticker XOCT has no valid sector/industry
2026-03-31 20:29:53,806 [WARNING] Ticker XOEF has no valid sector/industry
2026-03-31 20:29:53,806 [WARNING] Ticker XOEX has no valid sector/industry
2026-03-31 20:29:53,806 [WARNING] Ticker XOMO has no valid sector/industry
2026-03-31 20:29:53,806 [WARNING] Ticker XOMX has no valid sector/industry
2026-03-31 20:29:53,806 [WARNING] Ticker XOMZ has no valid sector/industry
2026-03-31 20:29:53,806 [WARNING] Ticker XONE has no valid sector/industry
2026-03-31 20:29:53,806 [WARNING] Ticker XOP has no valid sector/industry
2026-03-31 20:29:53,806 [WARNING] Ticker XOSWW has no valid sector/industry
2026-03-31 20:29:53,806 [WARNING] Ticker XOVR has no valid sector/industry
2026-03-31 20:29:53,806 [WARNING] Ticker XPAY has no valid sector/industry
2026-03-31 20:29:53,806 [WARNING] Ticker XPEG has no valid sector/industry
2026-03-31 20:29:53,806 [WARNING] Ticker XPH has no valid sector/industry
2026-03-31 20:29:53,806 [WARNING] Ticker XPND has no valid sector/industry
2026-03-31 20:29:53,806 [WARNING] Ticker XPP has no valid sector/industry
2026-03-31 20:29:53,806 [WARNING] Ticker XQQI has no valid sector/industry
2026-03-31 20:29:53,806 [WARNING] Ticker XRLX has no valid sector/industry
2026-03-31 20:29:53,806 [WARNING] Ticker XRMI has no valid sector/industry
2026-03-31 20:29:53,806 [WARNING] Ticker XRP has no valid sector/industry
2026-03-31 20:29:53,806 [WARNING] Ticker XRPC has no valid sector/industry
2026-03-31 20:29:53,806 [WARNING] Ticker XRPI has no valid sector/industry
2026-03-31 20:29:53,806 [WARNING] Ticker XRPK has no valid sector/industry
2026-03-31 20:29:53,807 [WARNING] Ticker XRPM has no valid sector/industry
2026-03-31 20:29:53,815 [INFO] Batch 11/13 - Resolved: 0 | Unresolved: 100
2026-03-31 20:30:00,467 [INFO] Batch API response type: <class 'dict'>
2026-03-31 20:30:00,468 [WARNING] Ticker XRPNW has no valid sector/industry
2026-03-31 20:30:00,468 [WARNING] Ticker XRPR has no valid sector/industry
2026-03-31 20:30:00,468 [WARNING] Ticker XRPT has no valid sector/industry
2026-03-31 20:30:00,468 [WARNING] Ticker XRPZ has no valid sector/industry
2026-03-31 20:30:00,468 [WARNING] Ticker XRT has no valid sector/industry
2026-03-31 20:30:00,468 [WARNING] Ticker XRXDW has no valid sector/industry
2026-03-31 20:30:00,468 [WARNING] Ticker XSD has no valid sector/industry
2026-03-31 20:30:00,468 [WARNING] Ticker XSEP has no valid sector/industry
2026-03-31 20:30:00,468 [WARNING] Ticker XSHD has no valid sector/industry
2026-03-31 20:30:00,468 [WARNING] Ticker XSHQ has no valid sector/industry
2026-03-31 20:30:00,468 [WARNING] Ticker XSLLW has no valid sector/industry
2026-03-31 20:30:00,468 [WARNING] Ticker XSLV has no valid sector/industry
2026-03-31 20:30:00,468 [WARNING] Ticker XSMO has no valid sector/industry
2026-03-31 20:30:00,468 [WARNING] Ticker XSOE has no valid sector/industry
2026-03-31 20:30:00,468 [WARNING] Ticker XSPI has no valid sector/industry
2026-03-31 20:30:00,468 [WARNING] Ticker XSVM has no valid sector/industry
2026-03-31 20:30:00,468 [WARNING] Ticker XSVN has no valid sector/industry
2026-03-31 20:30:00,468 [WARNING] Ticker XSW has no valid sector/industry
2026-03-31 20:30:00,468 [WARNING] Ticker XT has no valid sector/industry
2026-03-31 20:30:00,468 [WARNING] Ticker XTAP has no valid sector/industry
2026-03-31 20:30:00,468 [WARNING] Ticker XTEN has no valid sector/industry
2026-03-31 20:30:00,469 [WARNING] Ticker XTJA has no valid sector/industry
2026-03-31 20:30:00,469 [WARNING] Ticker XTJL has no valid sector/industry
2026-03-31 20:30:00,469 [WARNING] Ticker XTL has no valid sector/industry
2026-03-31 20:30:00,469 [WARNING] Ticker XTN has no valid sector/industry
2026-03-31 20:30:00,469 [WARNING] Ticker XTOC has no valid sector/industry
2026-03-31 20:30:00,469 [WARNING] Ticker XTR has no valid sector/industry
2026-03-31 20:30:00,469 [WARNING] Ticker XTRE has no valid sector/industry
2026-03-31 20:30:00,469 [WARNING] Ticker XTWO has no valid sector/industry
2026-03-31 20:30:00,469 [WARNING] Ticker XTWY has no valid sector/industry
2026-03-31 20:30:00,469 [WARNING] Ticker XUDV has no valid sector/industry
2026-03-31 20:30:00,469 [WARNING] Ticker XUSP has no valid sector/industry
2026-03-31 20:30:00,469 [WARNING] Ticker XV has no valid sector/industry
2026-03-31 20:30:00,469 [WARNING] Ticker XVOL has no valid sector/industry
2026-03-31 20:30:00,469 [WARNING] Ticker XVV has no valid sector/industry
2026-03-31 20:30:00,469 [WARNING] Ticker XXRP has no valid sector/industry
2026-03-31 20:30:00,469 [WARNING] Ticker XXV has no valid sector/industry
2026-03-31 20:30:00,469 [WARNING] Ticker XXX has no valid sector/industry
2026-03-31 20:30:00,469 [WARNING] Ticker XYLD has no valid sector/industry
2026-03-31 20:30:00,469 [WARNING] Ticker XYLG has no valid sector/industry
2026-03-31 20:30:00,469 [WARNING] Ticker XYZG has no valid sector/industry
2026-03-31 20:30:00,469 [WARNING] Ticker XYZY has no valid sector/industry
2026-03-31 20:30:00,469 [WARNING] Ticker YALL has no valid sector/industry
2026-03-31 20:30:00,470 [WARNING] Ticker YANG has no valid sector/industry
2026-03-31 20:30:00,470 [WARNING] Ticker YBIT has no valid sector/industry
2026-03-31 20:30:00,470 [WARNING] Ticker YBMN has no valid sector/industry
2026-03-31 20:30:00,470 [WARNING] Ticker YBST has no valid sector/industry
2026-03-31 20:30:00,470 [WARNING] Ticker YBTC has no valid sector/industry
2026-03-31 20:30:00,470 [WARNING] Ticker YBTY has no valid sector/industry
2026-03-31 20:30:00,470 [WARNING] Ticker YCL has no valid sector/industry
2026-03-31 20:30:00,470 [WARNING] Ticker YCS has no valid sector/industry
2026-03-31 20:30:00,470 [WARNING] Ticker YDEC has no valid sector/industry
2026-03-31 20:30:00,470 [WARNING] Ticker YDESW has no valid sector/industry
2026-03-31 20:30:00,470 [WARNING] Ticker YEAR has no valid sector/industry
2026-03-31 20:30:00,470 [WARNING] Ticker YETH has no valid sector/industry
2026-03-31 20:30:00,470 [WARNING] Ticker YFFI has no valid sector/industry
2026-03-31 20:30:00,470 [WARNING] Ticker YFYA has no valid sector/industry
2026-03-31 20:30:00,470 [WARNING] Ticker YGLD has no valid sector/industry
2026-03-31 20:30:00,470 [WARNING] Ticker YHNAR has no valid sector/industry
2026-03-31 20:30:00,470 [WARNING] Ticker YINN has no valid sector/industry
2026-03-31 20:30:00,470 [WARNING] Ticker YJUN has no valid sector/industry
2026-03-31 20:30:00,470 [WARNING] Ticker YLD has no valid sector/industry
2026-03-31 20:30:00,470 [WARNING] Ticker YLDE has no valid sector/industry
2026-03-31 20:30:00,470 [WARNING] Ticker YLDW has no valid sector/industry
2026-03-31 20:30:00,470 [WARNING] Ticker YMAG has no valid sector/industry
2026-03-31 20:30:00,471 [WARNING] Ticker YMAR has no valid sector/industry
2026-03-31 20:30:00,471 [WARNING] Ticker YMAX has no valid sector/industry
2026-03-31 20:30:00,471 [WARNING] Ticker YNOT has no valid sector/industry
2026-03-31 20:30:00,471 [WARNING] Ticker YOKE has no valid sector/industry
2026-03-31 20:30:00,471 [WARNING] Ticker YOLO has no valid sector/industry
2026-03-31 20:30:00,471 [WARNING] Ticker YQQQ has no valid sector/industry
2026-03-31 20:30:00,471 [WARNING] Ticker YSEP has no valid sector/industry
2026-03-31 20:30:00,471 [WARNING] Ticker YSPY has no valid sector/industry
2026-03-31 20:30:00,471 [WARNING] Ticker YXI has no valid sector/industry
2026-03-31 20:30:00,471 [WARNING] Ticker YYY has no valid sector/industry
2026-03-31 20:30:00,471 [WARNING] Ticker YYYM has no valid sector/industry
2026-03-31 20:30:00,471 [WARNING] Ticker ZALT has no valid sector/industry
2026-03-31 20:30:00,471 [WARNING] Ticker ZAP has no valid sector/industry
2026-03-31 20:30:00,471 [WARNING] Ticker ZAPR has no valid sector/industry
2026-03-31 20:30:00,471 [WARNING] Ticker ZAUG has no valid sector/industry
2026-03-31 20:30:00,471 [WARNING] Ticker ZCBA has no valid sector/industry
2026-03-31 20:30:00,471 [WARNING] Ticker ZCBB has no valid sector/industry
2026-03-31 20:30:00,471 [WARNING] Ticker ZCBC has no valid sector/industry
2026-03-31 20:30:00,471 [WARNING] Ticker ZCBE has no valid sector/industry
2026-03-31 20:30:00,471 [WARNING] Ticker ZCBF has no valid sector/industry
2026-03-31 20:30:00,471 [WARNING] Ticker ZCBG has no valid sector/industry
2026-03-31 20:30:00,471 [WARNING] Ticker ZDEK has no valid sector/industry
2026-03-31 20:30:00,471 [WARNING] Ticker ZECP has no valid sector/industry
2026-03-31 20:30:00,472 [WARNING] Ticker ZEOWW has no valid sector/industry
2026-03-31 20:30:00,472 [WARNING] Ticker ZETX has no valid sector/industry
2026-03-31 20:30:00,472 [WARNING] Ticker ZFEB has no valid sector/industry
2026-03-31 20:30:00,472 [WARNING] Ticker ZHDG has no valid sector/industry
2026-03-31 20:30:00,472 [WARNING] Ticker ZHOG has no valid sector/industry
2026-03-31 20:30:00,472 [WARNING] Ticker ZIG has no valid sector/industry
2026-03-31 20:30:00,472 [WARNING] Ticker ZJAN has no valid sector/industry
2026-03-31 20:30:00,472 [WARNING] Ticker ZJUL has no valid sector/industry
2026-03-31 20:30:00,472 [WARNING] Ticker ZJUN has no valid sector/industry
2026-03-31 20:30:00,472 [WARNING] Ticker ZKP has no valid sector/industry
2026-03-31 20:30:00,472 [WARNING] Ticker ZKPU has no valid sector/industry
2026-03-31 20:30:00,472 [WARNING] Ticker ZKPW has no valid sector/industry
2026-03-31 20:30:00,482 [INFO] Batch 12/13 - Resolved: 0 | Unresolved: 100
2026-03-31 20:30:05,495 [INFO] Batch API response type: <class 'dict'>
2026-03-31 20:30:05,496 [WARNING] Ticker ZMAR has no valid sector/industry
2026-03-31 20:30:05,496 [WARNING] Ticker ZMAY has no valid sector/industry
2026-03-31 20:30:05,496 [WARNING] Ticker ZMUN has no valid sector/industry
2026-03-31 20:30:05,496 [WARNING] Ticker ZNOV has no valid sector/industry
2026-03-31 20:30:05,496 [WARNING] Ticker ZOCT has no valid sector/industry
2026-03-31 20:30:05,496 [WARNING] Ticker ZOOZW has no valid sector/industry
2026-03-31 20:30:05,496 [WARNING] Ticker ZROZ has no valid sector/industry
2026-03-31 20:30:05,496 [WARNING] Ticker ZSB has no valid sector/industry
2026-03-31 20:30:05,496 [WARNING] Ticker ZSC has no valid sector/industry
2026-03-31 20:30:05,496 [WARNING] Ticker ZSEP has no valid sector/industry
2026-03-31 20:30:05,496 [WARNING] Ticker ZSL has no valid sector/industry
2026-03-31 20:30:05,496 [WARNING] Ticker ZTAX has no valid sector/industry
2026-03-31 20:30:05,496 [WARNING] Ticker ZTEN has no valid sector/industry
2026-03-31 20:30:05,496 [WARNING] Ticker ZTOP has no valid sector/industry
2026-03-31 20:30:05,496 [WARNING] Ticker ZTR has no valid sector/industry
2026-03-31 20:30:05,496 [WARNING] Ticker ZTRE has no valid sector/industry
2026-03-31 20:30:05,496 [WARNING] Ticker ZTWO has no valid sector/industry
2026-03-31 20:30:05,496 [WARNING] Ticker ZVOL has no valid sector/industry
2026-03-31 20:30:05,505 [INFO] Batch 13/13 - Resolved: 0 | Unresolved: 18
2026-03-31 20:30:05,505 [INFO] Resolved 0 tickers.
2026-03-31 20:30:05,506 [INFO] Updated unresolved_tickers.txt with 1218 remaining tickers
